[2023-06-03 13:13:25,080] INFO [ControllerEventThread controllerId=0] Starting (kafka.controller.ControllerEventManager$ControllerEventThread)
[2023-06-03 13:13:25,132] INFO [Controller id=0] 0 successfully elected as the controller. Epoch incremented to 1 and epoch zk version is now 1 (kafka.controller.KafkaController)
[2023-06-03 13:13:25,140] INFO [Controller id=0] Creating FeatureZNode at path: /feature with contents: FeatureZNode(2,Enabled,Map()) (kafka.controller.KafkaController)
[2023-06-03 13:13:25,200] INFO [Controller id=0] Registering handlers (kafka.controller.KafkaController)
[2023-06-03 13:13:25,208] INFO [Controller id=0] Deleting log dir event notifications (kafka.controller.KafkaController)
[2023-06-03 13:13:25,215] INFO [Controller id=0] Deleting isr change notifications (kafka.controller.KafkaController)
[2023-06-03 13:13:25,221] INFO [Controller id=0] Initializing controller context (kafka.controller.KafkaController)
[2023-06-03 13:13:25,255] INFO [Controller id=0] Initialized broker epochs cache: HashMap(0 -> 25) (kafka.controller.KafkaController)
[2023-06-03 13:13:25,268] DEBUG [Controller id=0] Register BrokerModifications handler for Set(0) (kafka.controller.KafkaController)
[2023-06-03 13:13:25,286] DEBUG [Channel manager on controller 0]: Controller 0 trying to connect to broker 0 (kafka.controller.ControllerChannelManager)
[2023-06-03 13:13:25,312] INFO [RequestSendThread controllerId=0] Starting (kafka.controller.RequestSendThread)
[2023-06-03 13:13:25,314] INFO [Controller id=0] Currently active brokers in the cluster: Set(0) (kafka.controller.KafkaController)
[2023-06-03 13:13:25,315] INFO [Controller id=0] Currently shutting brokers in the cluster: HashSet() (kafka.controller.KafkaController)
[2023-06-03 13:13:25,316] INFO [Controller id=0] Current list of topics in the cluster: HashSet() (kafka.controller.KafkaController)
[2023-06-03 13:13:25,316] INFO [Controller id=0] Fetching topic deletions in progress (kafka.controller.KafkaController)
[2023-06-03 13:13:25,330] INFO [Controller id=0] List of topics to be deleted:  (kafka.controller.KafkaController)
[2023-06-03 13:13:25,331] INFO [Controller id=0] List of topics ineligible for deletion:  (kafka.controller.KafkaController)
[2023-06-03 13:13:25,331] INFO [Controller id=0] Initializing topic deletion manager (kafka.controller.KafkaController)
[2023-06-03 13:13:25,332] INFO [Topic Deletion Manager 0] Initializing manager with initial deletions: Set(), initial ineligible deletions: HashSet() (kafka.controller.TopicDeletionManager)
[2023-06-03 13:13:25,334] INFO [Controller id=0] Sending update metadata request (kafka.controller.KafkaController)
[2023-06-03 13:13:25,366] INFO [ReplicaStateMachine controllerId=0] Initializing replica state (kafka.controller.ZkReplicaStateMachine)
[2023-06-03 13:13:25,368] INFO [ReplicaStateMachine controllerId=0] Triggering online replica state changes (kafka.controller.ZkReplicaStateMachine)
[2023-06-03 13:13:25,375] INFO [ReplicaStateMachine controllerId=0] Triggering offline replica state changes (kafka.controller.ZkReplicaStateMachine)
[2023-06-03 13:13:25,376] DEBUG [ReplicaStateMachine controllerId=0] Started replica state machine with initial state -> HashMap() (kafka.controller.ZkReplicaStateMachine)
[2023-06-03 13:13:25,377] INFO [PartitionStateMachine controllerId=0] Initializing partition state (kafka.controller.ZkPartitionStateMachine)
[2023-06-03 13:13:25,378] INFO [PartitionStateMachine controllerId=0] Triggering online partition state changes (kafka.controller.ZkPartitionStateMachine)
[2023-06-03 13:13:25,382] DEBUG [PartitionStateMachine controllerId=0] Started partition state machine with initial state -> HashMap() (kafka.controller.ZkPartitionStateMachine)
[2023-06-03 13:13:25,382] INFO [Controller id=0] Ready to serve as the new controller with epoch 1 (kafka.controller.KafkaController)
[2023-06-03 13:13:25,392] INFO [Controller id=0] Partitions undergoing preferred replica election:  (kafka.controller.KafkaController)
[2023-06-03 13:13:25,393] INFO [Controller id=0] Partitions that completed preferred replica election:  (kafka.controller.KafkaController)
[2023-06-03 13:13:25,393] INFO [Controller id=0] Skipping preferred replica election for partitions due to topic deletion:  (kafka.controller.KafkaController)
[2023-06-03 13:13:25,394] INFO [Controller id=0] Resuming preferred replica election for partitions:  (kafka.controller.KafkaController)
[2023-06-03 13:13:25,396] INFO [Controller id=0] Starting replica leader election (PREFERRED) for partitions  triggered by ZkTriggered (kafka.controller.KafkaController)
[2023-06-03 13:13:25,417] INFO [Controller id=0] Starting the controller scheduler (kafka.controller.KafkaController)
[2023-06-03 13:13:30,419] INFO [Controller id=0] Processing automatic preferred replica leader election (kafka.controller.KafkaController)
[2023-06-03 13:13:30,419] TRACE [Controller id=0] Checking need to trigger auto leader balancing (kafka.controller.KafkaController)
[2023-06-03 13:13:55,401] WARN [RequestSendThread controllerId=0] Controller 0's connection to broker host1.test.com:9092 (id: 0 rack: null) was unsuccessful (kafka.controller.RequestSendThread)
java.net.SocketTimeoutException: Failed to connect within 30000 ms
	at kafka.controller.RequestSendThread.brokerReady(ControllerChannelManager.scala:293)
	at kafka.controller.RequestSendThread.doWork(ControllerChannelManager.scala:245)
	at kafka.utils.ShutdownableThread.run(ShutdownableThread.scala:96)
[2023-06-03 13:14:25,634] WARN [RequestSendThread controllerId=0] Controller 0's connection to broker host1.test.com:9092 (id: 0 rack: null) was unsuccessful (kafka.controller.RequestSendThread)
java.net.SocketTimeoutException: Failed to connect within 30000 ms
	at kafka.controller.RequestSendThread.brokerReady(ControllerChannelManager.scala:293)
	at kafka.controller.RequestSendThread.doWork(ControllerChannelManager.scala:245)
	at kafka.utils.ShutdownableThread.run(ShutdownableThread.scala:96)
[2023-06-03 13:14:55,766] WARN [RequestSendThread controllerId=0] Controller 0's connection to broker host1.test.com:9092 (id: 0 rack: null) was unsuccessful (kafka.controller.RequestSendThread)
java.net.SocketTimeoutException: Failed to connect within 30000 ms
	at kafka.controller.RequestSendThread.brokerReady(ControllerChannelManager.scala:293)
	at kafka.controller.RequestSendThread.doWork(ControllerChannelManager.scala:245)
	at kafka.utils.ShutdownableThread.run(ShutdownableThread.scala:96)
[2023-06-03 13:15:00,742] INFO [Controller 1] Creating new QuorumController with clusterId S5uQBQxXSNGS35oUTXZ5rw, authorizer Optional.empty. (org.apache.kafka.controller.QuorumController)
[2023-06-03 13:15:00,748] INFO [Controller 1] Becoming the active controller at epoch 1, committed offset -1, committed epoch -1 (org.apache.kafka.controller.QuorumController)
[2023-06-03 13:15:00,753] INFO [Controller 1] The metadata log appears to be empty. Appending 1 bootstrap record(s) at metadata.version 3.4-IV0 from the binary bootstrap metadata file: /tmp/kraft-combined-logs/bootstrap.checkpoint. (org.apache.kafka.controller.QuorumController)
[2023-06-03 13:15:00,755] INFO [Controller 1] Setting metadata.version to 8 (org.apache.kafka.controller.FeatureControlManager)
[2023-06-03 13:15:01,170] ERROR [Controller 1] writeNoOpRecord: unable to start processing because of TimeoutException. (org.apache.kafka.controller.QuorumController)
[2023-06-03 13:15:25,898] WARN [RequestSendThread controllerId=0] Controller 0's connection to broker host1.test.com:9092 (id: 0 rack: null) was unsuccessful (kafka.controller.RequestSendThread)
java.net.SocketTimeoutException: Failed to connect within 30000 ms
	at kafka.controller.RequestSendThread.brokerReady(ControllerChannelManager.scala:293)
	at kafka.controller.RequestSendThread.doWork(ControllerChannelManager.scala:245)
	at kafka.utils.ShutdownableThread.run(ShutdownableThread.scala:96)
[2023-06-03 13:15:56,030] WARN [RequestSendThread controllerId=0] Controller 0's connection to broker host1.test.com:9092 (id: 0 rack: null) was unsuccessful (kafka.controller.RequestSendThread)
java.net.SocketTimeoutException: Failed to connect within 30000 ms
	at kafka.controller.RequestSendThread.brokerReady(ControllerChannelManager.scala:293)
	at kafka.controller.RequestSendThread.doWork(ControllerChannelManager.scala:245)
	at kafka.utils.ShutdownableThread.run(ShutdownableThread.scala:96)
[2023-06-03 13:16:26,143] WARN [RequestSendThread controllerId=0] Controller 0's connection to broker host1.test.com:9092 (id: 0 rack: null) was unsuccessful (kafka.controller.RequestSendThread)
java.net.SocketTimeoutException: Failed to connect within 30000 ms
	at kafka.controller.RequestSendThread.brokerReady(ControllerChannelManager.scala:293)
	at kafka.controller.RequestSendThread.doWork(ControllerChannelManager.scala:245)
	at kafka.utils.ShutdownableThread.run(ShutdownableThread.scala:96)
[2023-06-03 13:16:56,273] WARN [RequestSendThread controllerId=0] Controller 0's connection to broker host1.test.com:9092 (id: 0 rack: null) was unsuccessful (kafka.controller.RequestSendThread)
java.net.SocketTimeoutException: Failed to connect within 30000 ms
	at kafka.controller.RequestSendThread.brokerReady(ControllerChannelManager.scala:293)
	at kafka.controller.RequestSendThread.doWork(ControllerChannelManager.scala:245)
	at kafka.utils.ShutdownableThread.run(ShutdownableThread.scala:96)
[2023-06-03 13:17:26,402] WARN [RequestSendThread controllerId=0] Controller 0's connection to broker host1.test.com:9092 (id: 0 rack: null) was unsuccessful (kafka.controller.RequestSendThread)
java.net.SocketTimeoutException: Failed to connect within 30000 ms
	at kafka.controller.RequestSendThread.brokerReady(ControllerChannelManager.scala:293)
	at kafka.controller.RequestSendThread.doWork(ControllerChannelManager.scala:245)
	at kafka.utils.ShutdownableThread.run(ShutdownableThread.scala:96)
[2023-06-03 13:17:56,535] WARN [RequestSendThread controllerId=0] Controller 0's connection to broker host1.test.com:9092 (id: 0 rack: null) was unsuccessful (kafka.controller.RequestSendThread)
java.net.SocketTimeoutException: Failed to connect within 30000 ms
	at kafka.controller.RequestSendThread.brokerReady(ControllerChannelManager.scala:293)
	at kafka.controller.RequestSendThread.doWork(ControllerChannelManager.scala:245)
	at kafka.utils.ShutdownableThread.run(ShutdownableThread.scala:96)
[2023-06-03 13:18:26,666] WARN [RequestSendThread controllerId=0] Controller 0's connection to broker host1.test.com:9092 (id: 0 rack: null) was unsuccessful (kafka.controller.RequestSendThread)
java.net.SocketTimeoutException: Failed to connect within 30000 ms
	at kafka.controller.RequestSendThread.brokerReady(ControllerChannelManager.scala:293)
	at kafka.controller.RequestSendThread.doWork(ControllerChannelManager.scala:245)
	at kafka.utils.ShutdownableThread.run(ShutdownableThread.scala:96)
[2023-06-03 13:18:30,422] INFO [Controller id=0] Processing automatic preferred replica leader election (kafka.controller.KafkaController)
[2023-06-03 13:18:30,422] TRACE [Controller id=0] Checking need to trigger auto leader balancing (kafka.controller.KafkaController)
[2023-06-03 13:18:56,798] WARN [RequestSendThread controllerId=0] Controller 0's connection to broker host1.test.com:9092 (id: 0 rack: null) was unsuccessful (kafka.controller.RequestSendThread)
java.net.SocketTimeoutException: Failed to connect within 30000 ms
	at kafka.controller.RequestSendThread.brokerReady(ControllerChannelManager.scala:293)
	at kafka.controller.RequestSendThread.doWork(ControllerChannelManager.scala:245)
	at kafka.utils.ShutdownableThread.run(ShutdownableThread.scala:96)
[2023-06-03 13:19:26,930] WARN [RequestSendThread controllerId=0] Controller 0's connection to broker host1.test.com:9092 (id: 0 rack: null) was unsuccessful (kafka.controller.RequestSendThread)
java.net.SocketTimeoutException: Failed to connect within 30000 ms
	at kafka.controller.RequestSendThread.brokerReady(ControllerChannelManager.scala:293)
	at kafka.controller.RequestSendThread.doWork(ControllerChannelManager.scala:245)
	at kafka.utils.ShutdownableThread.run(ShutdownableThread.scala:96)
[2023-06-03 13:19:57,062] WARN [RequestSendThread controllerId=0] Controller 0's connection to broker host1.test.com:9092 (id: 0 rack: null) was unsuccessful (kafka.controller.RequestSendThread)
java.net.SocketTimeoutException: Failed to connect within 30000 ms
	at kafka.controller.RequestSendThread.brokerReady(ControllerChannelManager.scala:293)
	at kafka.controller.RequestSendThread.doWork(ControllerChannelManager.scala:245)
	at kafka.utils.ShutdownableThread.run(ShutdownableThread.scala:96)
[2023-06-03 13:20:27,193] WARN [RequestSendThread controllerId=0] Controller 0's connection to broker host1.test.com:9092 (id: 0 rack: null) was unsuccessful (kafka.controller.RequestSendThread)
java.net.SocketTimeoutException: Failed to connect within 30000 ms
	at kafka.controller.RequestSendThread.brokerReady(ControllerChannelManager.scala:293)
	at kafka.controller.RequestSendThread.doWork(ControllerChannelManager.scala:245)
	at kafka.utils.ShutdownableThread.run(ShutdownableThread.scala:96)
[2023-06-03 13:20:34,089] INFO [ControllerEventThread controllerId=0] Shutting down (kafka.controller.ControllerEventManager$ControllerEventThread)
[2023-06-03 13:20:34,090] INFO [ControllerEventThread controllerId=0] Shutdown completed (kafka.controller.ControllerEventManager$ControllerEventThread)
[2023-06-03 13:20:34,090] INFO [ControllerEventThread controllerId=0] Stopped (kafka.controller.ControllerEventManager$ControllerEventThread)
[2023-06-03 13:20:34,091] DEBUG [Controller id=0] Resigning (kafka.controller.KafkaController)
[2023-06-03 13:20:34,091] DEBUG [Controller id=0] Unregister BrokerModifications handler for Set(0) (kafka.controller.KafkaController)
[2023-06-03 13:20:34,093] INFO [PartitionStateMachine controllerId=0] Stopped partition state machine (kafka.controller.ZkPartitionStateMachine)
[2023-06-03 13:20:34,095] INFO [ReplicaStateMachine controllerId=0] Stopped replica state machine (kafka.controller.ZkReplicaStateMachine)
[2023-06-03 13:20:34,096] INFO [RequestSendThread controllerId=0] Shutting down (kafka.controller.RequestSendThread)
[2023-06-03 13:20:34,097] WARN [RequestSendThread controllerId=0] Controller 0's connection to broker host1.test.com:9092 (id: 0 rack: null) was unsuccessful (kafka.controller.RequestSendThread)
org.apache.kafka.common.errors.DisconnectException: NetworkClient is no longer active, state is CLOSING
[2023-06-03 13:20:34,100] WARN [RequestSendThread controllerId=0] Controller 0 epoch 1 fails to send request (type: UpdateMetadataRequest=, controllerId=0, controllerEpoch=1, brokerEpoch=25, partitionStates=[], liveBrokers=UpdateMetadataBroker(id=0, v0Host='', v0Port=0, endpoints=[UpdateMetadataEndpoint(port=9092, host='host1.test.com', listener='PLAINTEXT', securityProtocol=0)], rack=null)) to broker host1.test.com:9092 (id: 0 rack: null). Reconnecting to broker. (kafka.controller.RequestSendThread)
java.lang.InterruptedException
	at java.base/java.util.concurrent.locks.AbstractQueuedSynchronizer.tryAcquireSharedNanos(AbstractQueuedSynchronizer.java:1367)
	at java.base/java.util.concurrent.CountDownLatch.await(CountDownLatch.java:278)
	at kafka.utils.ShutdownableThread.pause(ShutdownableThread.scala:82)
	at kafka.controller.RequestSendThread.doWork(ControllerChannelManager.scala:233)
	at kafka.utils.ShutdownableThread.run(ShutdownableThread.scala:96)
[2023-06-03 13:20:34,101] TRACE [RequestSendThread controllerId=0] shutdownInitiated latch count reached zero. Shutdown called. (kafka.controller.RequestSendThread)
[2023-06-03 13:20:34,101] INFO [RequestSendThread controllerId=0] Stopped (kafka.controller.RequestSendThread)
[2023-06-03 13:20:34,101] INFO [RequestSendThread controllerId=0] Shutdown completed (kafka.controller.RequestSendThread)
[2023-06-03 13:20:34,105] INFO [Controller id=0] Resigned (kafka.controller.KafkaController)
