[2023-06-03 13:12:44,401] INFO Reading configuration from: ../config/zookeeper.properties (org.apache.zookeeper.server.quorum.QuorumPeerConfig)
[2023-06-03 13:12:44,403] WARN ../config/zookeeper.properties is relative. Prepend ./ to indicate that you're sure! (org.apache.zookeeper.server.quorum.QuorumPeerConfig)
[2023-06-03 13:12:44,411] INFO clientPortAddress is 0.0.0.0:2181 (org.apache.zookeeper.server.quorum.QuorumPeerConfig)
[2023-06-03 13:12:44,413] INFO secureClientPort is not set (org.apache.zookeeper.server.quorum.QuorumPeerConfig)
[2023-06-03 13:12:44,413] INFO observerMasterPort is not set (org.apache.zookeeper.server.quorum.QuorumPeerConfig)
[2023-06-03 13:12:44,413] INFO metricsProvider.className is org.apache.zookeeper.metrics.impl.DefaultMetricsProvider (org.apache.zookeeper.server.quorum.QuorumPeerConfig)
[2023-06-03 13:12:44,417] INFO autopurge.snapRetainCount set to 3 (org.apache.zookeeper.server.DatadirCleanupManager)
[2023-06-03 13:12:44,417] INFO autopurge.purgeInterval set to 0 (org.apache.zookeeper.server.DatadirCleanupManager)
[2023-06-03 13:12:44,417] INFO Purge task is not scheduled. (org.apache.zookeeper.server.DatadirCleanupManager)
[2023-06-03 13:12:44,417] WARN Either no config or no quorum defined in config, running in standalone mode (org.apache.zookeeper.server.quorum.QuorumPeerMain)
[2023-06-03 13:12:44,419] INFO Log4j 1.2 jmx support not found; jmx disabled. (org.apache.zookeeper.jmx.ManagedUtil)
[2023-06-03 13:12:44,420] INFO Reading configuration from: ../config/zookeeper.properties (org.apache.zookeeper.server.quorum.QuorumPeerConfig)
[2023-06-03 13:12:44,420] WARN ../config/zookeeper.properties is relative. Prepend ./ to indicate that you're sure! (org.apache.zookeeper.server.quorum.QuorumPeerConfig)
[2023-06-03 13:12:44,420] INFO clientPortAddress is 0.0.0.0:2181 (org.apache.zookeeper.server.quorum.QuorumPeerConfig)
[2023-06-03 13:12:44,421] INFO secureClientPort is not set (org.apache.zookeeper.server.quorum.QuorumPeerConfig)
[2023-06-03 13:12:44,421] INFO observerMasterPort is not set (org.apache.zookeeper.server.quorum.QuorumPeerConfig)
[2023-06-03 13:12:44,421] INFO metricsProvider.className is org.apache.zookeeper.metrics.impl.DefaultMetricsProvider (org.apache.zookeeper.server.quorum.QuorumPeerConfig)
[2023-06-03 13:12:44,421] INFO Starting server (org.apache.zookeeper.server.ZooKeeperServerMain)
[2023-06-03 13:12:44,446] INFO ServerMetrics initialized with provider org.apache.zookeeper.metrics.impl.DefaultMetricsProvider@7920ba90 (org.apache.zookeeper.server.ServerMetrics)
[2023-06-03 13:12:44,451] INFO zookeeper.snapshot.trust.empty : false (org.apache.zookeeper.server.persistence.FileTxnSnapLog)
[2023-06-03 13:12:44,470] INFO  (org.apache.zookeeper.server.ZooKeeperServer)
[2023-06-03 13:12:44,471] INFO   ______                  _                                           (org.apache.zookeeper.server.ZooKeeperServer)
[2023-06-03 13:12:44,471] INFO  |___  /                 | |                                          (org.apache.zookeeper.server.ZooKeeperServer)
[2023-06-03 13:12:44,471] INFO     / /    ___     ___   | | __   ___    ___   _ __     ___   _ __    (org.apache.zookeeper.server.ZooKeeperServer)
[2023-06-03 13:12:44,471] INFO    / /    / _ \   / _ \  | |/ /  / _ \  / _ \ | '_ \   / _ \ | '__| (org.apache.zookeeper.server.ZooKeeperServer)
[2023-06-03 13:12:44,471] INFO   / /__  | (_) | | (_) | |   <  |  __/ |  __/ | |_) | |  __/ | |     (org.apache.zookeeper.server.ZooKeeperServer)
[2023-06-03 13:12:44,471] INFO  /_____|  \___/   \___/  |_|\_\  \___|  \___| | .__/   \___| |_| (org.apache.zookeeper.server.ZooKeeperServer)
[2023-06-03 13:12:44,471] INFO                                               | |                      (org.apache.zookeeper.server.ZooKeeperServer)
[2023-06-03 13:12:44,471] INFO                                               |_|                      (org.apache.zookeeper.server.ZooKeeperServer)
[2023-06-03 13:12:44,471] INFO  (org.apache.zookeeper.server.ZooKeeperServer)
[2023-06-03 13:12:45,720] INFO Server environment:zookeeper.version=3.6.3--6401e4ad2087061bc6b9f80dec2d69f2e3c8660a, built on 04/08/2021 16:35 GMT (org.apache.zookeeper.server.ZooKeeperServer)
[2023-06-03 13:12:45,720] INFO Server environment:host.name=host1.test.com (org.apache.zookeeper.server.ZooKeeperServer)
[2023-06-03 13:12:45,720] INFO Server environment:java.version=11.0.19 (org.apache.zookeeper.server.ZooKeeperServer)
[2023-06-03 13:12:45,720] INFO Server environment:java.vendor=Ubuntu (org.apache.zookeeper.server.ZooKeeperServer)
[2023-06-03 13:12:45,720] INFO Server environment:java.home=/usr/lib/jvm/java-11-openjdk-amd64 (org.apache.zookeeper.server.ZooKeeperServer)
[2023-06-03 13:12:45,721] INFO Server environment:java.class.path=/home/ggmuller/Telemetria.Python.Kafka/kafka_2.13-3.4.0/bin/../libs/activation-1.1.1.jar:/home/ggmuller/Telemetria.Python.Kafka/kafka_2.13-3.4.0/bin/../libs/aopalliance-repackaged-2.6.1.jar:/home/ggmuller/Telemetria.Python.Kafka/kafka_2.13-3.4.0/bin/../libs/argparse4j-0.7.0.jar:/home/ggmuller/Telemetria.Python.Kafka/kafka_2.13-3.4.0/bin/../libs/audience-annotations-0.5.0.jar:/home/ggmuller/Telemetria.Python.Kafka/kafka_2.13-3.4.0/bin/../libs/commons-cli-1.4.jar:/home/ggmuller/Telemetria.Python.Kafka/kafka_2.13-3.4.0/bin/../libs/commons-lang3-3.8.1.jar:/home/ggmuller/Telemetria.Python.Kafka/kafka_2.13-3.4.0/bin/../libs/connect-api-3.4.0.jar:/home/ggmuller/Telemetria.Python.Kafka/kafka_2.13-3.4.0/bin/../libs/connect-basic-auth-extension-3.4.0.jar:/home/ggmuller/Telemetria.Python.Kafka/kafka_2.13-3.4.0/bin/../libs/connect-json-3.4.0.jar:/home/ggmuller/Telemetria.Python.Kafka/kafka_2.13-3.4.0/bin/../libs/connect-mirror-3.4.0.jar:/home/ggmuller/Telemetria.Python.Kafka/kafka_2.13-3.4.0/bin/../libs/connect-mirror-client-3.4.0.jar:/home/ggmuller/Telemetria.Python.Kafka/kafka_2.13-3.4.0/bin/../libs/connect-runtime-3.4.0.jar:/home/ggmuller/Telemetria.Python.Kafka/kafka_2.13-3.4.0/bin/../libs/connect-transforms-3.4.0.jar:/home/ggmuller/Telemetria.Python.Kafka/kafka_2.13-3.4.0/bin/../libs/hk2-api-2.6.1.jar:/home/ggmuller/Telemetria.Python.Kafka/kafka_2.13-3.4.0/bin/../libs/hk2-locator-2.6.1.jar:/home/ggmuller/Telemetria.Python.Kafka/kafka_2.13-3.4.0/bin/../libs/hk2-utils-2.6.1.jar:/home/ggmuller/Telemetria.Python.Kafka/kafka_2.13-3.4.0/bin/../libs/jackson-annotations-2.13.4.jar:/home/ggmuller/Telemetria.Python.Kafka/kafka_2.13-3.4.0/bin/../libs/jackson-core-2.13.4.jar:/home/ggmuller/Telemetria.Python.Kafka/kafka_2.13-3.4.0/bin/../libs/jackson-databind-2.13.4.2.jar:/home/ggmuller/Telemetria.Python.Kafka/kafka_2.13-3.4.0/bin/../libs/jackson-dataformat-csv-2.13.4.jar:/home/ggmuller/Telemetria.Python.Kafka/kafka_2.13-3.4.0/bin/../libs/jackson-datatype-jdk8-2.13.4.jar:/home/ggmuller/Telemetria.Python.Kafka/kafka_2.13-3.4.0/bin/../libs/jackson-jaxrs-base-2.13.4.jar:/home/ggmuller/Telemetria.Python.Kafka/kafka_2.13-3.4.0/bin/../libs/jackson-jaxrs-json-provider-2.13.4.jar:/home/ggmuller/Telemetria.Python.Kafka/kafka_2.13-3.4.0/bin/../libs/jackson-module-jaxb-annotations-2.13.4.jar:/home/ggmuller/Telemetria.Python.Kafka/kafka_2.13-3.4.0/bin/../libs/jackson-module-scala_2.13-2.13.4.jar:/home/ggmuller/Telemetria.Python.Kafka/kafka_2.13-3.4.0/bin/../libs/jakarta.activation-api-1.2.2.jar:/home/ggmuller/Telemetria.Python.Kafka/kafka_2.13-3.4.0/bin/../libs/jakarta.annotation-api-1.3.5.jar:/home/ggmuller/Telemetria.Python.Kafka/kafka_2.13-3.4.0/bin/../libs/jakarta.inject-2.6.1.jar:/home/ggmuller/Telemetria.Python.Kafka/kafka_2.13-3.4.0/bin/../libs/jakarta.validation-api-2.0.2.jar:/home/ggmuller/Telemetria.Python.Kafka/kafka_2.13-3.4.0/bin/../libs/jakarta.ws.rs-api-2.1.6.jar:/home/ggmuller/Telemetria.Python.Kafka/kafka_2.13-3.4.0/bin/../libs/jakarta.xml.bind-api-2.3.3.jar:/home/ggmuller/Telemetria.Python.Kafka/kafka_2.13-3.4.0/bin/../libs/javassist-3.27.0-GA.jar:/home/ggmuller/Telemetria.Python.Kafka/kafka_2.13-3.4.0/bin/../libs/javax.annotation-api-1.3.2.jar:/home/ggmuller/Telemetria.Python.Kafka/kafka_2.13-3.4.0/bin/../libs/javax.servlet-api-3.1.0.jar:/home/ggmuller/Telemetria.Python.Kafka/kafka_2.13-3.4.0/bin/../libs/javax.ws.rs-api-2.1.1.jar:/home/ggmuller/Telemetria.Python.Kafka/kafka_2.13-3.4.0/bin/../libs/jaxb-api-2.3.0.jar:/home/ggmuller/Telemetria.Python.Kafka/kafka_2.13-3.4.0/bin/../libs/jersey-client-2.34.jar:/home/ggmuller/Telemetria.Python.Kafka/kafka_2.13-3.4.0/bin/../libs/jersey-common-2.34.jar:/home/ggmuller/Telemetria.Python.Kafka/kafka_2.13-3.4.0/bin/../libs/jersey-container-servlet-2.34.jar:/home/ggmuller/Telemetria.Python.Kafka/kafka_2.13-3.4.0/bin/../libs/jersey-container-servlet-core-2.34.jar:/home/ggmuller/Telemetria.Python.Kafka/kafka_2.13-3.4.0/bin/../libs/jersey-hk2-2.34.jar:/home/ggmuller/Telemetria.Python.Kafka/kafka_2.13-3.4.0/bin/../libs/jersey-server-2.34.jar:/home/ggmuller/Telemetria.Python.Kafka/kafka_2.13-3.4.0/bin/../libs/jetty-client-9.4.48.v20220622.jar:/home/ggmuller/Telemetria.Python.Kafka/kafka_2.13-3.4.0/bin/../libs/jetty-continuation-9.4.48.v20220622.jar:/home/ggmuller/Telemetria.Python.Kafka/kafka_2.13-3.4.0/bin/../libs/jetty-http-9.4.48.v20220622.jar:/home/ggmuller/Telemetria.Python.Kafka/kafka_2.13-3.4.0/bin/../libs/jetty-io-9.4.48.v20220622.jar:/home/ggmuller/Telemetria.Python.Kafka/kafka_2.13-3.4.0/bin/../libs/jetty-security-9.4.48.v20220622.jar:/home/ggmuller/Telemetria.Python.Kafka/kafka_2.13-3.4.0/bin/../libs/jetty-server-9.4.48.v20220622.jar:/home/ggmuller/Telemetria.Python.Kafka/kafka_2.13-3.4.0/bin/../libs/jetty-servlet-9.4.48.v20220622.jar:/home/ggmuller/Telemetria.Python.Kafka/kafka_2.13-3.4.0/bin/../libs/jetty-servlets-9.4.48.v20220622.jar:/home/ggmuller/Telemetria.Python.Kafka/kafka_2.13-3.4.0/bin/../libs/jetty-util-9.4.48.v20220622.jar:/home/ggmuller/Telemetria.Python.Kafka/kafka_2.13-3.4.0/bin/../libs/jetty-util-ajax-9.4.48.v20220622.jar:/home/ggmuller/Telemetria.Python.Kafka/kafka_2.13-3.4.0/bin/../libs/jline-3.21.0.jar:/home/ggmuller/Telemetria.Python.Kafka/kafka_2.13-3.4.0/bin/../libs/jopt-simple-5.0.4.jar:/home/ggmuller/Telemetria.Python.Kafka/kafka_2.13-3.4.0/bin/../libs/jose4j-0.7.9.jar:/home/ggmuller/Telemetria.Python.Kafka/kafka_2.13-3.4.0/bin/../libs/kafka_2.13-3.4.0.jar:/home/ggmuller/Telemetria.Python.Kafka/kafka_2.13-3.4.0/bin/../libs/kafka-clients-3.4.0.jar:/home/ggmuller/Telemetria.Python.Kafka/kafka_2.13-3.4.0/bin/../libs/kafka-group-coordinator-3.4.0.jar:/home/ggmuller/Telemetria.Python.Kafka/kafka_2.13-3.4.0/bin/../libs/kafka-log4j-appender-3.4.0.jar:/home/ggmuller/Telemetria.Python.Kafka/kafka_2.13-3.4.0/bin/../libs/kafka-metadata-3.4.0.jar:/home/ggmuller/Telemetria.Python.Kafka/kafka_2.13-3.4.0/bin/../libs/kafka-raft-3.4.0.jar:/home/ggmuller/Telemetria.Python.Kafka/kafka_2.13-3.4.0/bin/../libs/kafka-server-common-3.4.0.jar:/home/ggmuller/Telemetria.Python.Kafka/kafka_2.13-3.4.0/bin/../libs/kafka-shell-3.4.0.jar:/home/ggmuller/Telemetria.Python.Kafka/kafka_2.13-3.4.0/bin/../libs/kafka-storage-3.4.0.jar:/home/ggmuller/Telemetria.Python.Kafka/kafka_2.13-3.4.0/bin/../libs/kafka-storage-api-3.4.0.jar:/home/ggmuller/Telemetria.Python.Kafka/kafka_2.13-3.4.0/bin/../libs/kafka-streams-3.4.0.jar:/home/ggmuller/Telemetria.Python.Kafka/kafka_2.13-3.4.0/bin/../libs/kafka-streams-examples-3.4.0.jar:/home/ggmuller/Telemetria.Python.Kafka/kafka_2.13-3.4.0/bin/../libs/kafka-streams-scala_2.13-3.4.0.jar:/home/ggmuller/Telemetria.Python.Kafka/kafka_2.13-3.4.0/bin/../libs/kafka-streams-test-utils-3.4.0.jar:/home/ggmuller/Telemetria.Python.Kafka/kafka_2.13-3.4.0/bin/../libs/kafka-tools-3.4.0.jar:/home/ggmuller/Telemetria.Python.Kafka/kafka_2.13-3.4.0/bin/../libs/lz4-java-1.8.0.jar:/home/ggmuller/Telemetria.Python.Kafka/kafka_2.13-3.4.0/bin/../libs/maven-artifact-3.8.4.jar:/home/ggmuller/Telemetria.Python.Kafka/kafka_2.13-3.4.0/bin/../libs/metrics-core-2.2.0.jar:/home/ggmuller/Telemetria.Python.Kafka/kafka_2.13-3.4.0/bin/../libs/metrics-core-4.1.12.1.jar:/home/ggmuller/Telemetria.Python.Kafka/kafka_2.13-3.4.0/bin/../libs/netty-buffer-4.1.78.Final.jar:/home/ggmuller/Telemetria.Python.Kafka/kafka_2.13-3.4.0/bin/../libs/netty-codec-4.1.78.Final.jar:/home/ggmuller/Telemetria.Python.Kafka/kafka_2.13-3.4.0/bin/../libs/netty-common-4.1.78.Final.jar:/home/ggmuller/Telemetria.Python.Kafka/kafka_2.13-3.4.0/bin/../libs/netty-handler-4.1.78.Final.jar:/home/ggmuller/Telemetria.Python.Kafka/kafka_2.13-3.4.0/bin/../libs/netty-resolver-4.1.78.Final.jar:/home/ggmuller/Telemetria.Python.Kafka/kafka_2.13-3.4.0/bin/../libs/netty-transport-4.1.78.Final.jar:/home/ggmuller/Telemetria.Python.Kafka/kafka_2.13-3.4.0/bin/../libs/netty-transport-classes-epoll-4.1.78.Final.jar:/home/ggmuller/Telemetria.Python.Kafka/kafka_2.13-3.4.0/bin/../libs/netty-transport-native-epoll-4.1.78.Final.jar:/home/ggmuller/Telemetria.Python.Kafka/kafka_2.13-3.4.0/bin/../libs/netty-transport-native-unix-common-4.1.78.Final.jar:/home/ggmuller/Telemetria.Python.Kafka/kafka_2.13-3.4.0/bin/../libs/osgi-resource-locator-1.0.3.jar:/home/ggmuller/Telemetria.Python.Kafka/kafka_2.13-3.4.0/bin/../libs/paranamer-2.8.jar:/home/ggmuller/Telemetria.Python.Kafka/kafka_2.13-3.4.0/bin/../libs/plexus-utils-3.3.0.jar:/home/ggmuller/Telemetria.Python.Kafka/kafka_2.13-3.4.0/bin/../libs/reflections-0.9.12.jar:/home/ggmuller/Telemetria.Python.Kafka/kafka_2.13-3.4.0/bin/../libs/reload4j-1.2.19.jar:/home/ggmuller/Telemetria.Python.Kafka/kafka_2.13-3.4.0/bin/../libs/rocksdbjni-7.1.2.jar:/home/ggmuller/Telemetria.Python.Kafka/kafka_2.13-3.4.0/bin/../libs/scala-collection-compat_2.13-2.6.0.jar:/home/ggmuller/Telemetria.Python.Kafka/kafka_2.13-3.4.0/bin/../libs/scala-java8-compat_2.13-1.0.2.jar:/home/ggmuller/Telemetria.Python.Kafka/kafka_2.13-3.4.0/bin/../libs/scala-library-2.13.10.jar:/home/ggmuller/Telemetria.Python.Kafka/kafka_2.13-3.4.0/bin/../libs/scala-logging_2.13-3.9.4.jar:/home/ggmuller/Telemetria.Python.Kafka/kafka_2.13-3.4.0/bin/../libs/scala-reflect-2.13.10.jar:/home/ggmuller/Telemetria.Python.Kafka/kafka_2.13-3.4.0/bin/../libs/slf4j-api-1.7.36.jar:/home/ggmuller/Telemetria.Python.Kafka/kafka_2.13-3.4.0/bin/../libs/slf4j-reload4j-1.7.36.jar:/home/ggmuller/Telemetria.Python.Kafka/kafka_2.13-3.4.0/bin/../libs/snappy-java-1.1.8.4.jar:/home/ggmuller/Telemetria.Python.Kafka/kafka_2.13-3.4.0/bin/../libs/swagger-annotations-2.2.0.jar:/home/ggmuller/Telemetria.Python.Kafka/kafka_2.13-3.4.0/bin/../libs/trogdor-3.4.0.jar:/home/ggmuller/Telemetria.Python.Kafka/kafka_2.13-3.4.0/bin/../libs/zookeeper-3.6.3.jar:/home/ggmuller/Telemetria.Python.Kafka/kafka_2.13-3.4.0/bin/../libs/zookeeper-jute-3.6.3.jar:/home/ggmuller/Telemetria.Python.Kafka/kafka_2.13-3.4.0/bin/../libs/zstd-jni-1.5.2-1.jar (org.apache.zookeeper.server.ZooKeeperServer)
[2023-06-03 13:12:45,721] INFO Server environment:java.library.path=/usr/java/packages/lib:/usr/lib/x86_64-linux-gnu/jni:/lib/x86_64-linux-gnu:/usr/lib/x86_64-linux-gnu:/usr/lib/jni:/lib:/usr/lib (org.apache.zookeeper.server.ZooKeeperServer)
[2023-06-03 13:12:45,721] INFO Server environment:java.io.tmpdir=/tmp (org.apache.zookeeper.server.ZooKeeperServer)
[2023-06-03 13:12:45,722] INFO Server environment:java.compiler=<NA> (org.apache.zookeeper.server.ZooKeeperServer)
[2023-06-03 13:12:45,722] INFO Server environment:os.name=Linux (org.apache.zookeeper.server.ZooKeeperServer)
[2023-06-03 13:12:45,722] INFO Server environment:os.arch=amd64 (org.apache.zookeeper.server.ZooKeeperServer)
[2023-06-03 13:12:45,722] INFO Server environment:os.version=5.19.0-42-generic (org.apache.zookeeper.server.ZooKeeperServer)
[2023-06-03 13:12:45,722] INFO Server environment:user.name=ggmuller (org.apache.zookeeper.server.ZooKeeperServer)
[2023-06-03 13:12:45,722] INFO Server environment:user.home=/home/ggmuller (org.apache.zookeeper.server.ZooKeeperServer)
[2023-06-03 13:12:45,722] INFO Server environment:user.dir=/home/ggmuller/Telemetria.Python.Kafka/kafka_2.13-3.4.0/bin (org.apache.zookeeper.server.ZooKeeperServer)
[2023-06-03 13:12:45,722] INFO Server environment:os.memory.free=489MB (org.apache.zookeeper.server.ZooKeeperServer)
[2023-06-03 13:12:45,722] INFO Server environment:os.memory.max=512MB (org.apache.zookeeper.server.ZooKeeperServer)
[2023-06-03 13:12:45,722] INFO Server environment:os.memory.total=512MB (org.apache.zookeeper.server.ZooKeeperServer)
[2023-06-03 13:12:45,723] INFO zookeeper.enableEagerACLCheck = false (org.apache.zookeeper.server.ZooKeeperServer)
[2023-06-03 13:12:45,723] INFO zookeeper.digest.enabled = true (org.apache.zookeeper.server.ZooKeeperServer)
[2023-06-03 13:12:45,723] INFO zookeeper.closeSessionTxn.enabled = true (org.apache.zookeeper.server.ZooKeeperServer)
[2023-06-03 13:12:45,723] INFO zookeeper.flushDelay=0 (org.apache.zookeeper.server.ZooKeeperServer)
[2023-06-03 13:12:45,723] INFO zookeeper.maxWriteQueuePollTime=0 (org.apache.zookeeper.server.ZooKeeperServer)
[2023-06-03 13:12:45,724] INFO zookeeper.maxBatchSize=1000 (org.apache.zookeeper.server.ZooKeeperServer)
[2023-06-03 13:12:45,724] INFO zookeeper.intBufferStartingSizeBytes = 1024 (org.apache.zookeeper.server.ZooKeeperServer)
[2023-06-03 13:12:45,726] INFO Weighed connection throttling is disabled (org.apache.zookeeper.server.BlueThrottle)
[2023-06-03 13:12:45,728] INFO minSessionTimeout set to 6000 (org.apache.zookeeper.server.ZooKeeperServer)
[2023-06-03 13:12:45,728] INFO maxSessionTimeout set to 60000 (org.apache.zookeeper.server.ZooKeeperServer)
[2023-06-03 13:12:45,730] INFO Response cache size is initialized with value 400. (org.apache.zookeeper.server.ResponseCache)
[2023-06-03 13:12:45,730] INFO Response cache size is initialized with value 400. (org.apache.zookeeper.server.ResponseCache)
[2023-06-03 13:12:45,732] INFO zookeeper.pathStats.slotCapacity = 60 (org.apache.zookeeper.server.util.RequestPathMetricsCollector)
[2023-06-03 13:12:45,732] INFO zookeeper.pathStats.slotDuration = 15 (org.apache.zookeeper.server.util.RequestPathMetricsCollector)
[2023-06-03 13:12:45,732] INFO zookeeper.pathStats.maxDepth = 6 (org.apache.zookeeper.server.util.RequestPathMetricsCollector)
[2023-06-03 13:12:45,732] INFO zookeeper.pathStats.initialDelay = 5 (org.apache.zookeeper.server.util.RequestPathMetricsCollector)
[2023-06-03 13:12:45,732] INFO zookeeper.pathStats.delay = 5 (org.apache.zookeeper.server.util.RequestPathMetricsCollector)
[2023-06-03 13:12:45,733] INFO zookeeper.pathStats.enabled = false (org.apache.zookeeper.server.util.RequestPathMetricsCollector)
[2023-06-03 13:12:45,740] INFO The max bytes for all large requests are set to 104857600 (org.apache.zookeeper.server.ZooKeeperServer)
[2023-06-03 13:12:45,740] INFO The large request threshold is set to -1 (org.apache.zookeeper.server.ZooKeeperServer)
[2023-06-03 13:12:45,741] INFO Created server with tickTime 3000 minSessionTimeout 6000 maxSessionTimeout 60000 clientPortListenBacklog -1 datadir /tmp/zookeeper/version-2 snapdir /tmp/zookeeper/version-2 (org.apache.zookeeper.server.ZooKeeperServer)
[2023-06-03 13:12:45,757] INFO Using org.apache.zookeeper.server.NIOServerCnxnFactory as server connection factory (org.apache.zookeeper.server.ServerCnxnFactory)
[2023-06-03 13:12:45,759] WARN maxCnxns is not configured, using default value 0. (org.apache.zookeeper.server.ServerCnxnFactory)
[2023-06-03 13:12:45,762] INFO Configuring NIO connection handler with 10s sessionless connection timeout, 1 selector thread(s), 8 worker threads, and 64 kB direct buffers. (org.apache.zookeeper.server.NIOServerCnxnFactory)
[2023-06-03 13:12:45,771] INFO binding to port 0.0.0.0/0.0.0.0:2181 (org.apache.zookeeper.server.NIOServerCnxnFactory)
[2023-06-03 13:12:45,812] INFO Using org.apache.zookeeper.server.watch.WatchManager as watch manager (org.apache.zookeeper.server.watch.WatchManagerFactory)
[2023-06-03 13:12:45,812] INFO Using org.apache.zookeeper.server.watch.WatchManager as watch manager (org.apache.zookeeper.server.watch.WatchManagerFactory)
[2023-06-03 13:12:45,814] INFO zookeeper.snapshotSizeFactor = 0.33 (org.apache.zookeeper.server.ZKDatabase)
[2023-06-03 13:12:45,814] INFO zookeeper.commitLogCount=500 (org.apache.zookeeper.server.ZKDatabase)
[2023-06-03 13:12:45,825] INFO zookeeper.snapshot.compression.method = CHECKED (org.apache.zookeeper.server.persistence.SnapStream)
[2023-06-03 13:12:45,825] INFO Snapshotting: 0x0 to /tmp/zookeeper/version-2/snapshot.0 (org.apache.zookeeper.server.persistence.FileTxnSnapLog)
[2023-06-03 13:12:45,831] INFO Snapshot loaded in 18 ms, highest zxid is 0x0, digest is 1371985504 (org.apache.zookeeper.server.ZKDatabase)
[2023-06-03 13:12:45,832] INFO Snapshotting: 0x0 to /tmp/zookeeper/version-2/snapshot.0 (org.apache.zookeeper.server.persistence.FileTxnSnapLog)
[2023-06-03 13:12:45,832] INFO Snapshot taken in 1 ms (org.apache.zookeeper.server.ZooKeeperServer)
[2023-06-03 13:12:45,851] INFO PrepRequestProcessor (sid:0) started, reconfigEnabled=false (org.apache.zookeeper.server.PrepRequestProcessor)
[2023-06-03 13:12:45,853] INFO zookeeper.request_throttler.shutdownTimeout = 10000 (org.apache.zookeeper.server.RequestThrottler)
[2023-06-03 13:12:45,882] INFO Using checkIntervalMs=60000 maxPerMinute=10000 maxNeverUsedIntervalMs=0 (org.apache.zookeeper.server.ContainerManager)
[2023-06-03 13:12:45,883] INFO ZooKeeper audit is disabled. (org.apache.zookeeper.audit.ZKAuditProvider)
[2023-06-03 13:13:22,242] INFO Registered kafka:type=kafka.Log4jController MBean (kafka.utils.Log4jControllerRegistration$)
[2023-06-03 13:13:22,813] INFO Setting -D jdk.tls.rejectClientInitiatedRenegotiation=true to disable client-initiated TLS renegotiation (org.apache.zookeeper.common.X509Util)
[2023-06-03 13:13:22,944] INFO Registered signal handlers for TERM, INT, HUP (org.apache.kafka.common.utils.LoggingSignalHandler)
[2023-06-03 13:13:22,946] INFO starting (kafka.server.KafkaServer)
[2023-06-03 13:13:22,947] INFO Connecting to zookeeper on localhost:2181 (kafka.server.KafkaServer)
[2023-06-03 13:13:22,988] INFO [ZooKeeperClient Kafka server] Initializing a new session to localhost:2181. (kafka.zookeeper.ZooKeeperClient)
[2023-06-03 13:13:23,176] INFO Client environment:zookeeper.version=3.6.3--6401e4ad2087061bc6b9f80dec2d69f2e3c8660a, built on 04/08/2021 16:35 GMT (org.apache.zookeeper.ZooKeeper)
[2023-06-03 13:13:23,176] INFO Client environment:host.name=host1.test.com (org.apache.zookeeper.ZooKeeper)
[2023-06-03 13:13:23,176] INFO Client environment:java.version=11.0.19 (org.apache.zookeeper.ZooKeeper)
[2023-06-03 13:13:23,177] INFO Client environment:java.vendor=Ubuntu (org.apache.zookeeper.ZooKeeper)
[2023-06-03 13:13:23,177] INFO Client environment:java.home=/usr/lib/jvm/java-11-openjdk-amd64 (org.apache.zookeeper.ZooKeeper)
[2023-06-03 13:13:23,177] INFO Client environment:java.class.path=/home/ggmuller/Telemetria.Python.Kafka/kafka_2.13-3.4.0/bin/../libs/activation-1.1.1.jar:/home/ggmuller/Telemetria.Python.Kafka/kafka_2.13-3.4.0/bin/../libs/aopalliance-repackaged-2.6.1.jar:/home/ggmuller/Telemetria.Python.Kafka/kafka_2.13-3.4.0/bin/../libs/argparse4j-0.7.0.jar:/home/ggmuller/Telemetria.Python.Kafka/kafka_2.13-3.4.0/bin/../libs/audience-annotations-0.5.0.jar:/home/ggmuller/Telemetria.Python.Kafka/kafka_2.13-3.4.0/bin/../libs/commons-cli-1.4.jar:/home/ggmuller/Telemetria.Python.Kafka/kafka_2.13-3.4.0/bin/../libs/commons-lang3-3.8.1.jar:/home/ggmuller/Telemetria.Python.Kafka/kafka_2.13-3.4.0/bin/../libs/connect-api-3.4.0.jar:/home/ggmuller/Telemetria.Python.Kafka/kafka_2.13-3.4.0/bin/../libs/connect-basic-auth-extension-3.4.0.jar:/home/ggmuller/Telemetria.Python.Kafka/kafka_2.13-3.4.0/bin/../libs/connect-json-3.4.0.jar:/home/ggmuller/Telemetria.Python.Kafka/kafka_2.13-3.4.0/bin/../libs/connect-mirror-3.4.0.jar:/home/ggmuller/Telemetria.Python.Kafka/kafka_2.13-3.4.0/bin/../libs/connect-mirror-client-3.4.0.jar:/home/ggmuller/Telemetria.Python.Kafka/kafka_2.13-3.4.0/bin/../libs/connect-runtime-3.4.0.jar:/home/ggmuller/Telemetria.Python.Kafka/kafka_2.13-3.4.0/bin/../libs/connect-transforms-3.4.0.jar:/home/ggmuller/Telemetria.Python.Kafka/kafka_2.13-3.4.0/bin/../libs/hk2-api-2.6.1.jar:/home/ggmuller/Telemetria.Python.Kafka/kafka_2.13-3.4.0/bin/../libs/hk2-locator-2.6.1.jar:/home/ggmuller/Telemetria.Python.Kafka/kafka_2.13-3.4.0/bin/../libs/hk2-utils-2.6.1.jar:/home/ggmuller/Telemetria.Python.Kafka/kafka_2.13-3.4.0/bin/../libs/jackson-annotations-2.13.4.jar:/home/ggmuller/Telemetria.Python.Kafka/kafka_2.13-3.4.0/bin/../libs/jackson-core-2.13.4.jar:/home/ggmuller/Telemetria.Python.Kafka/kafka_2.13-3.4.0/bin/../libs/jackson-databind-2.13.4.2.jar:/home/ggmuller/Telemetria.Python.Kafka/kafka_2.13-3.4.0/bin/../libs/jackson-dataformat-csv-2.13.4.jar:/home/ggmuller/Telemetria.Python.Kafka/kafka_2.13-3.4.0/bin/../libs/jackson-datatype-jdk8-2.13.4.jar:/home/ggmuller/Telemetria.Python.Kafka/kafka_2.13-3.4.0/bin/../libs/jackson-jaxrs-base-2.13.4.jar:/home/ggmuller/Telemetria.Python.Kafka/kafka_2.13-3.4.0/bin/../libs/jackson-jaxrs-json-provider-2.13.4.jar:/home/ggmuller/Telemetria.Python.Kafka/kafka_2.13-3.4.0/bin/../libs/jackson-module-jaxb-annotations-2.13.4.jar:/home/ggmuller/Telemetria.Python.Kafka/kafka_2.13-3.4.0/bin/../libs/jackson-module-scala_2.13-2.13.4.jar:/home/ggmuller/Telemetria.Python.Kafka/kafka_2.13-3.4.0/bin/../libs/jakarta.activation-api-1.2.2.jar:/home/ggmuller/Telemetria.Python.Kafka/kafka_2.13-3.4.0/bin/../libs/jakarta.annotation-api-1.3.5.jar:/home/ggmuller/Telemetria.Python.Kafka/kafka_2.13-3.4.0/bin/../libs/jakarta.inject-2.6.1.jar:/home/ggmuller/Telemetria.Python.Kafka/kafka_2.13-3.4.0/bin/../libs/jakarta.validation-api-2.0.2.jar:/home/ggmuller/Telemetria.Python.Kafka/kafka_2.13-3.4.0/bin/../libs/jakarta.ws.rs-api-2.1.6.jar:/home/ggmuller/Telemetria.Python.Kafka/kafka_2.13-3.4.0/bin/../libs/jakarta.xml.bind-api-2.3.3.jar:/home/ggmuller/Telemetria.Python.Kafka/kafka_2.13-3.4.0/bin/../libs/javassist-3.27.0-GA.jar:/home/ggmuller/Telemetria.Python.Kafka/kafka_2.13-3.4.0/bin/../libs/javax.annotation-api-1.3.2.jar:/home/ggmuller/Telemetria.Python.Kafka/kafka_2.13-3.4.0/bin/../libs/javax.servlet-api-3.1.0.jar:/home/ggmuller/Telemetria.Python.Kafka/kafka_2.13-3.4.0/bin/../libs/javax.ws.rs-api-2.1.1.jar:/home/ggmuller/Telemetria.Python.Kafka/kafka_2.13-3.4.0/bin/../libs/jaxb-api-2.3.0.jar:/home/ggmuller/Telemetria.Python.Kafka/kafka_2.13-3.4.0/bin/../libs/jersey-client-2.34.jar:/home/ggmuller/Telemetria.Python.Kafka/kafka_2.13-3.4.0/bin/../libs/jersey-common-2.34.jar:/home/ggmuller/Telemetria.Python.Kafka/kafka_2.13-3.4.0/bin/../libs/jersey-container-servlet-2.34.jar:/home/ggmuller/Telemetria.Python.Kafka/kafka_2.13-3.4.0/bin/../libs/jersey-container-servlet-core-2.34.jar:/home/ggmuller/Telemetria.Python.Kafka/kafka_2.13-3.4.0/bin/../libs/jersey-hk2-2.34.jar:/home/ggmuller/Telemetria.Python.Kafka/kafka_2.13-3.4.0/bin/../libs/jersey-server-2.34.jar:/home/ggmuller/Telemetria.Python.Kafka/kafka_2.13-3.4.0/bin/../libs/jetty-client-9.4.48.v20220622.jar:/home/ggmuller/Telemetria.Python.Kafka/kafka_2.13-3.4.0/bin/../libs/jetty-continuation-9.4.48.v20220622.jar:/home/ggmuller/Telemetria.Python.Kafka/kafka_2.13-3.4.0/bin/../libs/jetty-http-9.4.48.v20220622.jar:/home/ggmuller/Telemetria.Python.Kafka/kafka_2.13-3.4.0/bin/../libs/jetty-io-9.4.48.v20220622.jar:/home/ggmuller/Telemetria.Python.Kafka/kafka_2.13-3.4.0/bin/../libs/jetty-security-9.4.48.v20220622.jar:/home/ggmuller/Telemetria.Python.Kafka/kafka_2.13-3.4.0/bin/../libs/jetty-server-9.4.48.v20220622.jar:/home/ggmuller/Telemetria.Python.Kafka/kafka_2.13-3.4.0/bin/../libs/jetty-servlet-9.4.48.v20220622.jar:/home/ggmuller/Telemetria.Python.Kafka/kafka_2.13-3.4.0/bin/../libs/jetty-servlets-9.4.48.v20220622.jar:/home/ggmuller/Telemetria.Python.Kafka/kafka_2.13-3.4.0/bin/../libs/jetty-util-9.4.48.v20220622.jar:/home/ggmuller/Telemetria.Python.Kafka/kafka_2.13-3.4.0/bin/../libs/jetty-util-ajax-9.4.48.v20220622.jar:/home/ggmuller/Telemetria.Python.Kafka/kafka_2.13-3.4.0/bin/../libs/jline-3.21.0.jar:/home/ggmuller/Telemetria.Python.Kafka/kafka_2.13-3.4.0/bin/../libs/jopt-simple-5.0.4.jar:/home/ggmuller/Telemetria.Python.Kafka/kafka_2.13-3.4.0/bin/../libs/jose4j-0.7.9.jar:/home/ggmuller/Telemetria.Python.Kafka/kafka_2.13-3.4.0/bin/../libs/kafka_2.13-3.4.0.jar:/home/ggmuller/Telemetria.Python.Kafka/kafka_2.13-3.4.0/bin/../libs/kafka-clients-3.4.0.jar:/home/ggmuller/Telemetria.Python.Kafka/kafka_2.13-3.4.0/bin/../libs/kafka-group-coordinator-3.4.0.jar:/home/ggmuller/Telemetria.Python.Kafka/kafka_2.13-3.4.0/bin/../libs/kafka-log4j-appender-3.4.0.jar:/home/ggmuller/Telemetria.Python.Kafka/kafka_2.13-3.4.0/bin/../libs/kafka-metadata-3.4.0.jar:/home/ggmuller/Telemetria.Python.Kafka/kafka_2.13-3.4.0/bin/../libs/kafka-raft-3.4.0.jar:/home/ggmuller/Telemetria.Python.Kafka/kafka_2.13-3.4.0/bin/../libs/kafka-server-common-3.4.0.jar:/home/ggmuller/Telemetria.Python.Kafka/kafka_2.13-3.4.0/bin/../libs/kafka-shell-3.4.0.jar:/home/ggmuller/Telemetria.Python.Kafka/kafka_2.13-3.4.0/bin/../libs/kafka-storage-3.4.0.jar:/home/ggmuller/Telemetria.Python.Kafka/kafka_2.13-3.4.0/bin/../libs/kafka-storage-api-3.4.0.jar:/home/ggmuller/Telemetria.Python.Kafka/kafka_2.13-3.4.0/bin/../libs/kafka-streams-3.4.0.jar:/home/ggmuller/Telemetria.Python.Kafka/kafka_2.13-3.4.0/bin/../libs/kafka-streams-examples-3.4.0.jar:/home/ggmuller/Telemetria.Python.Kafka/kafka_2.13-3.4.0/bin/../libs/kafka-streams-scala_2.13-3.4.0.jar:/home/ggmuller/Telemetria.Python.Kafka/kafka_2.13-3.4.0/bin/../libs/kafka-streams-test-utils-3.4.0.jar:/home/ggmuller/Telemetria.Python.Kafka/kafka_2.13-3.4.0/bin/../libs/kafka-tools-3.4.0.jar:/home/ggmuller/Telemetria.Python.Kafka/kafka_2.13-3.4.0/bin/../libs/lz4-java-1.8.0.jar:/home/ggmuller/Telemetria.Python.Kafka/kafka_2.13-3.4.0/bin/../libs/maven-artifact-3.8.4.jar:/home/ggmuller/Telemetria.Python.Kafka/kafka_2.13-3.4.0/bin/../libs/metrics-core-2.2.0.jar:/home/ggmuller/Telemetria.Python.Kafka/kafka_2.13-3.4.0/bin/../libs/metrics-core-4.1.12.1.jar:/home/ggmuller/Telemetria.Python.Kafka/kafka_2.13-3.4.0/bin/../libs/netty-buffer-4.1.78.Final.jar:/home/ggmuller/Telemetria.Python.Kafka/kafka_2.13-3.4.0/bin/../libs/netty-codec-4.1.78.Final.jar:/home/ggmuller/Telemetria.Python.Kafka/kafka_2.13-3.4.0/bin/../libs/netty-common-4.1.78.Final.jar:/home/ggmuller/Telemetria.Python.Kafka/kafka_2.13-3.4.0/bin/../libs/netty-handler-4.1.78.Final.jar:/home/ggmuller/Telemetria.Python.Kafka/kafka_2.13-3.4.0/bin/../libs/netty-resolver-4.1.78.Final.jar:/home/ggmuller/Telemetria.Python.Kafka/kafka_2.13-3.4.0/bin/../libs/netty-transport-4.1.78.Final.jar:/home/ggmuller/Telemetria.Python.Kafka/kafka_2.13-3.4.0/bin/../libs/netty-transport-classes-epoll-4.1.78.Final.jar:/home/ggmuller/Telemetria.Python.Kafka/kafka_2.13-3.4.0/bin/../libs/netty-transport-native-epoll-4.1.78.Final.jar:/home/ggmuller/Telemetria.Python.Kafka/kafka_2.13-3.4.0/bin/../libs/netty-transport-native-unix-common-4.1.78.Final.jar:/home/ggmuller/Telemetria.Python.Kafka/kafka_2.13-3.4.0/bin/../libs/osgi-resource-locator-1.0.3.jar:/home/ggmuller/Telemetria.Python.Kafka/kafka_2.13-3.4.0/bin/../libs/paranamer-2.8.jar:/home/ggmuller/Telemetria.Python.Kafka/kafka_2.13-3.4.0/bin/../libs/plexus-utils-3.3.0.jar:/home/ggmuller/Telemetria.Python.Kafka/kafka_2.13-3.4.0/bin/../libs/reflections-0.9.12.jar:/home/ggmuller/Telemetria.Python.Kafka/kafka_2.13-3.4.0/bin/../libs/reload4j-1.2.19.jar:/home/ggmuller/Telemetria.Python.Kafka/kafka_2.13-3.4.0/bin/../libs/rocksdbjni-7.1.2.jar:/home/ggmuller/Telemetria.Python.Kafka/kafka_2.13-3.4.0/bin/../libs/scala-collection-compat_2.13-2.6.0.jar:/home/ggmuller/Telemetria.Python.Kafka/kafka_2.13-3.4.0/bin/../libs/scala-java8-compat_2.13-1.0.2.jar:/home/ggmuller/Telemetria.Python.Kafka/kafka_2.13-3.4.0/bin/../libs/scala-library-2.13.10.jar:/home/ggmuller/Telemetria.Python.Kafka/kafka_2.13-3.4.0/bin/../libs/scala-logging_2.13-3.9.4.jar:/home/ggmuller/Telemetria.Python.Kafka/kafka_2.13-3.4.0/bin/../libs/scala-reflect-2.13.10.jar:/home/ggmuller/Telemetria.Python.Kafka/kafka_2.13-3.4.0/bin/../libs/slf4j-api-1.7.36.jar:/home/ggmuller/Telemetria.Python.Kafka/kafka_2.13-3.4.0/bin/../libs/slf4j-reload4j-1.7.36.jar:/home/ggmuller/Telemetria.Python.Kafka/kafka_2.13-3.4.0/bin/../libs/snappy-java-1.1.8.4.jar:/home/ggmuller/Telemetria.Python.Kafka/kafka_2.13-3.4.0/bin/../libs/swagger-annotations-2.2.0.jar:/home/ggmuller/Telemetria.Python.Kafka/kafka_2.13-3.4.0/bin/../libs/trogdor-3.4.0.jar:/home/ggmuller/Telemetria.Python.Kafka/kafka_2.13-3.4.0/bin/../libs/zookeeper-3.6.3.jar:/home/ggmuller/Telemetria.Python.Kafka/kafka_2.13-3.4.0/bin/../libs/zookeeper-jute-3.6.3.jar:/home/ggmuller/Telemetria.Python.Kafka/kafka_2.13-3.4.0/bin/../libs/zstd-jni-1.5.2-1.jar (org.apache.zookeeper.ZooKeeper)
[2023-06-03 13:13:23,177] INFO Client environment:java.library.path=/usr/java/packages/lib:/usr/lib/x86_64-linux-gnu/jni:/lib/x86_64-linux-gnu:/usr/lib/x86_64-linux-gnu:/usr/lib/jni:/lib:/usr/lib (org.apache.zookeeper.ZooKeeper)
[2023-06-03 13:13:23,177] INFO Client environment:java.io.tmpdir=/tmp (org.apache.zookeeper.ZooKeeper)
[2023-06-03 13:13:23,177] INFO Client environment:java.compiler=<NA> (org.apache.zookeeper.ZooKeeper)
[2023-06-03 13:13:23,177] INFO Client environment:os.name=Linux (org.apache.zookeeper.ZooKeeper)
[2023-06-03 13:13:23,178] INFO Client environment:os.arch=amd64 (org.apache.zookeeper.ZooKeeper)
[2023-06-03 13:13:23,178] INFO Client environment:os.version=5.19.0-42-generic (org.apache.zookeeper.ZooKeeper)
[2023-06-03 13:13:23,178] INFO Client environment:user.name=ggmuller (org.apache.zookeeper.ZooKeeper)
[2023-06-03 13:13:23,178] INFO Client environment:user.home=/home/ggmuller (org.apache.zookeeper.ZooKeeper)
[2023-06-03 13:13:23,178] INFO Client environment:user.dir=/home/ggmuller/Telemetria.Python.Kafka/kafka_2.13-3.4.0/bin (org.apache.zookeeper.ZooKeeper)
[2023-06-03 13:13:23,178] INFO Client environment:os.memory.free=1015MB (org.apache.zookeeper.ZooKeeper)
[2023-06-03 13:13:23,178] INFO Client environment:os.memory.max=1024MB (org.apache.zookeeper.ZooKeeper)
[2023-06-03 13:13:23,178] INFO Client environment:os.memory.total=1024MB (org.apache.zookeeper.ZooKeeper)
[2023-06-03 13:13:23,182] INFO Initiating client connection, connectString=localhost:2181 sessionTimeout=18000 watcher=kafka.zookeeper.ZooKeeperClient$ZooKeeperClientWatcher$@3fce8fd9 (org.apache.zookeeper.ZooKeeper)
[2023-06-03 13:13:23,192] INFO jute.maxbuffer value is 4194304 Bytes (org.apache.zookeeper.ClientCnxnSocket)
[2023-06-03 13:13:23,206] INFO zookeeper.request.timeout value is 0. feature enabled=false (org.apache.zookeeper.ClientCnxn)
[2023-06-03 13:13:23,210] INFO [ZooKeeperClient Kafka server] Waiting until connected. (kafka.zookeeper.ZooKeeperClient)
[2023-06-03 13:13:23,212] INFO Opening socket connection to server localhost/127.0.0.1:2181. (org.apache.zookeeper.ClientCnxn)
[2023-06-03 13:13:23,221] INFO Socket connection established, initiating session, client: /127.0.0.1:35364, server: localhost/127.0.0.1:2181 (org.apache.zookeeper.ClientCnxn)
[2023-06-03 13:13:23,240] INFO Creating new log file: log.1 (org.apache.zookeeper.server.persistence.FileTxnLog)
[2023-06-03 13:13:23,262] INFO Session establishment complete on server localhost/127.0.0.1:2181, session id = 0x10000af9d930000, negotiated timeout = 18000 (org.apache.zookeeper.ClientCnxn)
[2023-06-03 13:13:23,267] INFO [ZooKeeperClient Kafka server] Connected. (kafka.zookeeper.ZooKeeperClient)
[2023-06-03 13:13:23,661] INFO Cluster ID = UOR1zp6IS_uhQz12EFLCKQ (kafka.server.KafkaServer)
[2023-06-03 13:13:23,666] WARN No meta.properties file under dir /tmp/kafka-logs/meta.properties (kafka.server.BrokerMetadataCheckpoint)
[2023-06-03 13:13:23,759] INFO KafkaConfig values: 
	advertised.listeners = null
	alter.config.policy.class.name = null
	alter.log.dirs.replication.quota.window.num = 11
	alter.log.dirs.replication.quota.window.size.seconds = 1
	authorizer.class.name = 
	auto.create.topics.enable = true
	auto.include.jmx.reporter = true
	auto.leader.rebalance.enable = true
	background.threads = 10
	broker.heartbeat.interval.ms = 2000
	broker.id = 0
	broker.id.generation.enable = true
	broker.rack = null
	broker.session.timeout.ms = 9000
	client.quota.callback.class = null
	compression.type = producer
	connection.failed.authentication.delay.ms = 100
	connections.max.idle.ms = 600000
	connections.max.reauth.ms = 0
	control.plane.listener.name = null
	controlled.shutdown.enable = true
	controlled.shutdown.max.retries = 3
	controlled.shutdown.retry.backoff.ms = 5000
	controller.listener.names = null
	controller.quorum.append.linger.ms = 25
	controller.quorum.election.backoff.max.ms = 1000
	controller.quorum.election.timeout.ms = 1000
	controller.quorum.fetch.timeout.ms = 2000
	controller.quorum.request.timeout.ms = 2000
	controller.quorum.retry.backoff.ms = 20
	controller.quorum.voters = []
	controller.quota.window.num = 11
	controller.quota.window.size.seconds = 1
	controller.socket.timeout.ms = 30000
	create.topic.policy.class.name = null
	default.replication.factor = 1
	delegation.token.expiry.check.interval.ms = 3600000
	delegation.token.expiry.time.ms = 86400000
	delegation.token.master.key = null
	delegation.token.max.lifetime.ms = 604800000
	delegation.token.secret.key = null
	delete.records.purgatory.purge.interval.requests = 1
	delete.topic.enable = true
	early.start.listeners = null
	fetch.max.bytes = 57671680
	fetch.purgatory.purge.interval.requests = 1000
	group.initial.rebalance.delay.ms = 0
	group.max.session.timeout.ms = 1800000
	group.max.size = 2147483647
	group.min.session.timeout.ms = 6000
	initial.broker.registration.timeout.ms = 60000
	inter.broker.listener.name = null
	inter.broker.protocol.version = 3.4-IV0
	kafka.metrics.polling.interval.secs = 10
	kafka.metrics.reporters = []
	leader.imbalance.check.interval.seconds = 300
	leader.imbalance.per.broker.percentage = 10
	listener.security.protocol.map = PLAINTEXT:PLAINTEXT,SSL:SSL,SASL_PLAINTEXT:SASL_PLAINTEXT,SASL_SSL:SASL_SSL
	listeners = PLAINTEXT://:9092
	log.cleaner.backoff.ms = 15000
	log.cleaner.dedupe.buffer.size = 134217728
	log.cleaner.delete.retention.ms = 86400000
	log.cleaner.enable = true
	log.cleaner.io.buffer.load.factor = 0.9
	log.cleaner.io.buffer.size = 524288
	log.cleaner.io.max.bytes.per.second = 1.7976931348623157E308
	log.cleaner.max.compaction.lag.ms = 9223372036854775807
	log.cleaner.min.cleanable.ratio = 0.5
	log.cleaner.min.compaction.lag.ms = 0
	log.cleaner.threads = 1
	log.cleanup.policy = [delete]
	log.dir = /tmp/kafka-logs
	log.dirs = /tmp/kafka-logs
	log.flush.interval.messages = 9223372036854775807
	log.flush.interval.ms = null
	log.flush.offset.checkpoint.interval.ms = 60000
	log.flush.scheduler.interval.ms = 9223372036854775807
	log.flush.start.offset.checkpoint.interval.ms = 60000
	log.index.interval.bytes = 4096
	log.index.size.max.bytes = 10485760
	log.message.downconversion.enable = true
	log.message.format.version = 3.0-IV1
	log.message.timestamp.difference.max.ms = 9223372036854775807
	log.message.timestamp.type = CreateTime
	log.preallocate = false
	log.retention.bytes = -1
	log.retention.check.interval.ms = 300000
	log.retention.hours = 168
	log.retention.minutes = null
	log.retention.ms = null
	log.roll.hours = 168
	log.roll.jitter.hours = 0
	log.roll.jitter.ms = null
	log.roll.ms = null
	log.segment.bytes = 1073741824
	log.segment.delete.delay.ms = 60000
	max.connection.creation.rate = 2147483647
	max.connections = 2147483647
	max.connections.per.ip = 2147483647
	max.connections.per.ip.overrides = 
	max.incremental.fetch.session.cache.slots = 1000
	message.max.bytes = 1048588
	metadata.log.dir = null
	metadata.log.max.record.bytes.between.snapshots = 20971520
	metadata.log.max.snapshot.interval.ms = 3600000
	metadata.log.segment.bytes = 1073741824
	metadata.log.segment.min.bytes = 8388608
	metadata.log.segment.ms = 604800000
	metadata.max.idle.interval.ms = 500
	metadata.max.retention.bytes = 104857600
	metadata.max.retention.ms = 604800000
	metric.reporters = []
	metrics.num.samples = 2
	metrics.recording.level = INFO
	metrics.sample.window.ms = 30000
	min.insync.replicas = 1
	node.id = 0
	num.io.threads = 8
	num.network.threads = 3
	num.partitions = 1
	num.recovery.threads.per.data.dir = 1
	num.replica.alter.log.dirs.threads = null
	num.replica.fetchers = 1
	offset.metadata.max.bytes = 4096
	offsets.commit.required.acks = -1
	offsets.commit.timeout.ms = 5000
	offsets.load.buffer.size = 5242880
	offsets.retention.check.interval.ms = 600000
	offsets.retention.minutes = 10080
	offsets.topic.compression.codec = 0
	offsets.topic.num.partitions = 50
	offsets.topic.replication.factor = 1
	offsets.topic.segment.bytes = 104857600
	password.encoder.cipher.algorithm = AES/CBC/PKCS5Padding
	password.encoder.iterations = 4096
	password.encoder.key.length = 128
	password.encoder.keyfactory.algorithm = null
	password.encoder.old.secret = null
	password.encoder.secret = null
	principal.builder.class = class org.apache.kafka.common.security.authenticator.DefaultKafkaPrincipalBuilder
	process.roles = []
	producer.id.expiration.check.interval.ms = 600000
	producer.id.expiration.ms = 86400000
	producer.purgatory.purge.interval.requests = 1000
	queued.max.request.bytes = -1
	queued.max.requests = 500
	quota.window.num = 11
	quota.window.size.seconds = 1
	remote.log.index.file.cache.total.size.bytes = 1073741824
	remote.log.manager.task.interval.ms = 30000
	remote.log.manager.task.retry.backoff.max.ms = 30000
	remote.log.manager.task.retry.backoff.ms = 500
	remote.log.manager.task.retry.jitter = 0.2
	remote.log.manager.thread.pool.size = 10
	remote.log.metadata.manager.class.name = null
	remote.log.metadata.manager.class.path = null
	remote.log.metadata.manager.impl.prefix = null
	remote.log.metadata.manager.listener.name = null
	remote.log.reader.max.pending.tasks = 100
	remote.log.reader.threads = 10
	remote.log.storage.manager.class.name = null
	remote.log.storage.manager.class.path = null
	remote.log.storage.manager.impl.prefix = null
	remote.log.storage.system.enable = false
	replica.fetch.backoff.ms = 1000
	replica.fetch.max.bytes = 1048576
	replica.fetch.min.bytes = 1
	replica.fetch.response.max.bytes = 10485760
	replica.fetch.wait.max.ms = 500
	replica.high.watermark.checkpoint.interval.ms = 5000
	replica.lag.time.max.ms = 30000
	replica.selector.class = null
	replica.socket.receive.buffer.bytes = 65536
	replica.socket.timeout.ms = 30000
	replication.quota.window.num = 11
	replication.quota.window.size.seconds = 1
	request.timeout.ms = 30000
	reserved.broker.max.id = 1000
	sasl.client.callback.handler.class = null
	sasl.enabled.mechanisms = [GSSAPI]
	sasl.jaas.config = null
	sasl.kerberos.kinit.cmd = /usr/bin/kinit
	sasl.kerberos.min.time.before.relogin = 60000
	sasl.kerberos.principal.to.local.rules = [DEFAULT]
	sasl.kerberos.service.name = null
	sasl.kerberos.ticket.renew.jitter = 0.05
	sasl.kerberos.ticket.renew.window.factor = 0.8
	sasl.login.callback.handler.class = null
	sasl.login.class = null
	sasl.login.connect.timeout.ms = null
	sasl.login.read.timeout.ms = null
	sasl.login.refresh.buffer.seconds = 300
	sasl.login.refresh.min.period.seconds = 60
	sasl.login.refresh.window.factor = 0.8
	sasl.login.refresh.window.jitter = 0.05
	sasl.login.retry.backoff.max.ms = 10000
	sasl.login.retry.backoff.ms = 100
	sasl.mechanism.controller.protocol = GSSAPI
	sasl.mechanism.inter.broker.protocol = GSSAPI
	sasl.oauthbearer.clock.skew.seconds = 30
	sasl.oauthbearer.expected.audience = null
	sasl.oauthbearer.expected.issuer = null
	sasl.oauthbearer.jwks.endpoint.refresh.ms = 3600000
	sasl.oauthbearer.jwks.endpoint.retry.backoff.max.ms = 10000
	sasl.oauthbearer.jwks.endpoint.retry.backoff.ms = 100
	sasl.oauthbearer.jwks.endpoint.url = null
	sasl.oauthbearer.scope.claim.name = scope
	sasl.oauthbearer.sub.claim.name = sub
	sasl.oauthbearer.token.endpoint.url = null
	sasl.server.callback.handler.class = null
	sasl.server.max.receive.size = 524288
	security.inter.broker.protocol = PLAINTEXT
	security.providers = null
	socket.connection.setup.timeout.max.ms = 30000
	socket.connection.setup.timeout.ms = 10000
	socket.listen.backlog.size = 50
	socket.receive.buffer.bytes = 102400
	socket.request.max.bytes = 104857600
	socket.send.buffer.bytes = 102400
	ssl.cipher.suites = []
	ssl.client.auth = none
	ssl.enabled.protocols = [TLSv1.2, TLSv1.3]
	ssl.endpoint.identification.algorithm = https
	ssl.engine.factory.class = null
	ssl.key.password = null
	ssl.keymanager.algorithm = SunX509
	ssl.keystore.certificate.chain = null
	ssl.keystore.key = null
	ssl.keystore.location = null
	ssl.keystore.password = null
	ssl.keystore.type = JKS
	ssl.principal.mapping.rules = DEFAULT
	ssl.protocol = TLSv1.3
	ssl.provider = null
	ssl.secure.random.implementation = null
	ssl.trustmanager.algorithm = PKIX
	ssl.truststore.certificates = null
	ssl.truststore.location = null
	ssl.truststore.password = null
	ssl.truststore.type = JKS
	transaction.abort.timed.out.transaction.cleanup.interval.ms = 10000
	transaction.max.timeout.ms = 900000
	transaction.remove.expired.transaction.cleanup.interval.ms = 3600000
	transaction.state.log.load.buffer.size = 5242880
	transaction.state.log.min.isr = 1
	transaction.state.log.num.partitions = 50
	transaction.state.log.replication.factor = 1
	transaction.state.log.segment.bytes = 104857600
	transactional.id.expiration.ms = 604800000
	unclean.leader.election.enable = false
	zookeeper.clientCnxnSocket = null
	zookeeper.connect = localhost:2181
	zookeeper.connection.timeout.ms = 18000
	zookeeper.max.in.flight.requests = 10
	zookeeper.metadata.migration.enable = false
	zookeeper.session.timeout.ms = 18000
	zookeeper.set.acl = false
	zookeeper.ssl.cipher.suites = null
	zookeeper.ssl.client.enable = false
	zookeeper.ssl.crl.enable = false
	zookeeper.ssl.enabled.protocols = null
	zookeeper.ssl.endpoint.identification.algorithm = HTTPS
	zookeeper.ssl.keystore.location = null
	zookeeper.ssl.keystore.password = null
	zookeeper.ssl.keystore.type = null
	zookeeper.ssl.ocsp.enable = false
	zookeeper.ssl.protocol = TLSv1.2
	zookeeper.ssl.truststore.location = null
	zookeeper.ssl.truststore.password = null
	zookeeper.ssl.truststore.type = null
 (kafka.server.KafkaConfig)
[2023-06-03 13:13:23,829] INFO [ThrottledChannelReaper-Fetch]: Starting (kafka.server.ClientQuotaManager$ThrottledChannelReaper)
[2023-06-03 13:13:23,829] INFO [ThrottledChannelReaper-Produce]: Starting (kafka.server.ClientQuotaManager$ThrottledChannelReaper)
[2023-06-03 13:13:23,831] INFO [ThrottledChannelReaper-Request]: Starting (kafka.server.ClientQuotaManager$ThrottledChannelReaper)
[2023-06-03 13:13:23,837] INFO [ThrottledChannelReaper-ControllerMutation]: Starting (kafka.server.ClientQuotaManager$ThrottledChannelReaper)
[2023-06-03 13:13:23,890] INFO Log directory /tmp/kafka-logs not found, creating it. (kafka.log.LogManager)
[2023-06-03 13:13:23,929] INFO Loading logs from log dirs ArraySeq(/tmp/kafka-logs) (kafka.log.LogManager)
[2023-06-03 13:13:23,934] INFO Attempting recovery for all logs in /tmp/kafka-logs since no clean shutdown file was found (kafka.log.LogManager)
[2023-06-03 13:13:23,955] INFO Loaded 0 logs in 25ms. (kafka.log.LogManager)
[2023-06-03 13:13:23,956] INFO Starting log cleanup with a period of 300000 ms. (kafka.log.LogManager)
[2023-06-03 13:13:23,959] INFO Starting log flusher with a default period of 9223372036854775807 ms. (kafka.log.LogManager)
[2023-06-03 13:13:24,077] INFO [feature-zk-node-event-process-thread]: Starting (kafka.server.FinalizedFeatureChangeListener$ChangeNotificationProcessorThread)
[2023-06-03 13:13:24,097] INFO Feature ZK node at path: /feature does not exist (kafka.server.FinalizedFeatureChangeListener)
[2023-06-03 13:13:24,151] INFO [BrokerToControllerChannelManager broker=0 name=forwarding]: Starting (kafka.server.BrokerToControllerRequestThread)
[2023-06-03 13:13:24,747] INFO Updated connection-accept-rate max connection creation rate to 2147483647 (kafka.network.ConnectionQuotas)
[2023-06-03 13:13:24,752] INFO Awaiting socket connections on 0.0.0.0:9092. (kafka.network.DataPlaneAcceptor)
[2023-06-03 13:13:24,790] INFO [SocketServer listenerType=ZK_BROKER, nodeId=0] Created data-plane acceptor and processors for endpoint : ListenerName(PLAINTEXT) (kafka.network.SocketServer)
[2023-06-03 13:13:24,800] INFO [BrokerToControllerChannelManager broker=0 name=alterPartition]: Starting (kafka.server.BrokerToControllerRequestThread)
[2023-06-03 13:13:24,829] INFO [ExpirationReaper-0-Produce]: Starting (kafka.server.DelayedOperationPurgatory$ExpiredOperationReaper)
[2023-06-03 13:13:24,833] INFO [ExpirationReaper-0-Fetch]: Starting (kafka.server.DelayedOperationPurgatory$ExpiredOperationReaper)
[2023-06-03 13:13:24,834] INFO [ExpirationReaper-0-DeleteRecords]: Starting (kafka.server.DelayedOperationPurgatory$ExpiredOperationReaper)
[2023-06-03 13:13:24,835] INFO [ExpirationReaper-0-ElectLeader]: Starting (kafka.server.DelayedOperationPurgatory$ExpiredOperationReaper)
[2023-06-03 13:13:24,872] INFO [LogDirFailureHandler]: Starting (kafka.server.ReplicaManager$LogDirFailureHandler)
[2023-06-03 13:13:24,937] INFO Creating /brokers/ids/0 (is it secure? false) (kafka.zk.KafkaZkClient)
[2023-06-03 13:13:24,981] INFO Stat of the created znode at /brokers/ids/0 is: 25,25,1685808804962,1685808804962,1,0,0,72058348300861440,212,0,25
 (kafka.zk.KafkaZkClient)
[2023-06-03 13:13:24,982] INFO Registered broker 0 at path /brokers/ids/0 with addresses: PLAINTEXT://host1.test.com:9092, czxid (broker epoch): 25 (kafka.zk.KafkaZkClient)
[2023-06-03 13:13:25,093] INFO [ExpirationReaper-0-topic]: Starting (kafka.server.DelayedOperationPurgatory$ExpiredOperationReaper)
[2023-06-03 13:13:25,104] INFO [ExpirationReaper-0-Heartbeat]: Starting (kafka.server.DelayedOperationPurgatory$ExpiredOperationReaper)
[2023-06-03 13:13:25,108] INFO [ExpirationReaper-0-Rebalance]: Starting (kafka.server.DelayedOperationPurgatory$ExpiredOperationReaper)
[2023-06-03 13:13:25,115] INFO Successfully created /controller_epoch with initial epoch 0 (kafka.zk.KafkaZkClient)
[2023-06-03 13:13:25,146] INFO [GroupCoordinator 0]: Starting up. (kafka.coordinator.group.GroupCoordinator)
[2023-06-03 13:13:25,150] INFO Feature ZK node created at path: /feature (kafka.server.FinalizedFeatureChangeListener)
[2023-06-03 13:13:25,161] INFO [GroupCoordinator 0]: Startup complete. (kafka.coordinator.group.GroupCoordinator)
[2023-06-03 13:13:25,194] INFO [TransactionCoordinator id=0] Starting up. (kafka.coordinator.transaction.TransactionCoordinator)
[2023-06-03 13:13:25,199] INFO [MetadataCache brokerId=0] Updated cache from existing <empty> to latest FinalizedFeaturesAndEpoch(features=Map(), epoch=0). (kafka.server.metadata.ZkMetadataCache)
[2023-06-03 13:13:25,201] INFO [TransactionCoordinator id=0] Startup complete. (kafka.coordinator.transaction.TransactionCoordinator)
[2023-06-03 13:13:25,205] INFO [Transaction Marker Channel Manager 0]: Starting (kafka.coordinator.transaction.TransactionMarkerChannelManager)
[2023-06-03 13:13:25,260] INFO [ExpirationReaper-0-AlterAcls]: Starting (kafka.server.DelayedOperationPurgatory$ExpiredOperationReaper)
[2023-06-03 13:13:25,312] INFO [/config/changes-event-process-thread]: Starting (kafka.common.ZkNodeChangeNotificationListener$ChangeEventProcessThread)
[2023-06-03 13:13:25,343] INFO [SocketServer listenerType=ZK_BROKER, nodeId=0] Enabling request processing. (kafka.network.SocketServer)
[2023-06-03 13:13:25,369] INFO Kafka version: 3.4.0 (org.apache.kafka.common.utils.AppInfoParser)
[2023-06-03 13:13:25,369] INFO Kafka commitId: 2e1947d240607d53 (org.apache.kafka.common.utils.AppInfoParser)
[2023-06-03 13:13:25,369] INFO Kafka startTimeMs: 1685808805358 (org.apache.kafka.common.utils.AppInfoParser)
[2023-06-03 13:13:25,373] INFO [KafkaServer id=0] started (kafka.server.KafkaServer)
[2023-06-03 13:13:55,388] INFO [Controller id=0, targetBrokerId=0] Disconnecting from node 0 due to socket connection setup timeout. The timeout value is 11468 ms. (org.apache.kafka.clients.NetworkClient)
[2023-06-03 13:13:55,505] INFO [Controller id=0, targetBrokerId=0] Client requested connection close from node 0 (org.apache.kafka.clients.NetworkClient)
[2023-06-03 13:14:25,633] INFO [Controller id=0, targetBrokerId=0] Disconnecting from node 0 due to socket connection setup timeout. The timeout value is 11881 ms. (org.apache.kafka.clients.NetworkClient)
[2023-06-03 13:14:25,635] INFO [Controller id=0, targetBrokerId=0] Client requested connection close from node 0 (org.apache.kafka.clients.NetworkClient)
[2023-06-03 13:14:55,765] INFO [Controller id=0, targetBrokerId=0] Disconnecting from node 0 due to socket connection setup timeout. The timeout value is 9578 ms. (org.apache.kafka.clients.NetworkClient)
[2023-06-03 13:14:55,766] INFO [Controller id=0, targetBrokerId=0] Client requested connection close from node 0 (org.apache.kafka.clients.NetworkClient)
[2023-06-03 13:14:58,646] INFO Registered kafka:type=kafka.Log4jController MBean (kafka.utils.Log4jControllerRegistration$)
[2023-06-03 13:14:59,083] INFO Setting -D jdk.tls.rejectClientInitiatedRenegotiation=true to disable client-initiated TLS renegotiation (org.apache.zookeeper.common.X509Util)
[2023-06-03 13:14:59,323] INFO Registered signal handlers for TERM, INT, HUP (org.apache.kafka.common.utils.LoggingSignalHandler)
[2023-06-03 13:14:59,327] INFO Starting controller (kafka.server.ControllerServer)
[2023-06-03 13:15:00,011] INFO Updated connection-accept-rate max connection creation rate to 2147483647 (kafka.network.ConnectionQuotas)
[2023-06-03 13:15:00,026] INFO Awaiting socket connections on 0.0.0.0:9093. (kafka.network.DataPlaneAcceptor)
[2023-06-03 13:15:00,092] INFO [SocketServer listenerType=CONTROLLER, nodeId=1] Created data-plane acceptor and processors for endpoint : ListenerName(CONTROLLER) (kafka.network.SocketServer)
[2023-06-03 13:15:00,097] INFO [SharedServer id=1] Starting SharedServer (kafka.server.SharedServer)
[2023-06-03 13:15:00,215] INFO [LogLoader partition=__cluster_metadata-0, dir=/tmp/kraft-combined-logs] Loading producer state till offset 0 with message format version 2 (kafka.log.UnifiedLog$)
[2023-06-03 13:15:00,216] INFO [LogLoader partition=__cluster_metadata-0, dir=/tmp/kraft-combined-logs] Reloading from producer snapshot and rebuilding producer state from offset 0 (kafka.log.UnifiedLog$)
[2023-06-03 13:15:00,219] INFO [LogLoader partition=__cluster_metadata-0, dir=/tmp/kraft-combined-logs] Producer state recovery took 1ms for snapshot load and 0ms for segment recovery from offset 0 (kafka.log.UnifiedLog$)
[2023-06-03 13:15:00,279] INFO Initialized snapshots with IDs SortedSet() from /tmp/kraft-combined-logs/__cluster_metadata-0 (kafka.raft.KafkaMetadataLog$)
[2023-06-03 13:15:00,308] INFO [raft-expiration-reaper]: Starting (kafka.raft.TimingWheelExpirationService$ExpiredOperationReaper)
[2023-06-03 13:15:00,579] INFO [RaftManager nodeId=1] Completed transition to Unattached(epoch=0, voters=[1], electionTimeoutMs=1594) (org.apache.kafka.raft.QuorumState)
[2023-06-03 13:15:00,593] INFO [RaftManager nodeId=1] Completed transition to CandidateState(localId=1, epoch=1, retries=1, electionTimeoutMs=1747) (org.apache.kafka.raft.QuorumState)
[2023-06-03 13:15:00,608] INFO [RaftManager nodeId=1] Completed transition to Leader(localId=1, epoch=1, epochStartOffset=0, highWatermark=Optional.empty, voterStates={1=ReplicaState(nodeId=1, endOffset=Optional.empty, lastFetchTimestamp=-1, lastCaughtUpTimestamp=-1, hasAcknowledgedLeader=true)}) (org.apache.kafka.raft.QuorumState)
[2023-06-03 13:15:00,645] INFO [kafka-raft-outbound-request-thread]: Starting (kafka.raft.RaftSendThread)
[2023-06-03 13:15:00,647] INFO [kafka-raft-io-thread]: Starting (kafka.raft.KafkaRaftManager$RaftIoThread)
[2023-06-03 13:15:00,685] INFO [RaftManager nodeId=1] High watermark set to LogOffsetMetadata(offset=1, metadata=Optional[(segmentBaseOffset=0,relativePositionInSegment=91)]) for the first time for epoch 1 based on indexOfHw 0 and voters [ReplicaState(nodeId=1, endOffset=Optional[LogOffsetMetadata(offset=1, metadata=Optional[(segmentBaseOffset=0,relativePositionInSegment=91)])], lastFetchTimestamp=-1, lastCaughtUpTimestamp=-1, hasAcknowledgedLeader=true)] (org.apache.kafka.raft.LeaderState)
[2023-06-03 13:15:00,717] INFO [RaftManager nodeId=1] Registered the listener org.apache.kafka.image.loader.MetadataLoader@734795173 (org.apache.kafka.raft.KafkaRaftClient)
[2023-06-03 13:15:00,735] INFO [MetadataLoader 1] Publishing initial snapshot at offset -1 to SnapshotGenerator (org.apache.kafka.image.loader.MetadataLoader)
[2023-06-03 13:15:00,743] INFO [RaftManager nodeId=1] Registered the listener org.apache.kafka.controller.QuorumController$QuorumMetaLogListener@1049677313 (org.apache.kafka.raft.KafkaRaftClient)
[2023-06-03 13:15:00,762] INFO [ThrottledChannelReaper-Fetch]: Starting (kafka.server.ClientQuotaManager$ThrottledChannelReaper)
[2023-06-03 13:15:00,762] INFO [ThrottledChannelReaper-Produce]: Starting (kafka.server.ClientQuotaManager$ThrottledChannelReaper)
[2023-06-03 13:15:00,765] INFO [ThrottledChannelReaper-Request]: Starting (kafka.server.ClientQuotaManager$ThrottledChannelReaper)
[2023-06-03 13:15:00,769] INFO [ThrottledChannelReaper-ControllerMutation]: Starting (kafka.server.ClientQuotaManager$ThrottledChannelReaper)
[2023-06-03 13:15:00,811] INFO [ExpirationReaper-1-AlterAcls]: Starting (kafka.server.DelayedOperationPurgatory$ExpiredOperationReaper)
[2023-06-03 13:15:00,816] INFO [SocketServer listenerType=CONTROLLER, nodeId=1] Enabling request processing. (kafka.network.SocketServer)
[2023-06-03 13:15:00,823] INFO [BrokerServer id=1] Transition from SHUTDOWN to STARTING (kafka.server.BrokerServer)
[2023-06-03 13:15:00,825] INFO [BrokerServer id=1] Starting broker (kafka.server.BrokerServer)
[2023-06-03 13:15:00,842] INFO [ThrottledChannelReaper-Fetch]: Starting (kafka.server.ClientQuotaManager$ThrottledChannelReaper)
[2023-06-03 13:15:00,843] INFO [ThrottledChannelReaper-Produce]: Starting (kafka.server.ClientQuotaManager$ThrottledChannelReaper)
[2023-06-03 13:15:00,845] INFO [ThrottledChannelReaper-ControllerMutation]: Starting (kafka.server.ClientQuotaManager$ThrottledChannelReaper)
[2023-06-03 13:15:00,845] INFO [ThrottledChannelReaper-Request]: Starting (kafka.server.ClientQuotaManager$ThrottledChannelReaper)
[2023-06-03 13:15:00,895] INFO [BrokerToControllerChannelManager broker=1 name=forwarding]: Starting (kafka.server.BrokerToControllerRequestThread)
[2023-06-03 13:15:00,897] INFO [BrokerToControllerChannelManager broker=1 name=forwarding]: Recorded new controller, from now on will use node localhost:9093 (id: 1 rack: null) (kafka.server.BrokerToControllerRequestThread)
[2023-06-03 13:15:01,002] INFO Updated connection-accept-rate max connection creation rate to 2147483647 (kafka.network.ConnectionQuotas)
[2023-06-03 13:15:01,004] INFO [BrokerServer id=1] Transition from STARTING to STARTED (kafka.server.BrokerServer)
[2023-06-03 13:15:01,009] ERROR [BrokerServer id=1] Fatal error during broker startup. Prepare to shutdown (kafka.server.BrokerServer)
org.apache.kafka.common.KafkaException: Socket server failed to bind to 0.0.0.0:9092: Address already in use.
	at kafka.network.Acceptor.openServerSocket(SocketServer.scala:684)
	at kafka.network.Acceptor.<init>(SocketServer.scala:576)
	at kafka.network.DataPlaneAcceptor.<init>(SocketServer.scala:433)
	at kafka.network.SocketServer.createDataPlaneAcceptor(SocketServer.scala:247)
	at kafka.network.SocketServer.createDataPlaneAcceptorAndProcessors(SocketServer.scala:226)
	at kafka.network.SocketServer.$anonfun$new$31(SocketServer.scala:173)
	at kafka.network.SocketServer.$anonfun$new$31$adapted(SocketServer.scala:173)
	at scala.collection.IterableOnceOps.foreach(IterableOnce.scala:575)
	at scala.collection.IterableOnceOps.foreach$(IterableOnce.scala:573)
	at scala.collection.AbstractIterable.foreach(Iterable.scala:933)
	at kafka.network.SocketServer.<init>(SocketServer.scala:173)
	at kafka.server.BrokerServer.startup(BrokerServer.scala:238)
	at kafka.server.KafkaRaftServer.$anonfun$startup$2(KafkaRaftServer.scala:99)
	at kafka.server.KafkaRaftServer.$anonfun$startup$2$adapted(KafkaRaftServer.scala:99)
	at scala.Option.foreach(Option.scala:437)
	at kafka.server.KafkaRaftServer.startup(KafkaRaftServer.scala:99)
	at kafka.Kafka$.main(Kafka.scala:115)
	at kafka.Kafka.main(Kafka.scala)
Caused by: java.net.BindException: Address already in use
	at java.base/sun.nio.ch.Net.bind0(Native Method)
	at java.base/sun.nio.ch.Net.bind(Net.java:459)
	at java.base/sun.nio.ch.Net.bind(Net.java:448)
	at java.base/sun.nio.ch.ServerSocketChannelImpl.bind(ServerSocketChannelImpl.java:227)
	at java.base/sun.nio.ch.ServerSocketAdaptor.bind(ServerSocketAdaptor.java:80)
	at kafka.network.Acceptor.openServerSocket(SocketServer.scala:680)
	... 17 more
[2023-06-03 13:15:01,014] INFO [BrokerServer id=1] Transition from STARTED to SHUTTING_DOWN (kafka.server.BrokerServer)
[2023-06-03 13:15:01,015] INFO [BrokerServer id=1] shutting down (kafka.server.BrokerServer)
[2023-06-03 13:15:01,017] INFO [BrokerLifecycleManager id=1] Skipping controlled shutdown because we are in state NOT_RUNNING. (kafka.server.BrokerLifecycleManager)
[2023-06-03 13:15:01,018] INFO [BrokerLifecycleManager id=1] beginShutdown: shutting down event queue. (org.apache.kafka.queue.KafkaEventQueue)
[2023-06-03 13:15:01,019] INFO [BrokerLifecycleManager id=1] Transitioning from NOT_RUNNING to SHUTTING_DOWN. (kafka.server.BrokerLifecycleManager)
[2023-06-03 13:15:01,042] INFO [BrokerToControllerChannelManager broker=1 name=forwarding]: Shutting down (kafka.server.BrokerToControllerRequestThread)
[2023-06-03 13:15:01,048] INFO [BrokerToControllerChannelManager broker=1 name=forwarding]: Shutdown completed (kafka.server.BrokerToControllerRequestThread)
[2023-06-03 13:15:01,048] INFO [BrokerToControllerChannelManager broker=1 name=forwarding]: Stopped (kafka.server.BrokerToControllerRequestThread)
[2023-06-03 13:15:01,051] INFO Broker to controller channel manager for forwarding shutdown (kafka.server.BrokerToControllerChannelManagerImpl)
[2023-06-03 13:15:01,052] INFO Shutting down. (kafka.log.LogManager)
[2023-06-03 13:15:01,090] INFO Shutdown complete. (kafka.log.LogManager)
[2023-06-03 13:15:01,091] INFO [ThrottledChannelReaper-Fetch]: Shutting down (kafka.server.ClientQuotaManager$ThrottledChannelReaper)
[2023-06-03 13:15:01,093] INFO [ThrottledChannelReaper-Fetch]: Stopped (kafka.server.ClientQuotaManager$ThrottledChannelReaper)
[2023-06-03 13:15:01,093] INFO [ThrottledChannelReaper-Fetch]: Shutdown completed (kafka.server.ClientQuotaManager$ThrottledChannelReaper)
[2023-06-03 13:15:01,093] INFO [ThrottledChannelReaper-Produce]: Shutting down (kafka.server.ClientQuotaManager$ThrottledChannelReaper)
[2023-06-03 13:15:01,093] INFO [ThrottledChannelReaper-Produce]: Shutdown completed (kafka.server.ClientQuotaManager$ThrottledChannelReaper)
[2023-06-03 13:15:01,093] INFO [ThrottledChannelReaper-Produce]: Stopped (kafka.server.ClientQuotaManager$ThrottledChannelReaper)
[2023-06-03 13:15:01,094] INFO [ThrottledChannelReaper-Request]: Shutting down (kafka.server.ClientQuotaManager$ThrottledChannelReaper)
[2023-06-03 13:15:01,094] INFO [ThrottledChannelReaper-Request]: Stopped (kafka.server.ClientQuotaManager$ThrottledChannelReaper)
[2023-06-03 13:15:01,094] INFO [ThrottledChannelReaper-Request]: Shutdown completed (kafka.server.ClientQuotaManager$ThrottledChannelReaper)
[2023-06-03 13:15:01,094] INFO [ThrottledChannelReaper-ControllerMutation]: Shutting down (kafka.server.ClientQuotaManager$ThrottledChannelReaper)
[2023-06-03 13:15:01,094] INFO [ThrottledChannelReaper-ControllerMutation]: Stopped (kafka.server.ClientQuotaManager$ThrottledChannelReaper)
[2023-06-03 13:15:01,094] INFO [ThrottledChannelReaper-ControllerMutation]: Shutdown completed (kafka.server.ClientQuotaManager$ThrottledChannelReaper)
[2023-06-03 13:15:01,100] INFO Broker and topic stats closed (kafka.server.BrokerTopicStats)
[2023-06-03 13:15:01,101] INFO [BrokerLifecycleManager id=1] closed event queue. (org.apache.kafka.queue.KafkaEventQueue)
[2023-06-03 13:15:01,102] INFO [BrokerServer id=1] shut down completed (kafka.server.BrokerServer)
[2023-06-03 13:15:01,102] INFO [BrokerServer id=1] Transition from SHUTTING_DOWN to SHUTDOWN (kafka.server.BrokerServer)
[2023-06-03 13:15:01,103] ERROR Exiting Kafka due to fatal exception during startup. (kafka.Kafka$)
org.apache.kafka.common.KafkaException: Socket server failed to bind to 0.0.0.0:9092: Address already in use.
	at kafka.network.Acceptor.openServerSocket(SocketServer.scala:684)
	at kafka.network.Acceptor.<init>(SocketServer.scala:576)
	at kafka.network.DataPlaneAcceptor.<init>(SocketServer.scala:433)
	at kafka.network.SocketServer.createDataPlaneAcceptor(SocketServer.scala:247)
	at kafka.network.SocketServer.createDataPlaneAcceptorAndProcessors(SocketServer.scala:226)
	at kafka.network.SocketServer.$anonfun$new$31(SocketServer.scala:173)
	at kafka.network.SocketServer.$anonfun$new$31$adapted(SocketServer.scala:173)
	at scala.collection.IterableOnceOps.foreach(IterableOnce.scala:575)
	at scala.collection.IterableOnceOps.foreach$(IterableOnce.scala:573)
	at scala.collection.AbstractIterable.foreach(Iterable.scala:933)
	at kafka.network.SocketServer.<init>(SocketServer.scala:173)
	at kafka.server.BrokerServer.startup(BrokerServer.scala:238)
	at kafka.server.KafkaRaftServer.$anonfun$startup$2(KafkaRaftServer.scala:99)
	at kafka.server.KafkaRaftServer.$anonfun$startup$2$adapted(KafkaRaftServer.scala:99)
	at scala.Option.foreach(Option.scala:437)
	at kafka.server.KafkaRaftServer.startup(KafkaRaftServer.scala:99)
	at kafka.Kafka$.main(Kafka.scala:115)
	at kafka.Kafka.main(Kafka.scala)
Caused by: java.net.BindException: Address already in use
	at java.base/sun.nio.ch.Net.bind0(Native Method)
	at java.base/sun.nio.ch.Net.bind(Net.java:459)
	at java.base/sun.nio.ch.Net.bind(Net.java:448)
	at java.base/sun.nio.ch.ServerSocketChannelImpl.bind(ServerSocketChannelImpl.java:227)
	at java.base/sun.nio.ch.ServerSocketAdaptor.bind(ServerSocketAdaptor.java:80)
	at kafka.network.Acceptor.openServerSocket(SocketServer.scala:680)
	... 17 more
[2023-06-03 13:15:01,107] INFO [ControllerServer id=1] shutting down (kafka.server.ControllerServer)
[2023-06-03 13:15:01,108] INFO [raft-expiration-reaper]: Shutting down (kafka.raft.TimingWheelExpirationService$ExpiredOperationReaper)
[2023-06-03 13:15:01,115] INFO [raft-expiration-reaper]: Stopped (kafka.raft.TimingWheelExpirationService$ExpiredOperationReaper)
[2023-06-03 13:15:01,117] INFO [raft-expiration-reaper]: Shutdown completed (kafka.raft.TimingWheelExpirationService$ExpiredOperationReaper)
[2023-06-03 13:15:01,119] INFO [kafka-raft-io-thread]: Shutting down (kafka.raft.KafkaRaftManager$RaftIoThread)
[2023-06-03 13:15:01,120] INFO [RaftManager nodeId=1] Beginning graceful shutdown (org.apache.kafka.raft.KafkaRaftClient)
[2023-06-03 13:15:01,122] INFO [RaftManager nodeId=1] Graceful shutdown completed (org.apache.kafka.raft.KafkaRaftClient)
[2023-06-03 13:15:01,123] INFO [kafka-raft-io-thread]: Completed graceful shutdown of RaftClient (kafka.raft.KafkaRaftManager$RaftIoThread)
[2023-06-03 13:15:01,123] INFO [kafka-raft-io-thread]: Stopped (kafka.raft.KafkaRaftManager$RaftIoThread)
[2023-06-03 13:15:01,124] INFO [kafka-raft-io-thread]: Shutdown completed (kafka.raft.KafkaRaftManager$RaftIoThread)
[2023-06-03 13:15:01,130] INFO [kafka-raft-outbound-request-thread]: Shutting down (kafka.raft.RaftSendThread)
[2023-06-03 13:15:01,131] INFO [kafka-raft-outbound-request-thread]: Stopped (kafka.raft.RaftSendThread)
[2023-06-03 13:15:01,131] INFO [kafka-raft-outbound-request-thread]: Shutdown completed (kafka.raft.RaftSendThread)
[2023-06-03 13:15:01,140] INFO [ProducerStateManager partition=__cluster_metadata-0] Wrote producer snapshot at offset 2 with 0 producer ids in 6 ms. (kafka.log.ProducerStateManager)
[2023-06-03 13:15:01,152] INFO [SocketServer listenerType=CONTROLLER, nodeId=1] Stopping socket server request processors (kafka.network.SocketServer)
[2023-06-03 13:15:01,168] INFO [SocketServer listenerType=CONTROLLER, nodeId=1] Stopped socket server request processors (kafka.network.SocketServer)
[2023-06-03 13:15:01,169] INFO [Controller 1] QuorumController#beginShutdown: shutting down event queue. (org.apache.kafka.queue.KafkaEventQueue)
[2023-06-03 13:15:01,171] INFO [SocketServer listenerType=CONTROLLER, nodeId=1] Shutting down socket server (kafka.network.SocketServer)
[2023-06-03 13:15:01,201] INFO [SocketServer listenerType=CONTROLLER, nodeId=1] Shutdown completed (kafka.network.SocketServer)
[2023-06-03 13:15:01,202] INFO [data-plane Kafka Request Handler on Broker 1], shutting down (kafka.server.KafkaRequestHandlerPool)
[2023-06-03 13:15:01,206] INFO [data-plane Kafka Request Handler on Broker 1], shut down completely (kafka.server.KafkaRequestHandlerPool)
[2023-06-03 13:15:01,207] INFO [ExpirationReaper-1-AlterAcls]: Shutting down (kafka.server.DelayedOperationPurgatory$ExpiredOperationReaper)
[2023-06-03 13:15:01,209] INFO [ExpirationReaper-1-AlterAcls]: Stopped (kafka.server.DelayedOperationPurgatory$ExpiredOperationReaper)
[2023-06-03 13:15:01,209] INFO [ExpirationReaper-1-AlterAcls]: Shutdown completed (kafka.server.DelayedOperationPurgatory$ExpiredOperationReaper)
[2023-06-03 13:15:01,210] INFO [ThrottledChannelReaper-Fetch]: Shutting down (kafka.server.ClientQuotaManager$ThrottledChannelReaper)
[2023-06-03 13:15:01,211] INFO [ThrottledChannelReaper-Fetch]: Stopped (kafka.server.ClientQuotaManager$ThrottledChannelReaper)
[2023-06-03 13:15:01,211] INFO [ThrottledChannelReaper-Fetch]: Shutdown completed (kafka.server.ClientQuotaManager$ThrottledChannelReaper)
[2023-06-03 13:15:01,211] INFO [ThrottledChannelReaper-Produce]: Shutting down (kafka.server.ClientQuotaManager$ThrottledChannelReaper)
[2023-06-03 13:15:01,211] INFO [ThrottledChannelReaper-Produce]: Stopped (kafka.server.ClientQuotaManager$ThrottledChannelReaper)
[2023-06-03 13:15:01,211] INFO [ThrottledChannelReaper-Produce]: Shutdown completed (kafka.server.ClientQuotaManager$ThrottledChannelReaper)
[2023-06-03 13:15:01,211] INFO [ThrottledChannelReaper-Request]: Shutting down (kafka.server.ClientQuotaManager$ThrottledChannelReaper)
[2023-06-03 13:15:01,212] INFO [ThrottledChannelReaper-Request]: Stopped (kafka.server.ClientQuotaManager$ThrottledChannelReaper)
[2023-06-03 13:15:01,212] INFO [ThrottledChannelReaper-Request]: Shutdown completed (kafka.server.ClientQuotaManager$ThrottledChannelReaper)
[2023-06-03 13:15:01,212] INFO [ThrottledChannelReaper-ControllerMutation]: Shutting down (kafka.server.ClientQuotaManager$ThrottledChannelReaper)
[2023-06-03 13:15:01,212] INFO [ThrottledChannelReaper-ControllerMutation]: Stopped (kafka.server.ClientQuotaManager$ThrottledChannelReaper)
[2023-06-03 13:15:01,212] INFO [ThrottledChannelReaper-ControllerMutation]: Shutdown completed (kafka.server.ClientQuotaManager$ThrottledChannelReaper)
[2023-06-03 13:15:01,212] INFO [Controller 1] closed event queue. (org.apache.kafka.queue.KafkaEventQueue)
[2023-06-03 13:15:01,216] INFO [SharedServer id=1] Stopping SharedServer (kafka.server.SharedServer)
[2023-06-03 13:15:01,217] INFO [MetadataLoader 1] beginShutdown: shutting down event queue. (org.apache.kafka.queue.KafkaEventQueue)
[2023-06-03 13:15:01,217] INFO [SnapshotGenerator 1] close: shutting down event queue. (org.apache.kafka.queue.KafkaEventQueue)
[2023-06-03 13:15:01,218] INFO [SnapshotGenerator 1] closed event queue. (org.apache.kafka.queue.KafkaEventQueue)
[2023-06-03 13:15:01,219] INFO [MetadataLoader 1] closed event queue. (org.apache.kafka.queue.KafkaEventQueue)
[2023-06-03 13:15:01,219] INFO [SnapshotGenerator 1] closed event queue. (org.apache.kafka.queue.KafkaEventQueue)
[2023-06-03 13:15:01,222] INFO Metrics scheduler closed (org.apache.kafka.common.metrics.Metrics)
[2023-06-03 13:15:01,222] INFO Metrics reporters closed (org.apache.kafka.common.metrics.Metrics)
[2023-06-03 13:15:01,230] INFO App info kafka.server for 1 unregistered (org.apache.kafka.common.utils.AppInfoParser)
[2023-06-03 13:15:01,231] INFO App info kafka.server for 1 unregistered (org.apache.kafka.common.utils.AppInfoParser)
[2023-06-03 13:15:25,897] INFO [Controller id=0, targetBrokerId=0] Disconnecting from node 0 due to socket connection setup timeout. The timeout value is 8671 ms. (org.apache.kafka.clients.NetworkClient)
[2023-06-03 13:15:25,899] INFO [Controller id=0, targetBrokerId=0] Client requested connection close from node 0 (org.apache.kafka.clients.NetworkClient)
[2023-06-03 13:15:56,029] INFO [Controller id=0, targetBrokerId=0] Disconnecting from node 0 due to socket connection setup timeout. The timeout value is 10064 ms. (org.apache.kafka.clients.NetworkClient)
[2023-06-03 13:15:56,030] INFO [Controller id=0, targetBrokerId=0] Client requested connection close from node 0 (org.apache.kafka.clients.NetworkClient)
[2023-06-03 13:16:26,142] INFO [Controller id=0, targetBrokerId=0] Disconnecting from node 0 due to socket connection setup timeout. The timeout value is 10621 ms. (org.apache.kafka.clients.NetworkClient)
[2023-06-03 13:16:26,143] INFO [Controller id=0, targetBrokerId=0] Client requested connection close from node 0 (org.apache.kafka.clients.NetworkClient)
[2023-06-03 13:16:56,273] INFO [Controller id=0, targetBrokerId=0] Disconnecting from node 0 due to socket connection setup timeout. The timeout value is 8587 ms. (org.apache.kafka.clients.NetworkClient)
[2023-06-03 13:16:56,274] INFO [Controller id=0, targetBrokerId=0] Client requested connection close from node 0 (org.apache.kafka.clients.NetworkClient)
[2023-06-03 13:17:26,401] INFO [Controller id=0, targetBrokerId=0] Disconnecting from node 0 due to socket connection setup timeout. The timeout value is 9604 ms. (org.apache.kafka.clients.NetworkClient)
[2023-06-03 13:17:26,403] INFO [Controller id=0, targetBrokerId=0] Client requested connection close from node 0 (org.apache.kafka.clients.NetworkClient)
[2023-06-03 13:17:56,534] INFO [Controller id=0, targetBrokerId=0] Disconnecting from node 0 due to socket connection setup timeout. The timeout value is 11362 ms. (org.apache.kafka.clients.NetworkClient)
[2023-06-03 13:17:56,536] INFO [Controller id=0, targetBrokerId=0] Client requested connection close from node 0 (org.apache.kafka.clients.NetworkClient)
[2023-06-03 13:18:26,665] INFO [Controller id=0, targetBrokerId=0] Disconnecting from node 0 due to socket connection setup timeout. The timeout value is 8994 ms. (org.apache.kafka.clients.NetworkClient)
[2023-06-03 13:18:26,667] INFO [Controller id=0, targetBrokerId=0] Client requested connection close from node 0 (org.apache.kafka.clients.NetworkClient)
[2023-06-03 13:18:56,797] INFO [Controller id=0, targetBrokerId=0] Disconnecting from node 0 due to socket connection setup timeout. The timeout value is 9031 ms. (org.apache.kafka.clients.NetworkClient)
[2023-06-03 13:18:56,799] INFO [Controller id=0, targetBrokerId=0] Client requested connection close from node 0 (org.apache.kafka.clients.NetworkClient)
[2023-06-03 13:19:26,929] INFO [Controller id=0, targetBrokerId=0] Disconnecting from node 0 due to socket connection setup timeout. The timeout value is 11262 ms. (org.apache.kafka.clients.NetworkClient)
[2023-06-03 13:19:26,930] INFO [Controller id=0, targetBrokerId=0] Client requested connection close from node 0 (org.apache.kafka.clients.NetworkClient)
[2023-06-03 13:19:57,061] INFO [Controller id=0, targetBrokerId=0] Disconnecting from node 0 due to socket connection setup timeout. The timeout value is 9521 ms. (org.apache.kafka.clients.NetworkClient)
[2023-06-03 13:19:57,063] INFO [Controller id=0, targetBrokerId=0] Client requested connection close from node 0 (org.apache.kafka.clients.NetworkClient)
[2023-06-03 13:20:23,943] INFO Terminating process due to signal SIGINT (org.apache.kafka.common.utils.LoggingSignalHandler)
[2023-06-03 13:20:23,945] INFO [KafkaServer id=0] shutting down (kafka.server.KafkaServer)
[2023-06-03 13:20:23,948] INFO [KafkaServer id=0] Starting controlled shutdown (kafka.server.KafkaServer)
[2023-06-03 13:20:23,960] INFO [KafkaServer id=0] No zk controller present in the metadata cache (kafka.server.KafkaServer)
[2023-06-03 13:20:26,347] INFO Terminating process due to signal SIGINT (org.apache.kafka.common.utils.LoggingSignalHandler)
[2023-06-03 13:20:27,017] INFO Terminating process due to signal SIGINT (org.apache.kafka.common.utils.LoggingSignalHandler)
[2023-06-03 13:20:27,193] INFO [Controller id=0, targetBrokerId=0] Disconnecting from node 0 due to socket connection setup timeout. The timeout value is 9321 ms. (org.apache.kafka.clients.NetworkClient)
[2023-06-03 13:20:27,193] INFO [Controller id=0, targetBrokerId=0] Client requested connection close from node 0 (org.apache.kafka.clients.NetworkClient)
[2023-06-03 13:20:27,237] INFO Terminating process due to signal SIGINT (org.apache.kafka.common.utils.LoggingSignalHandler)
[2023-06-03 13:20:27,412] INFO Terminating process due to signal SIGINT (org.apache.kafka.common.utils.LoggingSignalHandler)
[2023-06-03 13:20:27,757] INFO Terminating process due to signal SIGINT (org.apache.kafka.common.utils.LoggingSignalHandler)
[2023-06-03 13:20:28,257] INFO Terminating process due to signal SIGINT (org.apache.kafka.common.utils.LoggingSignalHandler)
[2023-06-03 13:20:28,287] INFO Terminating process due to signal SIGINT (org.apache.kafka.common.utils.LoggingSignalHandler)
[2023-06-03 13:20:28,323] INFO Terminating process due to signal SIGINT (org.apache.kafka.common.utils.LoggingSignalHandler)
[2023-06-03 13:20:28,347] INFO Terminating process due to signal SIGINT (org.apache.kafka.common.utils.LoggingSignalHandler)
[2023-06-03 13:20:28,377] INFO Terminating process due to signal SIGINT (org.apache.kafka.common.utils.LoggingSignalHandler)
[2023-06-03 13:20:28,408] INFO Terminating process due to signal SIGINT (org.apache.kafka.common.utils.LoggingSignalHandler)
[2023-06-03 13:20:28,439] INFO Terminating process due to signal SIGINT (org.apache.kafka.common.utils.LoggingSignalHandler)
[2023-06-03 13:20:28,468] INFO Terminating process due to signal SIGINT (org.apache.kafka.common.utils.LoggingSignalHandler)
[2023-06-03 13:20:28,499] INFO Terminating process due to signal SIGINT (org.apache.kafka.common.utils.LoggingSignalHandler)
[2023-06-03 13:20:28,530] INFO Terminating process due to signal SIGINT (org.apache.kafka.common.utils.LoggingSignalHandler)
[2023-06-03 13:20:28,565] INFO Terminating process due to signal SIGINT (org.apache.kafka.common.utils.LoggingSignalHandler)
[2023-06-03 13:20:28,920] INFO Terminating process due to signal SIGINT (org.apache.kafka.common.utils.LoggingSignalHandler)
[2023-06-03 13:20:28,963] INFO [KafkaServer id=0] Retrying controlled shutdown (2 retries remaining) (kafka.server.KafkaServer)
[2023-06-03 13:20:28,963] INFO [KafkaServer id=0] No zk controller present in the metadata cache (kafka.server.KafkaServer)
[2023-06-03 13:20:29,420] INFO Terminating process due to signal SIGINT (org.apache.kafka.common.utils.LoggingSignalHandler)
[2023-06-03 13:20:29,451] INFO Terminating process due to signal SIGINT (org.apache.kafka.common.utils.LoggingSignalHandler)
[2023-06-03 13:20:29,485] INFO Terminating process due to signal SIGINT (org.apache.kafka.common.utils.LoggingSignalHandler)
[2023-06-03 13:20:29,511] INFO Terminating process due to signal SIGINT (org.apache.kafka.common.utils.LoggingSignalHandler)
[2023-06-03 13:20:29,541] INFO Terminating process due to signal SIGINT (org.apache.kafka.common.utils.LoggingSignalHandler)
[2023-06-03 13:20:29,571] INFO Terminating process due to signal SIGINT (org.apache.kafka.common.utils.LoggingSignalHandler)
[2023-06-03 13:20:29,601] INFO Terminating process due to signal SIGINT (org.apache.kafka.common.utils.LoggingSignalHandler)
[2023-06-03 13:20:29,631] INFO Terminating process due to signal SIGINT (org.apache.kafka.common.utils.LoggingSignalHandler)
[2023-06-03 13:20:29,662] INFO Terminating process due to signal SIGINT (org.apache.kafka.common.utils.LoggingSignalHandler)
[2023-06-03 13:20:32,446] INFO Terminating process due to signal SIGINT (org.apache.kafka.common.utils.LoggingSignalHandler)
[2023-06-03 13:20:32,710] INFO Terminating process due to signal SIGINT (org.apache.kafka.common.utils.LoggingSignalHandler)
[2023-06-03 13:20:32,958] INFO Terminating process due to signal SIGINT (org.apache.kafka.common.utils.LoggingSignalHandler)
[2023-06-03 13:20:33,459] INFO Terminating process due to signal SIGINT (org.apache.kafka.common.utils.LoggingSignalHandler)
[2023-06-03 13:20:33,490] INFO Terminating process due to signal SIGINT (org.apache.kafka.common.utils.LoggingSignalHandler)
[2023-06-03 13:20:33,521] INFO Terminating process due to signal SIGINT (org.apache.kafka.common.utils.LoggingSignalHandler)
[2023-06-03 13:20:33,551] INFO Terminating process due to signal SIGINT (org.apache.kafka.common.utils.LoggingSignalHandler)
[2023-06-03 13:20:33,581] INFO Terminating process due to signal SIGINT (org.apache.kafka.common.utils.LoggingSignalHandler)
[2023-06-03 13:20:33,610] INFO Terminating process due to signal SIGINT (org.apache.kafka.common.utils.LoggingSignalHandler)
[2023-06-03 13:20:33,641] INFO Terminating process due to signal SIGINT (org.apache.kafka.common.utils.LoggingSignalHandler)
[2023-06-03 13:20:33,671] INFO Terminating process due to signal SIGINT (org.apache.kafka.common.utils.LoggingSignalHandler)
[2023-06-03 13:20:33,703] INFO Terminating process due to signal SIGINT (org.apache.kafka.common.utils.LoggingSignalHandler)
[2023-06-03 13:20:33,734] INFO Terminating process due to signal SIGINT (org.apache.kafka.common.utils.LoggingSignalHandler)
[2023-06-03 13:20:33,768] INFO Terminating process due to signal SIGINT (org.apache.kafka.common.utils.LoggingSignalHandler)
[2023-06-03 13:20:33,800] INFO Terminating process due to signal SIGINT (org.apache.kafka.common.utils.LoggingSignalHandler)
[2023-06-03 13:20:33,826] INFO Terminating process due to signal SIGINT (org.apache.kafka.common.utils.LoggingSignalHandler)
[2023-06-03 13:20:33,855] INFO Terminating process due to signal SIGINT (org.apache.kafka.common.utils.LoggingSignalHandler)
[2023-06-03 13:20:33,885] INFO Terminating process due to signal SIGINT (org.apache.kafka.common.utils.LoggingSignalHandler)
[2023-06-03 13:20:33,917] INFO Terminating process due to signal SIGINT (org.apache.kafka.common.utils.LoggingSignalHandler)
[2023-06-03 13:20:33,947] INFO Terminating process due to signal SIGINT (org.apache.kafka.common.utils.LoggingSignalHandler)
[2023-06-03 13:20:33,964] INFO [KafkaServer id=0] Retrying controlled shutdown (1 retries remaining) (kafka.server.KafkaServer)
[2023-06-03 13:20:33,964] INFO [KafkaServer id=0] No zk controller present in the metadata cache (kafka.server.KafkaServer)
[2023-06-03 13:20:33,975] WARN [KafkaServer id=0] Proceeding to do an unclean shutdown as all the controlled shutdown attempts failed (kafka.server.KafkaServer)
[2023-06-03 13:20:33,978] INFO Terminating process due to signal SIGINT (org.apache.kafka.common.utils.LoggingSignalHandler)
[2023-06-03 13:20:33,978] INFO [/config/changes-event-process-thread]: Shutting down (kafka.common.ZkNodeChangeNotificationListener$ChangeEventProcessThread)
[2023-06-03 13:20:33,979] INFO [/config/changes-event-process-thread]: Stopped (kafka.common.ZkNodeChangeNotificationListener$ChangeEventProcessThread)
[2023-06-03 13:20:33,979] INFO [/config/changes-event-process-thread]: Shutdown completed (kafka.common.ZkNodeChangeNotificationListener$ChangeEventProcessThread)
[2023-06-03 13:20:33,981] INFO [SocketServer listenerType=ZK_BROKER, nodeId=0] Stopping socket server request processors (kafka.network.SocketServer)
[2023-06-03 13:20:33,998] INFO [SocketServer listenerType=ZK_BROKER, nodeId=0] Stopped socket server request processors (kafka.network.SocketServer)
[2023-06-03 13:20:33,999] INFO [data-plane Kafka Request Handler on Broker 0], shutting down (kafka.server.KafkaRequestHandlerPool)
[2023-06-03 13:20:34,002] INFO [data-plane Kafka Request Handler on Broker 0], shut down completely (kafka.server.KafkaRequestHandlerPool)
[2023-06-03 13:20:34,010] INFO Terminating process due to signal SIGINT (org.apache.kafka.common.utils.LoggingSignalHandler)
[2023-06-03 13:20:34,010] INFO [ExpirationReaper-0-AlterAcls]: Shutting down (kafka.server.DelayedOperationPurgatory$ExpiredOperationReaper)
[2023-06-03 13:20:34,013] INFO [ExpirationReaper-0-AlterAcls]: Stopped (kafka.server.DelayedOperationPurgatory$ExpiredOperationReaper)
[2023-06-03 13:20:34,013] INFO [ExpirationReaper-0-AlterAcls]: Shutdown completed (kafka.server.DelayedOperationPurgatory$ExpiredOperationReaper)
[2023-06-03 13:20:34,015] INFO [KafkaApi-0] Shutdown complete. (kafka.server.KafkaApis)
[2023-06-03 13:20:34,016] INFO [ExpirationReaper-0-topic]: Shutting down (kafka.server.DelayedOperationPurgatory$ExpiredOperationReaper)
[2023-06-03 13:20:34,017] INFO [ExpirationReaper-0-topic]: Stopped (kafka.server.DelayedOperationPurgatory$ExpiredOperationReaper)
[2023-06-03 13:20:34,017] INFO [ExpirationReaper-0-topic]: Shutdown completed (kafka.server.DelayedOperationPurgatory$ExpiredOperationReaper)
[2023-06-03 13:20:34,020] INFO [TransactionCoordinator id=0] Shutting down. (kafka.coordinator.transaction.TransactionCoordinator)
[2023-06-03 13:20:34,021] INFO [Transaction State Manager 0]: Shutdown complete (kafka.coordinator.transaction.TransactionStateManager)
[2023-06-03 13:20:34,021] INFO [Transaction Marker Channel Manager 0]: Shutting down (kafka.coordinator.transaction.TransactionMarkerChannelManager)
[2023-06-03 13:20:34,022] INFO [Transaction Marker Channel Manager 0]: Stopped (kafka.coordinator.transaction.TransactionMarkerChannelManager)
[2023-06-03 13:20:34,022] INFO [Transaction Marker Channel Manager 0]: Shutdown completed (kafka.coordinator.transaction.TransactionMarkerChannelManager)
[2023-06-03 13:20:34,023] INFO [TransactionCoordinator id=0] Shutdown complete. (kafka.coordinator.transaction.TransactionCoordinator)
[2023-06-03 13:20:34,023] INFO [GroupCoordinator 0]: Shutting down. (kafka.coordinator.group.GroupCoordinator)
[2023-06-03 13:20:34,024] INFO [ExpirationReaper-0-Heartbeat]: Shutting down (kafka.server.DelayedOperationPurgatory$ExpiredOperationReaper)
[2023-06-03 13:20:34,025] INFO [ExpirationReaper-0-Heartbeat]: Stopped (kafka.server.DelayedOperationPurgatory$ExpiredOperationReaper)
[2023-06-03 13:20:34,025] INFO [ExpirationReaper-0-Heartbeat]: Shutdown completed (kafka.server.DelayedOperationPurgatory$ExpiredOperationReaper)
[2023-06-03 13:20:34,026] INFO [ExpirationReaper-0-Rebalance]: Shutting down (kafka.server.DelayedOperationPurgatory$ExpiredOperationReaper)
[2023-06-03 13:20:34,027] INFO [ExpirationReaper-0-Rebalance]: Stopped (kafka.server.DelayedOperationPurgatory$ExpiredOperationReaper)
[2023-06-03 13:20:34,027] INFO [ExpirationReaper-0-Rebalance]: Shutdown completed (kafka.server.DelayedOperationPurgatory$ExpiredOperationReaper)
[2023-06-03 13:20:34,028] INFO [GroupCoordinator 0]: Shutdown complete. (kafka.coordinator.group.GroupCoordinator)
[2023-06-03 13:20:34,029] INFO [ReplicaManager broker=0] Shutting down (kafka.server.ReplicaManager)
[2023-06-03 13:20:34,030] INFO [LogDirFailureHandler]: Shutting down (kafka.server.ReplicaManager$LogDirFailureHandler)
[2023-06-03 13:20:34,031] INFO [LogDirFailureHandler]: Shutdown completed (kafka.server.ReplicaManager$LogDirFailureHandler)
[2023-06-03 13:20:34,031] INFO [LogDirFailureHandler]: Stopped (kafka.server.ReplicaManager$LogDirFailureHandler)
[2023-06-03 13:20:34,031] INFO [ReplicaFetcherManager on broker 0] shutting down (kafka.server.ReplicaFetcherManager)
[2023-06-03 13:20:34,033] INFO [ReplicaFetcherManager on broker 0] shutdown completed (kafka.server.ReplicaFetcherManager)
[2023-06-03 13:20:34,033] INFO [ReplicaAlterLogDirsManager on broker 0] shutting down (kafka.server.ReplicaAlterLogDirsManager)
[2023-06-03 13:20:34,034] INFO [ReplicaAlterLogDirsManager on broker 0] shutdown completed (kafka.server.ReplicaAlterLogDirsManager)
[2023-06-03 13:20:34,034] INFO [ExpirationReaper-0-Fetch]: Shutting down (kafka.server.DelayedOperationPurgatory$ExpiredOperationReaper)
[2023-06-03 13:20:34,035] INFO [ExpirationReaper-0-Fetch]: Stopped (kafka.server.DelayedOperationPurgatory$ExpiredOperationReaper)
[2023-06-03 13:20:34,035] INFO [ExpirationReaper-0-Fetch]: Shutdown completed (kafka.server.DelayedOperationPurgatory$ExpiredOperationReaper)
[2023-06-03 13:20:34,036] INFO [ExpirationReaper-0-Produce]: Shutting down (kafka.server.DelayedOperationPurgatory$ExpiredOperationReaper)
[2023-06-03 13:20:34,037] INFO [ExpirationReaper-0-Produce]: Stopped (kafka.server.DelayedOperationPurgatory$ExpiredOperationReaper)
[2023-06-03 13:20:34,037] INFO [ExpirationReaper-0-Produce]: Shutdown completed (kafka.server.DelayedOperationPurgatory$ExpiredOperationReaper)
[2023-06-03 13:20:34,038] INFO [ExpirationReaper-0-DeleteRecords]: Shutting down (kafka.server.DelayedOperationPurgatory$ExpiredOperationReaper)
[2023-06-03 13:20:34,039] INFO [ExpirationReaper-0-DeleteRecords]: Stopped (kafka.server.DelayedOperationPurgatory$ExpiredOperationReaper)
[2023-06-03 13:20:34,040] INFO [ExpirationReaper-0-DeleteRecords]: Shutdown completed (kafka.server.DelayedOperationPurgatory$ExpiredOperationReaper)
[2023-06-03 13:20:34,041] INFO [ExpirationReaper-0-ElectLeader]: Shutting down (kafka.server.DelayedOperationPurgatory$ExpiredOperationReaper)
[2023-06-03 13:20:34,042] INFO [ExpirationReaper-0-ElectLeader]: Stopped (kafka.server.DelayedOperationPurgatory$ExpiredOperationReaper)
[2023-06-03 13:20:34,042] INFO [ExpirationReaper-0-ElectLeader]: Shutdown completed (kafka.server.DelayedOperationPurgatory$ExpiredOperationReaper)
[2023-06-03 13:20:34,042] INFO Terminating process due to signal SIGINT (org.apache.kafka.common.utils.LoggingSignalHandler)
[2023-06-03 13:20:34,051] INFO [ReplicaManager broker=0] Shut down completely (kafka.server.ReplicaManager)
[2023-06-03 13:20:34,051] INFO [BrokerToControllerChannelManager broker=0 name=alterPartition]: Shutting down (kafka.server.BrokerToControllerRequestThread)
[2023-06-03 13:20:34,051] INFO [BrokerToControllerChannelManager broker=0 name=alterPartition]: Stopped (kafka.server.BrokerToControllerRequestThread)
[2023-06-03 13:20:34,051] INFO [BrokerToControllerChannelManager broker=0 name=alterPartition]: Shutdown completed (kafka.server.BrokerToControllerRequestThread)
[2023-06-03 13:20:34,054] INFO Broker to controller channel manager for alterPartition shutdown (kafka.server.BrokerToControllerChannelManagerImpl)
[2023-06-03 13:20:34,055] INFO [BrokerToControllerChannelManager broker=0 name=forwarding]: Shutting down (kafka.server.BrokerToControllerRequestThread)
[2023-06-03 13:20:34,055] INFO [BrokerToControllerChannelManager broker=0 name=forwarding]: Shutdown completed (kafka.server.BrokerToControllerRequestThread)
[2023-06-03 13:20:34,055] INFO [BrokerToControllerChannelManager broker=0 name=forwarding]: Stopped (kafka.server.BrokerToControllerRequestThread)
[2023-06-03 13:20:34,056] INFO Broker to controller channel manager for forwarding shutdown (kafka.server.BrokerToControllerChannelManagerImpl)
[2023-06-03 13:20:34,057] INFO Shutting down. (kafka.log.LogManager)
[2023-06-03 13:20:34,072] INFO Terminating process due to signal SIGINT (org.apache.kafka.common.utils.LoggingSignalHandler)
[2023-06-03 13:20:34,089] INFO Shutdown complete. (kafka.log.LogManager)
[2023-06-03 13:20:34,097] INFO [Controller id=0, targetBrokerId=0] Client requested connection close from node 0 (org.apache.kafka.clients.NetworkClient)
[2023-06-03 13:20:34,099] INFO Terminating process due to signal SIGINT (org.apache.kafka.common.utils.LoggingSignalHandler)
[2023-06-03 13:20:34,101] INFO [Controller id=0, targetBrokerId=0] Client requested connection close from node 0 (org.apache.kafka.clients.NetworkClient)
[2023-06-03 13:20:34,106] INFO [feature-zk-node-event-process-thread]: Shutting down (kafka.server.FinalizedFeatureChangeListener$ChangeNotificationProcessorThread)
[2023-06-03 13:20:34,106] INFO [feature-zk-node-event-process-thread]: Stopped (kafka.server.FinalizedFeatureChangeListener$ChangeNotificationProcessorThread)
[2023-06-03 13:20:34,106] INFO [feature-zk-node-event-process-thread]: Shutdown completed (kafka.server.FinalizedFeatureChangeListener$ChangeNotificationProcessorThread)
[2023-06-03 13:20:34,108] INFO [ZooKeeperClient Kafka server] Closing. (kafka.zookeeper.ZooKeeperClient)
[2023-06-03 13:20:34,128] INFO Terminating process due to signal SIGINT (org.apache.kafka.common.utils.LoggingSignalHandler)
[2023-06-03 13:20:34,161] INFO Terminating process due to signal SIGINT (org.apache.kafka.common.utils.LoggingSignalHandler)
[2023-06-03 13:20:34,190] INFO Terminating process due to signal SIGINT (org.apache.kafka.common.utils.LoggingSignalHandler)
[2023-06-03 13:20:34,218] INFO Session: 0x10000af9d930000 closed (org.apache.zookeeper.ZooKeeper)
[2023-06-03 13:20:34,218] INFO EventThread shut down for session: 0x10000af9d930000 (org.apache.zookeeper.ClientCnxn)
[2023-06-03 13:20:34,220] INFO Terminating process due to signal SIGINT (org.apache.kafka.common.utils.LoggingSignalHandler)
[2023-06-03 13:20:34,221] INFO [ZooKeeperClient Kafka server] Closed. (kafka.zookeeper.ZooKeeperClient)
[2023-06-03 13:20:34,221] INFO [ThrottledChannelReaper-Fetch]: Shutting down (kafka.server.ClientQuotaManager$ThrottledChannelReaper)
[2023-06-03 13:20:34,223] INFO [ThrottledChannelReaper-Fetch]: Stopped (kafka.server.ClientQuotaManager$ThrottledChannelReaper)
[2023-06-03 13:20:34,224] INFO [ThrottledChannelReaper-Fetch]: Shutdown completed (kafka.server.ClientQuotaManager$ThrottledChannelReaper)
[2023-06-03 13:20:34,224] INFO [ThrottledChannelReaper-Produce]: Shutting down (kafka.server.ClientQuotaManager$ThrottledChannelReaper)
[2023-06-03 13:20:34,224] INFO [ThrottledChannelReaper-Produce]: Stopped (kafka.server.ClientQuotaManager$ThrottledChannelReaper)
[2023-06-03 13:20:34,224] INFO [ThrottledChannelReaper-Produce]: Shutdown completed (kafka.server.ClientQuotaManager$ThrottledChannelReaper)
[2023-06-03 13:20:34,224] INFO [ThrottledChannelReaper-Request]: Shutting down (kafka.server.ClientQuotaManager$ThrottledChannelReaper)
[2023-06-03 13:20:34,224] INFO [ThrottledChannelReaper-Request]: Stopped (kafka.server.ClientQuotaManager$ThrottledChannelReaper)
[2023-06-03 13:20:34,224] INFO [ThrottledChannelReaper-Request]: Shutdown completed (kafka.server.ClientQuotaManager$ThrottledChannelReaper)
[2023-06-03 13:20:34,224] INFO [ThrottledChannelReaper-ControllerMutation]: Shutting down (kafka.server.ClientQuotaManager$ThrottledChannelReaper)
[2023-06-03 13:20:34,225] INFO [ThrottledChannelReaper-ControllerMutation]: Stopped (kafka.server.ClientQuotaManager$ThrottledChannelReaper)
[2023-06-03 13:20:34,225] INFO [ThrottledChannelReaper-ControllerMutation]: Shutdown completed (kafka.server.ClientQuotaManager$ThrottledChannelReaper)
[2023-06-03 13:20:34,226] INFO [SocketServer listenerType=ZK_BROKER, nodeId=0] Shutting down socket server (kafka.network.SocketServer)
[2023-06-03 13:20:34,249] INFO Terminating process due to signal SIGINT (org.apache.kafka.common.utils.LoggingSignalHandler)
[2023-06-03 13:20:34,275] INFO [SocketServer listenerType=ZK_BROKER, nodeId=0] Shutdown completed (kafka.network.SocketServer)
[2023-06-03 13:20:34,276] INFO Metrics scheduler closed (org.apache.kafka.common.metrics.Metrics)
[2023-06-03 13:20:34,278] INFO Closing reporter org.apache.kafka.common.metrics.JmxReporter (org.apache.kafka.common.metrics.Metrics)
[2023-06-03 13:20:34,278] INFO Metrics reporters closed (org.apache.kafka.common.metrics.Metrics)
[2023-06-03 13:20:34,280] INFO Terminating process due to signal SIGINT (org.apache.kafka.common.utils.LoggingSignalHandler)
[2023-06-03 13:20:34,282] INFO Broker and topic stats closed (kafka.server.BrokerTopicStats)
[2023-06-03 13:20:34,282] INFO App info kafka.server for 0 unregistered (org.apache.kafka.common.utils.AppInfoParser)
[2023-06-03 13:20:34,283] INFO [KafkaServer id=0] shut down completed (kafka.server.KafkaServer)
