[2023-06-03 20:02:55,005] INFO [Controller id=0] Processing automatic preferred replica leader election (kafka.controller.KafkaController)
[2023-06-03 20:02:55,006] TRACE [Controller id=0] Checking need to trigger auto leader balancing (kafka.controller.KafkaController)
[2023-06-03 20:02:55,007] DEBUG [Controller id=0] Topics not in preferred replica for broker 0 HashMap() (kafka.controller.KafkaController)
[2023-06-03 20:02:55,007] TRACE [Controller id=0] Leader imbalance ratio for broker 0 is 0.0 (kafka.controller.KafkaController)
[2023-06-03 20:07:55,008] INFO [Controller id=0] Processing automatic preferred replica leader election (kafka.controller.KafkaController)
[2023-06-03 20:07:55,008] TRACE [Controller id=0] Checking need to trigger auto leader balancing (kafka.controller.KafkaController)
[2023-06-03 20:07:55,009] DEBUG [Controller id=0] Topics not in preferred replica for broker 0 HashMap() (kafka.controller.KafkaController)
[2023-06-03 20:07:55,009] TRACE [Controller id=0] Leader imbalance ratio for broker 0 is 0.0 (kafka.controller.KafkaController)
[2023-06-03 20:12:55,009] INFO [Controller id=0] Processing automatic preferred replica leader election (kafka.controller.KafkaController)
[2023-06-03 20:12:55,010] TRACE [Controller id=0] Checking need to trigger auto leader balancing (kafka.controller.KafkaController)
[2023-06-03 20:12:55,011] DEBUG [Controller id=0] Topics not in preferred replica for broker 0 HashMap() (kafka.controller.KafkaController)
[2023-06-03 20:12:55,011] TRACE [Controller id=0] Leader imbalance ratio for broker 0 is 0.0 (kafka.controller.KafkaController)
[2023-06-03 20:17:55,011] INFO [Controller id=0] Processing automatic preferred replica leader election (kafka.controller.KafkaController)
[2023-06-03 20:17:55,012] TRACE [Controller id=0] Checking need to trigger auto leader balancing (kafka.controller.KafkaController)
[2023-06-03 20:17:55,013] DEBUG [Controller id=0] Topics not in preferred replica for broker 0 HashMap() (kafka.controller.KafkaController)
[2023-06-03 20:17:55,013] TRACE [Controller id=0] Leader imbalance ratio for broker 0 is 0.0 (kafka.controller.KafkaController)
[2023-06-03 20:22:55,013] INFO [Controller id=0] Processing automatic preferred replica leader election (kafka.controller.KafkaController)
[2023-06-03 20:22:55,014] TRACE [Controller id=0] Checking need to trigger auto leader balancing (kafka.controller.KafkaController)
[2023-06-03 20:22:55,015] DEBUG [Controller id=0] Topics not in preferred replica for broker 0 HashMap() (kafka.controller.KafkaController)
[2023-06-03 20:22:55,015] TRACE [Controller id=0] Leader imbalance ratio for broker 0 is 0.0 (kafka.controller.KafkaController)
[2023-06-03 20:27:55,016] INFO [Controller id=0] Processing automatic preferred replica leader election (kafka.controller.KafkaController)
[2023-06-03 20:27:55,016] TRACE [Controller id=0] Checking need to trigger auto leader balancing (kafka.controller.KafkaController)
[2023-06-03 20:27:55,017] DEBUG [Controller id=0] Topics not in preferred replica for broker 0 HashMap() (kafka.controller.KafkaController)
[2023-06-03 20:27:55,017] TRACE [Controller id=0] Leader imbalance ratio for broker 0 is 0.0 (kafka.controller.KafkaController)
[2023-06-03 20:32:55,018] INFO [Controller id=0] Processing automatic preferred replica leader election (kafka.controller.KafkaController)
[2023-06-03 20:32:55,018] TRACE [Controller id=0] Checking need to trigger auto leader balancing (kafka.controller.KafkaController)
[2023-06-03 20:32:55,019] DEBUG [Controller id=0] Topics not in preferred replica for broker 0 HashMap() (kafka.controller.KafkaController)
[2023-06-03 20:32:55,019] TRACE [Controller id=0] Leader imbalance ratio for broker 0 is 0.0 (kafka.controller.KafkaController)
[2023-06-03 20:37:55,019] INFO [Controller id=0] Processing automatic preferred replica leader election (kafka.controller.KafkaController)
[2023-06-03 20:37:55,020] TRACE [Controller id=0] Checking need to trigger auto leader balancing (kafka.controller.KafkaController)
[2023-06-03 20:37:55,021] DEBUG [Controller id=0] Topics not in preferred replica for broker 0 HashMap() (kafka.controller.KafkaController)
[2023-06-03 20:37:55,021] TRACE [Controller id=0] Leader imbalance ratio for broker 0 is 0.0 (kafka.controller.KafkaController)
[2023-06-03 20:42:55,021] INFO [Controller id=0] Processing automatic preferred replica leader election (kafka.controller.KafkaController)
[2023-06-03 20:42:55,021] TRACE [Controller id=0] Checking need to trigger auto leader balancing (kafka.controller.KafkaController)
[2023-06-03 20:42:55,022] DEBUG [Controller id=0] Topics not in preferred replica for broker 0 HashMap() (kafka.controller.KafkaController)
[2023-06-03 20:42:55,022] TRACE [Controller id=0] Leader imbalance ratio for broker 0 is 0.0 (kafka.controller.KafkaController)
[2023-06-03 20:47:55,023] INFO [Controller id=0] Processing automatic preferred replica leader election (kafka.controller.KafkaController)
[2023-06-03 20:47:55,023] TRACE [Controller id=0] Checking need to trigger auto leader balancing (kafka.controller.KafkaController)
[2023-06-03 20:47:55,024] DEBUG [Controller id=0] Topics not in preferred replica for broker 0 HashMap() (kafka.controller.KafkaController)
[2023-06-03 20:47:55,024] TRACE [Controller id=0] Leader imbalance ratio for broker 0 is 0.0 (kafka.controller.KafkaController)
[2023-06-03 20:52:55,024] INFO [Controller id=0] Processing automatic preferred replica leader election (kafka.controller.KafkaController)
[2023-06-03 20:52:55,025] TRACE [Controller id=0] Checking need to trigger auto leader balancing (kafka.controller.KafkaController)
[2023-06-03 20:52:55,026] DEBUG [Controller id=0] Topics not in preferred replica for broker 0 HashMap() (kafka.controller.KafkaController)
[2023-06-03 20:52:55,026] TRACE [Controller id=0] Leader imbalance ratio for broker 0 is 0.0 (kafka.controller.KafkaController)
[2023-06-03 20:57:55,026] INFO [Controller id=0] Processing automatic preferred replica leader election (kafka.controller.KafkaController)
[2023-06-03 20:57:55,026] TRACE [Controller id=0] Checking need to trigger auto leader balancing (kafka.controller.KafkaController)
[2023-06-03 20:57:55,028] DEBUG [Controller id=0] Topics not in preferred replica for broker 0 HashMap() (kafka.controller.KafkaController)
[2023-06-03 20:57:55,028] TRACE [Controller id=0] Leader imbalance ratio for broker 0 is 0.0 (kafka.controller.KafkaController)
[2023-06-03 20:59:05,139] DEBUG [Controller id=0] Delete topics listener fired for topics velocidade to be deleted (kafka.controller.KafkaController)
[2023-06-03 20:59:05,139] INFO [Controller id=0] Starting topic deletion for topics velocidade (kafka.controller.KafkaController)
[2023-06-03 20:59:05,139] INFO [Topic Deletion Manager 0] Handling deletion for topics velocidade (kafka.controller.TopicDeletionManager)
[2023-06-03 20:59:05,139] INFO [Topic Deletion Manager 0] Deletion of topic velocidade (re)started (kafka.controller.TopicDeletionManager)
[2023-06-03 20:59:05,141] INFO [RequestSendThread controllerId=0] Controller 0 connected to localhost:9092 (id: 0 rack: null) for sending state change requests (kafka.controller.RequestSendThread)
[2023-06-03 20:59:05,183] DEBUG [Controller id=0] Delete topic callback invoked on StopReplica response received from broker 0: request error = NONE, partition errors = Map(velocidade-0 -> NONE) (kafka.controller.KafkaController)
[2023-06-03 20:59:05,183] DEBUG [Topic Deletion Manager 0] Deletion successfully completed for replicas [Topic=velocidade,Partition=0,Replica=0] (kafka.controller.TopicDeletionManager)
[2023-06-03 20:59:05,184] INFO [Topic Deletion Manager 0] Handling deletion for topics velocidade (kafka.controller.TopicDeletionManager)
[2023-06-03 20:59:05,208] INFO [Topic Deletion Manager 0] Deletion of topic velocidade successfully completed (kafka.controller.TopicDeletionManager)
[2023-06-03 20:59:05,209] INFO [Controller id=0] New topics: [HashSet()], deleted topics: [HashSet()], new partition replica assignment [Set()] (kafka.controller.KafkaController)
[2023-06-03 20:59:05,210] DEBUG [Controller id=0] Delete topics listener fired for topics  to be deleted (kafka.controller.KafkaController)
[2023-06-03 20:59:07,613] DEBUG [Controller id=0] Delete topics listener fired for topics rpm to be deleted (kafka.controller.KafkaController)
[2023-06-03 20:59:07,613] INFO [Controller id=0] Starting topic deletion for topics rpm (kafka.controller.KafkaController)
[2023-06-03 20:59:07,613] INFO [Topic Deletion Manager 0] Handling deletion for topics rpm (kafka.controller.TopicDeletionManager)
[2023-06-03 20:59:07,613] INFO [Topic Deletion Manager 0] Deletion of topic rpm (re)started (kafka.controller.TopicDeletionManager)
[2023-06-03 20:59:07,661] DEBUG [Controller id=0] Delete topic callback invoked on StopReplica response received from broker 0: request error = NONE, partition errors = Map(rpm-0 -> NONE) (kafka.controller.KafkaController)
[2023-06-03 20:59:07,661] DEBUG [Topic Deletion Manager 0] Deletion successfully completed for replicas [Topic=rpm,Partition=0,Replica=0] (kafka.controller.TopicDeletionManager)
[2023-06-03 20:59:07,661] INFO [Topic Deletion Manager 0] Handling deletion for topics rpm (kafka.controller.TopicDeletionManager)
[2023-06-03 20:59:07,685] INFO [Topic Deletion Manager 0] Deletion of topic rpm successfully completed (kafka.controller.TopicDeletionManager)
[2023-06-03 20:59:07,686] INFO [Controller id=0] New topics: [HashSet()], deleted topics: [HashSet()], new partition replica assignment [Set()] (kafka.controller.KafkaController)
[2023-06-03 20:59:07,687] DEBUG [Controller id=0] Delete topics listener fired for topics  to be deleted (kafka.controller.KafkaController)
[2023-06-03 20:59:10,150] DEBUG [Controller id=0] Delete topics listener fired for topics temperatura to be deleted (kafka.controller.KafkaController)
[2023-06-03 20:59:10,150] INFO [Controller id=0] Starting topic deletion for topics temperatura (kafka.controller.KafkaController)
[2023-06-03 20:59:10,150] INFO [Topic Deletion Manager 0] Handling deletion for topics temperatura (kafka.controller.TopicDeletionManager)
[2023-06-03 20:59:10,150] INFO [Topic Deletion Manager 0] Deletion of topic temperatura (re)started (kafka.controller.TopicDeletionManager)
[2023-06-03 20:59:10,196] DEBUG [Controller id=0] Delete topic callback invoked on StopReplica response received from broker 0: request error = NONE, partition errors = Map(temperatura-0 -> NONE) (kafka.controller.KafkaController)
[2023-06-03 20:59:10,196] DEBUG [Topic Deletion Manager 0] Deletion successfully completed for replicas [Topic=temperatura,Partition=0,Replica=0] (kafka.controller.TopicDeletionManager)
[2023-06-03 20:59:10,196] INFO [Topic Deletion Manager 0] Handling deletion for topics temperatura (kafka.controller.TopicDeletionManager)
[2023-06-03 20:59:10,223] INFO [Topic Deletion Manager 0] Deletion of topic temperatura successfully completed (kafka.controller.TopicDeletionManager)
[2023-06-03 20:59:10,225] INFO [Controller id=0] New topics: [HashSet()], deleted topics: [HashSet()], new partition replica assignment [Set()] (kafka.controller.KafkaController)
[2023-06-03 20:59:10,225] DEBUG [Controller id=0] Delete topics listener fired for topics  to be deleted (kafka.controller.KafkaController)
[2023-06-03 20:59:12,568] DEBUG [Controller id=0] Delete topics listener fired for topics nivel-combustivel to be deleted (kafka.controller.KafkaController)
[2023-06-03 20:59:12,569] INFO [Controller id=0] Starting topic deletion for topics nivel-combustivel (kafka.controller.KafkaController)
[2023-06-03 20:59:12,569] INFO [Topic Deletion Manager 0] Handling deletion for topics nivel-combustivel (kafka.controller.TopicDeletionManager)
[2023-06-03 20:59:12,569] INFO [Topic Deletion Manager 0] Deletion of topic nivel-combustivel (re)started (kafka.controller.TopicDeletionManager)
[2023-06-03 20:59:12,613] DEBUG [Controller id=0] Delete topic callback invoked on StopReplica response received from broker 0: request error = NONE, partition errors = Map(nivel-combustivel-0 -> NONE) (kafka.controller.KafkaController)
[2023-06-03 20:59:12,613] DEBUG [Topic Deletion Manager 0] Deletion successfully completed for replicas [Topic=nivel-combustivel,Partition=0,Replica=0] (kafka.controller.TopicDeletionManager)
[2023-06-03 20:59:12,614] INFO [Topic Deletion Manager 0] Handling deletion for topics nivel-combustivel (kafka.controller.TopicDeletionManager)
[2023-06-03 20:59:12,635] INFO [Topic Deletion Manager 0] Deletion of topic nivel-combustivel successfully completed (kafka.controller.TopicDeletionManager)
[2023-06-03 20:59:12,636] INFO [Controller id=0] New topics: [HashSet()], deleted topics: [HashSet()], new partition replica assignment [Set()] (kafka.controller.KafkaController)
[2023-06-03 20:59:12,637] DEBUG [Controller id=0] Delete topics listener fired for topics  to be deleted (kafka.controller.KafkaController)
[2023-06-03 20:59:15,248] DEBUG [Controller id=0] Delete topics listener fired for topics quilometragem to be deleted (kafka.controller.KafkaController)
[2023-06-03 20:59:15,248] INFO [Controller id=0] Starting topic deletion for topics quilometragem (kafka.controller.KafkaController)
[2023-06-03 20:59:15,249] INFO [Topic Deletion Manager 0] Handling deletion for topics quilometragem (kafka.controller.TopicDeletionManager)
[2023-06-03 20:59:15,249] INFO [Topic Deletion Manager 0] Deletion of topic quilometragem (re)started (kafka.controller.TopicDeletionManager)
[2023-06-03 20:59:15,296] DEBUG [Controller id=0] Delete topic callback invoked on StopReplica response received from broker 0: request error = NONE, partition errors = Map(quilometragem-0 -> NONE) (kafka.controller.KafkaController)
[2023-06-03 20:59:15,296] DEBUG [Topic Deletion Manager 0] Deletion successfully completed for replicas [Topic=quilometragem,Partition=0,Replica=0] (kafka.controller.TopicDeletionManager)
[2023-06-03 20:59:15,297] INFO [Topic Deletion Manager 0] Handling deletion for topics quilometragem (kafka.controller.TopicDeletionManager)
[2023-06-03 20:59:15,321] INFO [Topic Deletion Manager 0] Deletion of topic quilometragem successfully completed (kafka.controller.TopicDeletionManager)
[2023-06-03 20:59:15,322] INFO [Controller id=0] New topics: [Set()], deleted topics: [HashSet()], new partition replica assignment [Set()] (kafka.controller.KafkaController)
[2023-06-03 20:59:15,323] DEBUG [Controller id=0] Delete topics listener fired for topics  to be deleted (kafka.controller.KafkaController)
[2023-06-03 20:59:17,774] DEBUG [Controller id=0] Delete topics listener fired for topics GPS to be deleted (kafka.controller.KafkaController)
[2023-06-03 20:59:17,774] INFO [Controller id=0] Starting topic deletion for topics GPS (kafka.controller.KafkaController)
[2023-06-03 20:59:17,774] INFO [Topic Deletion Manager 0] Handling deletion for topics GPS (kafka.controller.TopicDeletionManager)
[2023-06-03 20:59:17,774] INFO [Topic Deletion Manager 0] Deletion of topic GPS (re)started (kafka.controller.TopicDeletionManager)
[2023-06-03 20:59:17,819] DEBUG [Controller id=0] Delete topic callback invoked on StopReplica response received from broker 0: request error = NONE, partition errors = Map(GPS-0 -> NONE) (kafka.controller.KafkaController)
[2023-06-03 20:59:17,820] DEBUG [Topic Deletion Manager 0] Deletion successfully completed for replicas [Topic=GPS,Partition=0,Replica=0] (kafka.controller.TopicDeletionManager)
[2023-06-03 20:59:17,820] INFO [Topic Deletion Manager 0] Handling deletion for topics GPS (kafka.controller.TopicDeletionManager)
[2023-06-03 20:59:17,840] INFO [Topic Deletion Manager 0] Deletion of topic GPS successfully completed (kafka.controller.TopicDeletionManager)
[2023-06-03 20:59:17,842] INFO [Controller id=0] New topics: [Set()], deleted topics: [HashSet()], new partition replica assignment [Set()] (kafka.controller.KafkaController)
[2023-06-03 20:59:17,843] DEBUG [Controller id=0] Delete topics listener fired for topics  to be deleted (kafka.controller.KafkaController)
[2023-06-03 20:59:20,289] DEBUG [Controller id=0] Delete topics listener fired for topics status-luzes to be deleted (kafka.controller.KafkaController)
[2023-06-03 20:59:20,289] INFO [Controller id=0] Starting topic deletion for topics status-luzes (kafka.controller.KafkaController)
[2023-06-03 20:59:20,290] INFO [Topic Deletion Manager 0] Handling deletion for topics status-luzes (kafka.controller.TopicDeletionManager)
[2023-06-03 20:59:20,290] INFO [Topic Deletion Manager 0] Deletion of topic status-luzes (re)started (kafka.controller.TopicDeletionManager)
[2023-06-03 20:59:20,334] DEBUG [Controller id=0] Delete topic callback invoked on StopReplica response received from broker 0: request error = NONE, partition errors = Map(status-luzes-0 -> NONE) (kafka.controller.KafkaController)
[2023-06-03 20:59:20,334] DEBUG [Topic Deletion Manager 0] Deletion successfully completed for replicas [Topic=status-luzes,Partition=0,Replica=0] (kafka.controller.TopicDeletionManager)
[2023-06-03 20:59:20,334] INFO [Topic Deletion Manager 0] Handling deletion for topics status-luzes (kafka.controller.TopicDeletionManager)
[2023-06-03 20:59:20,356] INFO [Topic Deletion Manager 0] Deletion of topic status-luzes successfully completed (kafka.controller.TopicDeletionManager)
[2023-06-03 20:59:20,358] INFO [Controller id=0] New topics: [Set()], deleted topics: [HashSet()], new partition replica assignment [Set()] (kafka.controller.KafkaController)
[2023-06-03 20:59:20,358] DEBUG [Controller id=0] Delete topics listener fired for topics  to be deleted (kafka.controller.KafkaController)
[2023-06-03 20:59:22,913] INFO [Controller id=0] New topics: [Set(velocidade)], deleted topics: [HashSet()], new partition replica assignment [Set(TopicIdReplicaAssignment(velocidade,Some(lKELlzH4SyKH-wWac8swvg),Map(velocidade-0 -> ReplicaAssignment(replicas=0, addingReplicas=, removingReplicas=))))] (kafka.controller.KafkaController)
[2023-06-03 20:59:22,913] INFO [Controller id=0] New partition creation callback for velocidade-0 (kafka.controller.KafkaController)
[2023-06-03 20:59:25,876] INFO [Controller id=0] New topics: [Set(rpm)], deleted topics: [HashSet()], new partition replica assignment [Set(TopicIdReplicaAssignment(rpm,Some(qlTYPOv6QJG0ASciEasUMg),Map(rpm-0 -> ReplicaAssignment(replicas=0, addingReplicas=, removingReplicas=))))] (kafka.controller.KafkaController)
[2023-06-03 20:59:25,876] INFO [Controller id=0] New partition creation callback for rpm-0 (kafka.controller.KafkaController)
[2023-06-03 20:59:28,380] INFO [Controller id=0] New topics: [HashSet(temperatura)], deleted topics: [HashSet()], new partition replica assignment [Set(TopicIdReplicaAssignment(temperatura,Some(dQr0XtqfQ6KJTKOJRwXyrw),Map(temperatura-0 -> ReplicaAssignment(replicas=0, addingReplicas=, removingReplicas=))))] (kafka.controller.KafkaController)
[2023-06-03 20:59:28,380] INFO [Controller id=0] New partition creation callback for temperatura-0 (kafka.controller.KafkaController)
[2023-06-03 20:59:31,123] INFO [Controller id=0] New topics: [HashSet(nivel-combustivel)], deleted topics: [HashSet()], new partition replica assignment [Set(TopicIdReplicaAssignment(nivel-combustivel,Some(W7UeXnTEQemzn1lajmqX4w),Map(nivel-combustivel-0 -> ReplicaAssignment(replicas=0, addingReplicas=, removingReplicas=))))] (kafka.controller.KafkaController)
[2023-06-03 20:59:31,123] INFO [Controller id=0] New partition creation callback for nivel-combustivel-0 (kafka.controller.KafkaController)
[2023-06-03 20:59:34,022] INFO [Controller id=0] New topics: [HashSet(quilometragem)], deleted topics: [HashSet()], new partition replica assignment [Set(TopicIdReplicaAssignment(quilometragem,Some(5JTgqfHmS06sEBKnOzZf9g),Map(quilometragem-0 -> ReplicaAssignment(replicas=0, addingReplicas=, removingReplicas=))))] (kafka.controller.KafkaController)
[2023-06-03 20:59:34,022] INFO [Controller id=0] New partition creation callback for quilometragem-0 (kafka.controller.KafkaController)
[2023-06-03 20:59:36,655] INFO [Controller id=0] New topics: [HashSet(GPS)], deleted topics: [HashSet()], new partition replica assignment [Set(TopicIdReplicaAssignment(GPS,Some(j3WTgsxqSZCXdlBO0wjM5Q),Map(GPS-0 -> ReplicaAssignment(replicas=0, addingReplicas=, removingReplicas=))))] (kafka.controller.KafkaController)
[2023-06-03 20:59:36,655] INFO [Controller id=0] New partition creation callback for GPS-0 (kafka.controller.KafkaController)
[2023-06-03 20:59:39,498] INFO [Controller id=0] New topics: [HashSet(status-luzes)], deleted topics: [HashSet()], new partition replica assignment [Set(TopicIdReplicaAssignment(status-luzes,Some(jzBfEB-jRUqmVvJsJH7etQ),Map(status-luzes-0 -> ReplicaAssignment(replicas=0, addingReplicas=, removingReplicas=))))] (kafka.controller.KafkaController)
[2023-06-03 20:59:39,498] INFO [Controller id=0] New partition creation callback for status-luzes-0 (kafka.controller.KafkaController)
