[2023-06-03 17:22:20,658] INFO [GroupCoordinator 0]: Dynamic member with unknown member id joins group console-consumer-66480 in Empty state. Created a new member id console-consumer-284ac584-0011-495f-846e-a6585cba8715 and request the member to rejoin with this id. (kafka.coordinator.group.GroupCoordinator)
[2023-06-03 17:22:20,663] INFO [GroupCoordinator 0]: Preparing to rebalance group console-consumer-66480 in state PreparingRebalance with old generation 0 (__consumer_offsets-5) (reason: Adding new member console-consumer-284ac584-0011-495f-846e-a6585cba8715 with group instance id None; client reason: rebalance failed due to MemberIdRequiredException) (kafka.coordinator.group.GroupCoordinator)
[2023-06-03 17:22:20,664] INFO [GroupCoordinator 0]: Stabilized group console-consumer-66480 generation 1 (__consumer_offsets-5) with 1 members (kafka.coordinator.group.GroupCoordinator)
[2023-06-03 17:22:20,675] INFO [GroupCoordinator 0]: Assignment received from leader console-consumer-284ac584-0011-495f-846e-a6585cba8715 for group console-consumer-66480 for generation 1. The group has 1 members, 0 of which are static. (kafka.coordinator.group.GroupCoordinator)
[2023-06-03 17:22:34,715] INFO [GroupCoordinator 0]: Preparing to rebalance group console-consumer-66480 in state PreparingRebalance with old generation 1 (__consumer_offsets-5) (reason: Removing member console-consumer-284ac584-0011-495f-846e-a6585cba8715 on LeaveGroup; client reason: the consumer is being closed) (kafka.coordinator.group.GroupCoordinator)
[2023-06-03 17:22:34,716] INFO [GroupCoordinator 0]: Group console-consumer-66480 with generation 2 is now empty (__consumer_offsets-5) (kafka.coordinator.group.GroupCoordinator)
[2023-06-03 17:22:34,717] INFO [GroupCoordinator 0]: Member MemberMetadata(memberId=console-consumer-284ac584-0011-495f-846e-a6585cba8715, groupInstanceId=None, clientId=console-consumer, clientHost=/127.0.0.1, sessionTimeoutMs=45000, rebalanceTimeoutMs=300000, supportedProtocols=List(range, cooperative-sticky)) has left group console-consumer-66480 through explicit `LeaveGroup`; client reason: the consumer is being closed (kafka.coordinator.group.GroupCoordinator)
[2023-06-03 17:22:49,363] INFO [GroupMetadataManager brokerId=0] Group console-consumer-66480 transitioned to Dead in generation 2 (kafka.coordinator.group.GroupMetadataManager)
[2023-06-03 17:25:14,810] INFO [GroupCoordinator 0]: Dynamic member with unknown member id joins group console-consumer-33679 in Empty state. Created a new member id console-consumer-7fa641eb-2d40-4166-8c2c-02d12fe4c0f7 and request the member to rejoin with this id. (kafka.coordinator.group.GroupCoordinator)
[2023-06-03 17:25:14,815] INFO [GroupCoordinator 0]: Preparing to rebalance group console-consumer-33679 in state PreparingRebalance with old generation 0 (__consumer_offsets-19) (reason: Adding new member console-consumer-7fa641eb-2d40-4166-8c2c-02d12fe4c0f7 with group instance id None; client reason: rebalance failed due to MemberIdRequiredException) (kafka.coordinator.group.GroupCoordinator)
[2023-06-03 17:25:14,816] INFO [GroupCoordinator 0]: Stabilized group console-consumer-33679 generation 1 (__consumer_offsets-19) with 1 members (kafka.coordinator.group.GroupCoordinator)
[2023-06-03 17:25:14,826] INFO [GroupCoordinator 0]: Assignment received from leader console-consumer-7fa641eb-2d40-4166-8c2c-02d12fe4c0f7 for group console-consumer-33679 for generation 1. The group has 1 members, 0 of which are static. (kafka.coordinator.group.GroupCoordinator)
[2023-06-03 17:28:14,886] INFO [GroupCoordinator 0]: Member console-consumer-7fa641eb-2d40-4166-8c2c-02d12fe4c0f7 in group console-consumer-33679 has failed, removing it from the group (kafka.coordinator.group.GroupCoordinator)
[2023-06-03 17:28:14,886] INFO [GroupCoordinator 0]: Preparing to rebalance group console-consumer-33679 in state PreparingRebalance with old generation 1 (__consumer_offsets-19) (reason: removing member console-consumer-7fa641eb-2d40-4166-8c2c-02d12fe4c0f7 on heartbeat expiration) (kafka.coordinator.group.GroupCoordinator)
[2023-06-03 17:28:14,886] INFO [GroupCoordinator 0]: Group console-consumer-33679 with generation 2 is now empty (__consumer_offsets-19) (kafka.coordinator.group.GroupCoordinator)
[2023-06-03 17:29:57,628] INFO [GroupCoordinator 0]: Dynamic member with unknown member id joins group console-consumer-35216 in Empty state. Created a new member id console-consumer-d098dfef-53a0-4bd5-8b30-12c95dc2d710 and request the member to rejoin with this id. (kafka.coordinator.group.GroupCoordinator)
[2023-06-03 17:29:57,633] INFO [GroupCoordinator 0]: Preparing to rebalance group console-consumer-35216 in state PreparingRebalance with old generation 0 (__consumer_offsets-18) (reason: Adding new member console-consumer-d098dfef-53a0-4bd5-8b30-12c95dc2d710 with group instance id None; client reason: rebalance failed due to MemberIdRequiredException) (kafka.coordinator.group.GroupCoordinator)
[2023-06-03 17:29:57,633] INFO [GroupCoordinator 0]: Stabilized group console-consumer-35216 generation 1 (__consumer_offsets-18) with 1 members (kafka.coordinator.group.GroupCoordinator)
[2023-06-03 17:29:57,646] INFO [GroupCoordinator 0]: Assignment received from leader console-consumer-d098dfef-53a0-4bd5-8b30-12c95dc2d710 for group console-consumer-35216 for generation 1. The group has 1 members, 0 of which are static. (kafka.coordinator.group.GroupCoordinator)
[2023-06-03 17:30:10,577] INFO [GroupCoordinator 0]: Preparing to rebalance group console-consumer-35216 in state PreparingRebalance with old generation 1 (__consumer_offsets-18) (reason: Removing member console-consumer-d098dfef-53a0-4bd5-8b30-12c95dc2d710 on LeaveGroup; client reason: the consumer is being closed) (kafka.coordinator.group.GroupCoordinator)
[2023-06-03 17:30:10,578] INFO [GroupCoordinator 0]: Group console-consumer-35216 with generation 2 is now empty (__consumer_offsets-18) (kafka.coordinator.group.GroupCoordinator)
[2023-06-03 17:30:10,579] INFO [GroupCoordinator 0]: Member MemberMetadata(memberId=console-consumer-d098dfef-53a0-4bd5-8b30-12c95dc2d710, groupInstanceId=None, clientId=console-consumer, clientHost=/127.0.0.1, sessionTimeoutMs=45000, rebalanceTimeoutMs=300000, supportedProtocols=List(range, cooperative-sticky)) has left group console-consumer-35216 through explicit `LeaveGroup`; client reason: the consumer is being closed (kafka.coordinator.group.GroupCoordinator)
[2023-06-03 17:32:49,363] INFO [GroupMetadataManager brokerId=0] Group console-consumer-33679 transitioned to Dead in generation 2 (kafka.coordinator.group.GroupMetadataManager)
[2023-06-03 17:32:49,365] INFO [GroupMetadataManager brokerId=0] Group console-consumer-35216 transitioned to Dead in generation 2 (kafka.coordinator.group.GroupMetadataManager)
