[2023-06-03 18:13:45,416] INFO [Controller id=0 epoch=6] Sending UpdateMetadata request to brokers HashSet() for 0 partitions (state.change.logger)
[2023-06-03 18:13:45,417] INFO [Controller id=0 epoch=6] Sending UpdateMetadata request to brokers HashSet() for 0 partitions (state.change.logger)
[2023-06-03 18:13:45,418] INFO [Controller id=0 epoch=6] Sending UpdateMetadata request to brokers HashSet(0) for 1 partitions (state.change.logger)
[2023-06-03 18:13:45,425] INFO [Broker id=0] Add 0 partitions and deleted 1 partitions from metadata cache in response to UpdateMetadata request sent by controller 0 epoch 6 with correlation id 17 (state.change.logger)
[2023-06-03 18:13:45,446] INFO [Controller id=0 epoch=6] Partition velocidade-0 state changed to (Leader:-1,ISR:0,LeaderRecoveryState:RECOVERED,LeaderEpoch:1,ZkVersion:1,ControllerEpoch:6) after removing replica 0 from the ISR as part of transition to OfflineReplica (state.change.logger)
[2023-06-03 18:13:45,448] INFO [Controller id=0 epoch=6] Sending UpdateMetadata request to brokers HashSet() for 0 partitions (state.change.logger)
[2023-06-03 18:13:45,451] INFO [Controller id=0 epoch=6] Sending StopReplica request for 1 replicas to broker 0 (state.change.logger)
[2023-06-03 18:13:45,456] INFO [Broker id=0] Handling StopReplica request correlationId 18 from controller 0 for 1 partitions (state.change.logger)
[2023-06-03 18:13:45,469] INFO [Controller id=0 epoch=6] Sending UpdateMetadata request to brokers HashSet() for 0 partitions (state.change.logger)
[2023-06-03 18:13:45,470] INFO [Controller id=0 epoch=6] Sending StopReplica request for 1 replicas to broker 0 (state.change.logger)
[2023-06-03 18:13:45,473] INFO [Broker id=0] Handling StopReplica request correlationId 19 from controller 0 for 1 partitions (state.change.logger)
[2023-06-03 18:13:45,543] INFO [Controller id=0 epoch=6] Sending UpdateMetadata request to brokers HashSet() for 0 partitions (state.change.logger)
[2023-06-03 18:13:45,554] INFO [Controller id=0 epoch=6] Sending UpdateMetadata request to brokers HashSet() for 0 partitions (state.change.logger)
[2023-06-03 18:13:48,205] INFO [Controller id=0 epoch=6] Sending UpdateMetadata request to brokers HashSet() for 0 partitions (state.change.logger)
[2023-06-03 18:13:48,205] INFO [Controller id=0 epoch=6] Sending UpdateMetadata request to brokers HashSet() for 0 partitions (state.change.logger)
[2023-06-03 18:13:48,205] INFO [Controller id=0 epoch=6] Sending UpdateMetadata request to brokers HashSet(0) for 1 partitions (state.change.logger)
[2023-06-03 18:13:48,206] INFO [Broker id=0] Add 0 partitions and deleted 1 partitions from metadata cache in response to UpdateMetadata request sent by controller 0 epoch 6 with correlation id 20 (state.change.logger)
[2023-06-03 18:13:48,211] INFO [Controller id=0 epoch=6] Partition rpm-0 state changed to (Leader:-1,ISR:0,LeaderRecoveryState:RECOVERED,LeaderEpoch:1,ZkVersion:1,ControllerEpoch:6) after removing replica 0 from the ISR as part of transition to OfflineReplica (state.change.logger)
[2023-06-03 18:13:48,211] INFO [Controller id=0 epoch=6] Sending UpdateMetadata request to brokers HashSet() for 0 partitions (state.change.logger)
[2023-06-03 18:13:48,211] INFO [Controller id=0 epoch=6] Sending StopReplica request for 1 replicas to broker 0 (state.change.logger)
[2023-06-03 18:13:48,212] INFO [Controller id=0 epoch=6] Sending UpdateMetadata request to brokers HashSet() for 0 partitions (state.change.logger)
[2023-06-03 18:13:48,213] INFO [Broker id=0] Handling StopReplica request correlationId 21 from controller 0 for 1 partitions (state.change.logger)
[2023-06-03 18:13:48,213] INFO [Controller id=0 epoch=6] Sending StopReplica request for 1 replicas to broker 0 (state.change.logger)
[2023-06-03 18:13:48,215] INFO [Broker id=0] Handling StopReplica request correlationId 22 from controller 0 for 1 partitions (state.change.logger)
[2023-06-03 18:13:48,251] INFO [Controller id=0 epoch=6] Sending UpdateMetadata request to brokers HashSet() for 0 partitions (state.change.logger)
[2023-06-03 18:13:48,251] INFO [Controller id=0 epoch=6] Sending UpdateMetadata request to brokers HashSet() for 0 partitions (state.change.logger)
[2023-06-03 18:13:50,748] INFO [Controller id=0 epoch=6] Sending UpdateMetadata request to brokers HashSet() for 0 partitions (state.change.logger)
[2023-06-03 18:13:50,748] INFO [Controller id=0 epoch=6] Sending UpdateMetadata request to brokers HashSet() for 0 partitions (state.change.logger)
[2023-06-03 18:13:50,748] INFO [Controller id=0 epoch=6] Sending UpdateMetadata request to brokers HashSet(0) for 1 partitions (state.change.logger)
[2023-06-03 18:13:50,749] INFO [Broker id=0] Add 0 partitions and deleted 1 partitions from metadata cache in response to UpdateMetadata request sent by controller 0 epoch 6 with correlation id 23 (state.change.logger)
[2023-06-03 18:13:50,756] INFO [Controller id=0 epoch=6] Partition temperatura-0 state changed to (Leader:-1,ISR:0,LeaderRecoveryState:RECOVERED,LeaderEpoch:1,ZkVersion:1,ControllerEpoch:6) after removing replica 0 from the ISR as part of transition to OfflineReplica (state.change.logger)
[2023-06-03 18:13:50,756] INFO [Controller id=0 epoch=6] Sending UpdateMetadata request to brokers HashSet() for 0 partitions (state.change.logger)
[2023-06-03 18:13:50,757] INFO [Controller id=0 epoch=6] Sending StopReplica request for 1 replicas to broker 0 (state.change.logger)
[2023-06-03 18:13:50,757] INFO [Controller id=0 epoch=6] Sending UpdateMetadata request to brokers HashSet() for 0 partitions (state.change.logger)
[2023-06-03 18:13:50,757] INFO [Controller id=0 epoch=6] Sending StopReplica request for 1 replicas to broker 0 (state.change.logger)
[2023-06-03 18:13:50,757] INFO [Broker id=0] Handling StopReplica request correlationId 24 from controller 0 for 1 partitions (state.change.logger)
[2023-06-03 18:13:50,759] INFO [Broker id=0] Handling StopReplica request correlationId 25 from controller 0 for 1 partitions (state.change.logger)
[2023-06-03 18:13:50,797] INFO [Controller id=0 epoch=6] Sending UpdateMetadata request to brokers HashSet() for 0 partitions (state.change.logger)
[2023-06-03 18:13:50,797] INFO [Controller id=0 epoch=6] Sending UpdateMetadata request to brokers HashSet() for 0 partitions (state.change.logger)
[2023-06-03 18:13:53,230] INFO [Controller id=0 epoch=6] Sending UpdateMetadata request to brokers HashSet() for 0 partitions (state.change.logger)
[2023-06-03 18:13:53,230] INFO [Controller id=0 epoch=6] Sending UpdateMetadata request to brokers HashSet() for 0 partitions (state.change.logger)
[2023-06-03 18:13:53,230] INFO [Controller id=0 epoch=6] Sending UpdateMetadata request to brokers HashSet(0) for 1 partitions (state.change.logger)
[2023-06-03 18:13:53,231] INFO [Broker id=0] Add 0 partitions and deleted 1 partitions from metadata cache in response to UpdateMetadata request sent by controller 0 epoch 6 with correlation id 26 (state.change.logger)
[2023-06-03 18:13:53,236] INFO [Controller id=0 epoch=6] Partition nivel-combustivel-0 state changed to (Leader:-1,ISR:0,LeaderRecoveryState:RECOVERED,LeaderEpoch:1,ZkVersion:1,ControllerEpoch:6) after removing replica 0 from the ISR as part of transition to OfflineReplica (state.change.logger)
[2023-06-03 18:13:53,236] INFO [Controller id=0 epoch=6] Sending UpdateMetadata request to brokers HashSet() for 0 partitions (state.change.logger)
[2023-06-03 18:13:53,236] INFO [Controller id=0 epoch=6] Sending StopReplica request for 1 replicas to broker 0 (state.change.logger)
[2023-06-03 18:13:53,236] INFO [Controller id=0 epoch=6] Sending UpdateMetadata request to brokers HashSet() for 0 partitions (state.change.logger)
[2023-06-03 18:13:53,237] INFO [Controller id=0 epoch=6] Sending StopReplica request for 1 replicas to broker 0 (state.change.logger)
[2023-06-03 18:13:53,238] INFO [Broker id=0] Handling StopReplica request correlationId 27 from controller 0 for 1 partitions (state.change.logger)
[2023-06-03 18:13:53,239] INFO [Broker id=0] Handling StopReplica request correlationId 28 from controller 0 for 1 partitions (state.change.logger)
[2023-06-03 18:13:53,275] INFO [Controller id=0 epoch=6] Sending UpdateMetadata request to brokers HashSet() for 0 partitions (state.change.logger)
[2023-06-03 18:13:53,276] INFO [Controller id=0 epoch=6] Sending UpdateMetadata request to brokers HashSet() for 0 partitions (state.change.logger)
[2023-06-03 18:13:55,748] INFO [Controller id=0 epoch=6] Sending UpdateMetadata request to brokers HashSet() for 0 partitions (state.change.logger)
[2023-06-03 18:13:55,748] INFO [Controller id=0 epoch=6] Sending UpdateMetadata request to brokers HashSet() for 0 partitions (state.change.logger)
[2023-06-03 18:13:55,749] INFO [Controller id=0 epoch=6] Sending UpdateMetadata request to brokers HashSet(0) for 1 partitions (state.change.logger)
[2023-06-03 18:13:55,750] INFO [Broker id=0] Add 0 partitions and deleted 1 partitions from metadata cache in response to UpdateMetadata request sent by controller 0 epoch 6 with correlation id 29 (state.change.logger)
[2023-06-03 18:13:55,756] INFO [Controller id=0 epoch=6] Partition quilometragem-0 state changed to (Leader:-1,ISR:0,LeaderRecoveryState:RECOVERED,LeaderEpoch:1,ZkVersion:1,ControllerEpoch:6) after removing replica 0 from the ISR as part of transition to OfflineReplica (state.change.logger)
[2023-06-03 18:13:55,756] INFO [Controller id=0 epoch=6] Sending UpdateMetadata request to brokers HashSet() for 0 partitions (state.change.logger)
[2023-06-03 18:13:55,756] INFO [Controller id=0 epoch=6] Sending StopReplica request for 1 replicas to broker 0 (state.change.logger)
[2023-06-03 18:13:55,756] INFO [Controller id=0 epoch=6] Sending UpdateMetadata request to brokers HashSet() for 0 partitions (state.change.logger)
[2023-06-03 18:13:55,756] INFO [Controller id=0 epoch=6] Sending StopReplica request for 1 replicas to broker 0 (state.change.logger)
[2023-06-03 18:13:55,757] INFO [Broker id=0] Handling StopReplica request correlationId 30 from controller 0 for 1 partitions (state.change.logger)
[2023-06-03 18:13:55,758] INFO [Broker id=0] Handling StopReplica request correlationId 31 from controller 0 for 1 partitions (state.change.logger)
[2023-06-03 18:13:55,796] INFO [Controller id=0 epoch=6] Sending UpdateMetadata request to brokers HashSet() for 0 partitions (state.change.logger)
[2023-06-03 18:13:55,796] INFO [Controller id=0 epoch=6] Sending UpdateMetadata request to brokers HashSet() for 0 partitions (state.change.logger)
[2023-06-03 18:13:58,273] INFO [Controller id=0 epoch=6] Sending UpdateMetadata request to brokers HashSet() for 0 partitions (state.change.logger)
[2023-06-03 18:13:58,273] INFO [Controller id=0 epoch=6] Sending UpdateMetadata request to brokers HashSet() for 0 partitions (state.change.logger)
[2023-06-03 18:13:58,273] INFO [Controller id=0 epoch=6] Sending UpdateMetadata request to brokers HashSet(0) for 1 partitions (state.change.logger)
[2023-06-03 18:13:58,274] INFO [Broker id=0] Add 0 partitions and deleted 1 partitions from metadata cache in response to UpdateMetadata request sent by controller 0 epoch 6 with correlation id 32 (state.change.logger)
[2023-06-03 18:13:58,279] INFO [Controller id=0 epoch=6] Partition GPS-0 state changed to (Leader:-1,ISR:0,LeaderRecoveryState:RECOVERED,LeaderEpoch:1,ZkVersion:1,ControllerEpoch:6) after removing replica 0 from the ISR as part of transition to OfflineReplica (state.change.logger)
[2023-06-03 18:13:58,279] INFO [Controller id=0 epoch=6] Sending UpdateMetadata request to brokers HashSet() for 0 partitions (state.change.logger)
[2023-06-03 18:13:58,279] INFO [Controller id=0 epoch=6] Sending StopReplica request for 1 replicas to broker 0 (state.change.logger)
[2023-06-03 18:13:58,279] INFO [Controller id=0 epoch=6] Sending UpdateMetadata request to brokers HashSet() for 0 partitions (state.change.logger)
[2023-06-03 18:13:58,280] INFO [Controller id=0 epoch=6] Sending StopReplica request for 1 replicas to broker 0 (state.change.logger)
[2023-06-03 18:13:58,280] INFO [Broker id=0] Handling StopReplica request correlationId 33 from controller 0 for 1 partitions (state.change.logger)
[2023-06-03 18:13:58,282] INFO [Broker id=0] Handling StopReplica request correlationId 34 from controller 0 for 1 partitions (state.change.logger)
[2023-06-03 18:13:58,319] INFO [Controller id=0 epoch=6] Sending UpdateMetadata request to brokers HashSet() for 0 partitions (state.change.logger)
[2023-06-03 18:13:58,320] INFO [Controller id=0 epoch=6] Sending UpdateMetadata request to brokers HashSet() for 0 partitions (state.change.logger)
[2023-06-03 18:14:00,853] INFO [Controller id=0 epoch=6] Sending UpdateMetadata request to brokers HashSet() for 0 partitions (state.change.logger)
[2023-06-03 18:14:00,853] INFO [Controller id=0 epoch=6] Sending UpdateMetadata request to brokers HashSet() for 0 partitions (state.change.logger)
[2023-06-03 18:14:00,854] INFO [Controller id=0 epoch=6] Sending UpdateMetadata request to brokers HashSet(0) for 1 partitions (state.change.logger)
[2023-06-03 18:14:00,855] INFO [Broker id=0] Add 0 partitions and deleted 1 partitions from metadata cache in response to UpdateMetadata request sent by controller 0 epoch 6 with correlation id 35 (state.change.logger)
[2023-06-03 18:14:00,862] INFO [Controller id=0 epoch=6] Partition status-luzes-0 state changed to (Leader:-1,ISR:0,LeaderRecoveryState:RECOVERED,LeaderEpoch:1,ZkVersion:1,ControllerEpoch:6) after removing replica 0 from the ISR as part of transition to OfflineReplica (state.change.logger)
[2023-06-03 18:14:00,862] INFO [Controller id=0 epoch=6] Sending UpdateMetadata request to brokers HashSet() for 0 partitions (state.change.logger)
[2023-06-03 18:14:00,862] INFO [Controller id=0 epoch=6] Sending StopReplica request for 1 replicas to broker 0 (state.change.logger)
[2023-06-03 18:14:00,863] INFO [Broker id=0] Handling StopReplica request correlationId 36 from controller 0 for 1 partitions (state.change.logger)
[2023-06-03 18:14:00,865] INFO [Controller id=0 epoch=6] Sending UpdateMetadata request to brokers HashSet() for 0 partitions (state.change.logger)
[2023-06-03 18:14:00,865] INFO [Controller id=0 epoch=6] Sending StopReplica request for 1 replicas to broker 0 (state.change.logger)
[2023-06-03 18:14:00,866] INFO [Broker id=0] Handling StopReplica request correlationId 37 from controller 0 for 1 partitions (state.change.logger)
[2023-06-03 18:14:00,904] INFO [Controller id=0 epoch=6] Sending UpdateMetadata request to brokers HashSet() for 0 partitions (state.change.logger)
[2023-06-03 18:14:00,904] INFO [Controller id=0 epoch=6] Sending UpdateMetadata request to brokers HashSet() for 0 partitions (state.change.logger)
[2023-06-03 18:14:03,391] INFO [Controller id=0 epoch=6] Changed partition velocidade-0 state from NonExistentPartition to NewPartition with assigned replicas 0 (state.change.logger)
[2023-06-03 18:14:03,391] INFO [Controller id=0 epoch=6] Sending UpdateMetadata request to brokers HashSet() for 0 partitions (state.change.logger)
[2023-06-03 18:14:03,391] INFO [Controller id=0 epoch=6] Sending UpdateMetadata request to brokers HashSet() for 0 partitions (state.change.logger)
[2023-06-03 18:14:03,406] INFO [Controller id=0 epoch=6] Changed partition velocidade-0 from NewPartition to OnlinePartition with state LeaderAndIsr(leader=0, leaderEpoch=0, isr=List(0), leaderRecoveryState=RECOVERED, partitionEpoch=0) (state.change.logger)
[2023-06-03 18:14:03,406] INFO [Controller id=0 epoch=6] Sending LeaderAndIsr request to broker 0 with 1 become-leader and 0 become-follower partitions (state.change.logger)
[2023-06-03 18:14:03,406] INFO [Controller id=0 epoch=6] Sending UpdateMetadata request to brokers HashSet(0) for 1 partitions (state.change.logger)
[2023-06-03 18:14:03,407] INFO [Controller id=0 epoch=6] Sending UpdateMetadata request to brokers HashSet() for 0 partitions (state.change.logger)
[2023-06-03 18:14:03,407] INFO [Broker id=0] Handling LeaderAndIsr request correlationId 38 from controller 0 for 1 partitions (state.change.logger)
[2023-06-03 18:14:03,408] INFO [Broker id=0] Stopped fetchers as part of LeaderAndIsr request correlationId 38 from controller 0 epoch 6 as part of the become-leader transition for 1 partitions (state.change.logger)
[2023-06-03 18:14:03,414] INFO [Broker id=0] Leader velocidade-0 with topic id Some(NmjV-FZsRjiTSjeND4MylA) starts at leader epoch 0 from offset 0 with partition epoch 0, high watermark 0, ISR [0], adding replicas [] and removing replicas []. Previous leader epoch was -1. (state.change.logger)
[2023-06-03 18:14:03,429] INFO [Broker id=0] Finished LeaderAndIsr request in 22ms correlationId 38 from controller 0 for 1 partitions (state.change.logger)
[2023-06-03 18:14:03,430] INFO [Broker id=0] Add 1 partitions and deleted 0 partitions from metadata cache in response to UpdateMetadata request sent by controller 0 epoch 6 with correlation id 39 (state.change.logger)
[2023-06-03 18:14:06,177] INFO [Controller id=0 epoch=6] Changed partition rpm-0 state from NonExistentPartition to NewPartition with assigned replicas 0 (state.change.logger)
[2023-06-03 18:14:06,177] INFO [Controller id=0 epoch=6] Sending UpdateMetadata request to brokers HashSet() for 0 partitions (state.change.logger)
[2023-06-03 18:14:06,177] INFO [Controller id=0 epoch=6] Sending UpdateMetadata request to brokers HashSet() for 0 partitions (state.change.logger)
[2023-06-03 18:14:06,193] INFO [Controller id=0 epoch=6] Changed partition rpm-0 from NewPartition to OnlinePartition with state LeaderAndIsr(leader=0, leaderEpoch=0, isr=List(0), leaderRecoveryState=RECOVERED, partitionEpoch=0) (state.change.logger)
[2023-06-03 18:14:06,193] INFO [Controller id=0 epoch=6] Sending LeaderAndIsr request to broker 0 with 1 become-leader and 0 become-follower partitions (state.change.logger)
[2023-06-03 18:14:06,193] INFO [Controller id=0 epoch=6] Sending UpdateMetadata request to brokers HashSet(0) for 1 partitions (state.change.logger)
[2023-06-03 18:14:06,193] INFO [Controller id=0 epoch=6] Sending UpdateMetadata request to brokers HashSet() for 0 partitions (state.change.logger)
[2023-06-03 18:14:06,194] INFO [Broker id=0] Handling LeaderAndIsr request correlationId 40 from controller 0 for 1 partitions (state.change.logger)
[2023-06-03 18:14:06,196] INFO [Broker id=0] Stopped fetchers as part of LeaderAndIsr request correlationId 40 from controller 0 epoch 6 as part of the become-leader transition for 1 partitions (state.change.logger)
[2023-06-03 18:14:06,205] INFO [Broker id=0] Leader rpm-0 with topic id Some(YIBME8uDS1KE_pakpDt46A) starts at leader epoch 0 from offset 0 with partition epoch 0, high watermark 0, ISR [0], adding replicas [] and removing replicas []. Previous leader epoch was -1. (state.change.logger)
[2023-06-03 18:14:06,215] INFO [Broker id=0] Finished LeaderAndIsr request in 21ms correlationId 40 from controller 0 for 1 partitions (state.change.logger)
[2023-06-03 18:14:06,217] INFO [Broker id=0] Add 1 partitions and deleted 0 partitions from metadata cache in response to UpdateMetadata request sent by controller 0 epoch 6 with correlation id 41 (state.change.logger)
[2023-06-03 18:14:09,642] INFO [Controller id=0 epoch=6] Changed partition temperatura-0 state from NonExistentPartition to NewPartition with assigned replicas 0 (state.change.logger)
[2023-06-03 18:14:09,642] INFO [Controller id=0 epoch=6] Sending UpdateMetadata request to brokers HashSet() for 0 partitions (state.change.logger)
[2023-06-03 18:14:09,642] INFO [Controller id=0 epoch=6] Sending UpdateMetadata request to brokers HashSet() for 0 partitions (state.change.logger)
[2023-06-03 18:14:09,659] INFO [Controller id=0 epoch=6] Changed partition temperatura-0 from NewPartition to OnlinePartition with state LeaderAndIsr(leader=0, leaderEpoch=0, isr=List(0), leaderRecoveryState=RECOVERED, partitionEpoch=0) (state.change.logger)
[2023-06-03 18:14:09,659] INFO [Controller id=0 epoch=6] Sending LeaderAndIsr request to broker 0 with 1 become-leader and 0 become-follower partitions (state.change.logger)
[2023-06-03 18:14:09,660] INFO [Controller id=0 epoch=6] Sending UpdateMetadata request to brokers HashSet(0) for 1 partitions (state.change.logger)
[2023-06-03 18:14:09,660] INFO [Controller id=0 epoch=6] Sending UpdateMetadata request to brokers HashSet() for 0 partitions (state.change.logger)
[2023-06-03 18:14:09,661] INFO [Broker id=0] Handling LeaderAndIsr request correlationId 42 from controller 0 for 1 partitions (state.change.logger)
[2023-06-03 18:14:09,662] INFO [Broker id=0] Stopped fetchers as part of LeaderAndIsr request correlationId 42 from controller 0 epoch 6 as part of the become-leader transition for 1 partitions (state.change.logger)
[2023-06-03 18:14:09,669] INFO [Broker id=0] Leader temperatura-0 with topic id Some(1iGWKhzBRgyHg7LHqXYvJw) starts at leader epoch 0 from offset 0 with partition epoch 0, high watermark 0, ISR [0], adding replicas [] and removing replicas []. Previous leader epoch was -1. (state.change.logger)
[2023-06-03 18:14:09,684] INFO [Broker id=0] Finished LeaderAndIsr request in 23ms correlationId 42 from controller 0 for 1 partitions (state.change.logger)
[2023-06-03 18:14:09,686] INFO [Broker id=0] Add 1 partitions and deleted 0 partitions from metadata cache in response to UpdateMetadata request sent by controller 0 epoch 6 with correlation id 43 (state.change.logger)
[2023-06-03 18:14:12,018] INFO [Controller id=0 epoch=6] Changed partition nivel-combustivel-0 state from NonExistentPartition to NewPartition with assigned replicas 0 (state.change.logger)
[2023-06-03 18:14:12,018] INFO [Controller id=0 epoch=6] Sending UpdateMetadata request to brokers HashSet() for 0 partitions (state.change.logger)
[2023-06-03 18:14:12,018] INFO [Controller id=0 epoch=6] Sending UpdateMetadata request to brokers HashSet() for 0 partitions (state.change.logger)
[2023-06-03 18:14:12,028] INFO [Controller id=0 epoch=6] Changed partition nivel-combustivel-0 from NewPartition to OnlinePartition with state LeaderAndIsr(leader=0, leaderEpoch=0, isr=List(0), leaderRecoveryState=RECOVERED, partitionEpoch=0) (state.change.logger)
[2023-06-03 18:14:12,028] INFO [Controller id=0 epoch=6] Sending LeaderAndIsr request to broker 0 with 1 become-leader and 0 become-follower partitions (state.change.logger)
[2023-06-03 18:14:12,029] INFO [Controller id=0 epoch=6] Sending UpdateMetadata request to brokers HashSet(0) for 1 partitions (state.change.logger)
[2023-06-03 18:14:12,029] INFO [Broker id=0] Handling LeaderAndIsr request correlationId 44 from controller 0 for 1 partitions (state.change.logger)
[2023-06-03 18:14:12,029] INFO [Controller id=0 epoch=6] Sending UpdateMetadata request to brokers HashSet() for 0 partitions (state.change.logger)
[2023-06-03 18:14:12,030] INFO [Broker id=0] Stopped fetchers as part of LeaderAndIsr request correlationId 44 from controller 0 epoch 6 as part of the become-leader transition for 1 partitions (state.change.logger)
[2023-06-03 18:14:12,037] INFO [Broker id=0] Leader nivel-combustivel-0 with topic id Some(bGGjZWxWRVaKR2VSOgwmiw) starts at leader epoch 0 from offset 0 with partition epoch 0, high watermark 0, ISR [0], adding replicas [] and removing replicas []. Previous leader epoch was -1. (state.change.logger)
[2023-06-03 18:14:12,056] INFO [Broker id=0] Finished LeaderAndIsr request in 27ms correlationId 44 from controller 0 for 1 partitions (state.change.logger)
[2023-06-03 18:14:12,057] INFO [Broker id=0] Add 1 partitions and deleted 0 partitions from metadata cache in response to UpdateMetadata request sent by controller 0 epoch 6 with correlation id 45 (state.change.logger)
[2023-06-03 18:14:14,482] INFO [Controller id=0 epoch=6] Changed partition quilometragem-0 state from NonExistentPartition to NewPartition with assigned replicas 0 (state.change.logger)
[2023-06-03 18:14:14,482] INFO [Controller id=0 epoch=6] Sending UpdateMetadata request to brokers HashSet() for 0 partitions (state.change.logger)
[2023-06-03 18:14:14,482] INFO [Controller id=0 epoch=6] Sending UpdateMetadata request to brokers HashSet() for 0 partitions (state.change.logger)
[2023-06-03 18:14:14,496] INFO [Controller id=0 epoch=6] Changed partition quilometragem-0 from NewPartition to OnlinePartition with state LeaderAndIsr(leader=0, leaderEpoch=0, isr=List(0), leaderRecoveryState=RECOVERED, partitionEpoch=0) (state.change.logger)
[2023-06-03 18:14:14,496] INFO [Controller id=0 epoch=6] Sending LeaderAndIsr request to broker 0 with 1 become-leader and 0 become-follower partitions (state.change.logger)
[2023-06-03 18:14:14,497] INFO [Controller id=0 epoch=6] Sending UpdateMetadata request to brokers HashSet(0) for 1 partitions (state.change.logger)
[2023-06-03 18:14:14,497] INFO [Controller id=0 epoch=6] Sending UpdateMetadata request to brokers HashSet() for 0 partitions (state.change.logger)
[2023-06-03 18:14:14,497] INFO [Broker id=0] Handling LeaderAndIsr request correlationId 46 from controller 0 for 1 partitions (state.change.logger)
[2023-06-03 18:14:14,498] INFO [Broker id=0] Stopped fetchers as part of LeaderAndIsr request correlationId 46 from controller 0 epoch 6 as part of the become-leader transition for 1 partitions (state.change.logger)
[2023-06-03 18:14:14,502] INFO [Broker id=0] Leader quilometragem-0 with topic id Some(oCD2ckFFRdWz2M_YdapnFA) starts at leader epoch 0 from offset 0 with partition epoch 0, high watermark 0, ISR [0], adding replicas [] and removing replicas []. Previous leader epoch was -1. (state.change.logger)
[2023-06-03 18:14:14,519] INFO [Broker id=0] Finished LeaderAndIsr request in 22ms correlationId 46 from controller 0 for 1 partitions (state.change.logger)
[2023-06-03 18:14:14,520] INFO [Broker id=0] Add 1 partitions and deleted 0 partitions from metadata cache in response to UpdateMetadata request sent by controller 0 epoch 6 with correlation id 47 (state.change.logger)
[2023-06-03 18:14:17,029] INFO [Controller id=0 epoch=6] Changed partition GPS-0 state from NonExistentPartition to NewPartition with assigned replicas 0 (state.change.logger)
[2023-06-03 18:14:17,030] INFO [Controller id=0 epoch=6] Sending UpdateMetadata request to brokers HashSet() for 0 partitions (state.change.logger)
[2023-06-03 18:14:17,030] INFO [Controller id=0 epoch=6] Sending UpdateMetadata request to brokers HashSet() for 0 partitions (state.change.logger)
[2023-06-03 18:14:17,040] INFO [Controller id=0 epoch=6] Changed partition GPS-0 from NewPartition to OnlinePartition with state LeaderAndIsr(leader=0, leaderEpoch=0, isr=List(0), leaderRecoveryState=RECOVERED, partitionEpoch=0) (state.change.logger)
[2023-06-03 18:14:17,040] INFO [Controller id=0 epoch=6] Sending LeaderAndIsr request to broker 0 with 1 become-leader and 0 become-follower partitions (state.change.logger)
[2023-06-03 18:14:17,041] INFO [Controller id=0 epoch=6] Sending UpdateMetadata request to brokers HashSet(0) for 1 partitions (state.change.logger)
[2023-06-03 18:14:17,041] INFO [Controller id=0 epoch=6] Sending UpdateMetadata request to brokers HashSet() for 0 partitions (state.change.logger)
[2023-06-03 18:14:17,041] INFO [Broker id=0] Handling LeaderAndIsr request correlationId 48 from controller 0 for 1 partitions (state.change.logger)
[2023-06-03 18:14:17,043] INFO [Broker id=0] Stopped fetchers as part of LeaderAndIsr request correlationId 48 from controller 0 epoch 6 as part of the become-leader transition for 1 partitions (state.change.logger)
[2023-06-03 18:14:17,047] INFO [Broker id=0] Leader GPS-0 with topic id Some(tAox5EqVTQSc4bMo6bf9bA) starts at leader epoch 0 from offset 0 with partition epoch 0, high watermark 0, ISR [0], adding replicas [] and removing replicas []. Previous leader epoch was -1. (state.change.logger)
[2023-06-03 18:14:17,067] INFO [Broker id=0] Finished LeaderAndIsr request in 25ms correlationId 48 from controller 0 for 1 partitions (state.change.logger)
[2023-06-03 18:14:17,068] INFO [Broker id=0] Add 1 partitions and deleted 0 partitions from metadata cache in response to UpdateMetadata request sent by controller 0 epoch 6 with correlation id 49 (state.change.logger)
[2023-06-03 18:14:19,572] INFO [Controller id=0 epoch=6] Changed partition status-luzes-0 state from NonExistentPartition to NewPartition with assigned replicas 0 (state.change.logger)
[2023-06-03 18:14:19,573] INFO [Controller id=0 epoch=6] Sending UpdateMetadata request to brokers HashSet() for 0 partitions (state.change.logger)
[2023-06-03 18:14:19,573] INFO [Controller id=0 epoch=6] Sending UpdateMetadata request to brokers HashSet() for 0 partitions (state.change.logger)
[2023-06-03 18:14:19,593] INFO [Controller id=0 epoch=6] Changed partition status-luzes-0 from NewPartition to OnlinePartition with state LeaderAndIsr(leader=0, leaderEpoch=0, isr=List(0), leaderRecoveryState=RECOVERED, partitionEpoch=0) (state.change.logger)
[2023-06-03 18:14:19,593] INFO [Controller id=0 epoch=6] Sending LeaderAndIsr request to broker 0 with 1 become-leader and 0 become-follower partitions (state.change.logger)
[2023-06-03 18:14:19,593] INFO [Controller id=0 epoch=6] Sending UpdateMetadata request to brokers HashSet(0) for 1 partitions (state.change.logger)
[2023-06-03 18:14:19,595] INFO [Broker id=0] Handling LeaderAndIsr request correlationId 50 from controller 0 for 1 partitions (state.change.logger)
[2023-06-03 18:14:19,596] INFO [Controller id=0 epoch=6] Sending UpdateMetadata request to brokers HashSet() for 0 partitions (state.change.logger)
[2023-06-03 18:14:19,597] INFO [Broker id=0] Stopped fetchers as part of LeaderAndIsr request correlationId 50 from controller 0 epoch 6 as part of the become-leader transition for 1 partitions (state.change.logger)
[2023-06-03 18:14:19,608] INFO [Broker id=0] Leader status-luzes-0 with topic id Some(J5jtyQ2vRjak5zxvq6BuMw) starts at leader epoch 0 from offset 0 with partition epoch 0, high watermark 0, ISR [0], adding replicas [] and removing replicas []. Previous leader epoch was -1. (state.change.logger)
[2023-06-03 18:14:19,621] INFO [Broker id=0] Finished LeaderAndIsr request in 27ms correlationId 50 from controller 0 for 1 partitions (state.change.logger)
[2023-06-03 18:14:19,624] INFO [Broker id=0] Add 1 partitions and deleted 0 partitions from metadata cache in response to UpdateMetadata request sent by controller 0 epoch 6 with correlation id 51 (state.change.logger)
