[2023-06-11T16:16:08.760-0300][gc,heap] Heap region size: 1M
[2023-06-11T16:16:08.771-0300][gc     ] Using G1
[2023-06-11T16:16:08.771-0300][gc,heap,coops] Heap address: 0x00000000e0000000, size: 512 MB, Compressed Oops mode: 32-bit
[2023-06-11T16:16:08.771-0300][gc,cds       ] Mark closed archive regions in map: [0x00000000fff00000, 0x00000000fff6aff8]
[2023-06-11T16:16:08.771-0300][gc,cds       ] Mark open archive regions in map: [0x00000000ffe00000, 0x00000000ffe46ff8]
[2023-06-11T16:16:11.077-0300][gc,start     ] GC(0) Pause Young (Normal) (G1 Evacuation Pause)
[2023-06-11T16:16:11.077-0300][gc,task      ] GC(0) Using 4 workers of 4 for evacuation
[2023-06-11T16:16:11.104-0300][gc,mmu       ] GC(0) MMU target violated: 21,0ms (20,0ms/21,0ms)
[2023-06-11T16:16:11.104-0300][gc,phases    ] GC(0)   Pre Evacuate Collection Set: 0,0ms
[2023-06-11T16:16:11.104-0300][gc,phases    ] GC(0)   Evacuate Collection Set: 25,8ms
[2023-06-11T16:16:11.104-0300][gc,phases    ] GC(0)   Post Evacuate Collection Set: 1,1ms
[2023-06-11T16:16:11.104-0300][gc,phases    ] GC(0)   Other: 0,6ms
[2023-06-11T16:16:11.104-0300][gc,heap      ] GC(0) Eden regions: 25->0(21)
[2023-06-11T16:16:11.104-0300][gc,heap      ] GC(0) Survivor regions: 0->4(4)
[2023-06-11T16:16:11.104-0300][gc,heap      ] GC(0) Old regions: 2->5
[2023-06-11T16:16:11.104-0300][gc,heap      ] GC(0) Humongous regions: 0->0
[2023-06-11T16:16:11.104-0300][gc,metaspace ] GC(0) Metaspace: 7522K(8192K)->7522K(8192K) NonClass: 6683K(7168K)->6683K(7168K) Class: 838K(1024K)->838K(1024K)
[2023-06-11T16:16:11.104-0300][gc           ] GC(0) Pause Young (Normal) (G1 Evacuation Pause) 25M->7M(512M) 27,676ms
[2023-06-11T16:16:11.104-0300][gc,cpu       ] GC(0) User=0,04s Sys=0,00s Real=0,03s
[2023-06-11T16:34:56.277-0300][gc,heap,exit ] Heap
[2023-06-11T16:34:56.280-0300][gc,heap,exit ]  garbage-first heap   total 524288K, used 21942K [0x00000000e0000000, 0x0000000100000000)
[2023-06-11T16:34:56.280-0300][gc,heap,exit ]   region size 1024K, 19 young (19456K), 4 survivors (4096K)
[2023-06-11T16:34:56.280-0300][gc,heap,exit ]  Metaspace       used 9206K, capacity 9598K, committed 9856K, reserved 1058816K
[2023-06-11T16:34:56.280-0300][gc,heap,exit ]   class space    used 978K, capacity 1120K, committed 1152K, reserved 1048576K
